-------------------------------------------------------------------------------
Test set: com.rentflow.ai.ProductInventoryFoundationTest
-------------------------------------------------------------------------------
Tests run: 15, Failures: 1, Errors: 0, Skipped: 0, Time elapsed: 3.195 s <<< FAILURE! -- in com.rentflow.ai.ProductInventoryFoundationTest
com.rentflow.ai.ProductInventoryFoundationTest.test15_AICopilotReservationRequiresApproval -- Time elapsed: 0.007 s <<< FAILURE!
org.opentest4j.AssertionFailedError: expected: <ACTION_REQUIRES_APPROVAL> but was: <PERMISSION_DENIED>
	at org.junit.jupiter.api.AssertionFailureBuilder.build(AssertionFailureBuilder.java:151)
	at org.junit.jupiter.api.AssertionFailureBuilder.buildAndThrow(AssertionFailureBuilder.java:132)
	at org.junit.jupiter.api.AssertEquals.failNotEqual(AssertEquals.java:197)
	at org.junit.jupiter.api.AssertEquals.assertEquals(AssertEquals.java:182)
	at org.junit.jupiter.api.AssertEquals.assertEquals(AssertEquals.java:177)
	at org.junit.jupiter.api.Assertions.assertEquals(Assertions.java:1145)
	at com.rentflow.ai.ProductInventoryFoundationTest.test15_AICopilotReservationRequiresApproval(ProductInventoryFoundationTest.java:309)
	at java.base/java.lang.reflect.Method.invoke(Method.java:565)
	at java.base/java.util.ArrayList.forEach(ArrayList.java:1612)
	at java.base/java.util.ArrayList.forEach(ArrayList.java:1612)

