<?xml version="1.0" encoding="UTF-8"?>
<testsuite xmlns:xsi="http://www.w3.org/2001/XMLSchema-instance" xsi:noNamespaceSchemaLocation="https://maven.apache.org/surefire/maven-surefire-plugin/xsd/surefire-test-report-3.0.xsd" version="3.0" name="com.rentflow.payment.PaymentServiceTest" time="0.152" tests="10" errors="0" skipped="0" failures="0">
  <properties>
[...]
</properties>
  <testcase name="testUnauthorizedRecordPayment" classname="com.rentflow.payment.PaymentServiceTest" time="0.005">
    <system-out><![CDATA[2026-08-22T18:20:27.823+05:30  INFO 39044 --- [RentFlow AI Backend] [           main] t.c.s.AnnotationConfigContextLoaderUtils : Could not detect default configuration classes for test class [com.rentflow.payment.PaymentServiceTest]: PaymentServiceTest does not declare any static, non-private, non-final, nested classes annotated with @Configuration.
2026-08-22T18:20:27.826+05:30  INFO 39044 --- [RentFlow AI Backend] [           main] .b.t.c.SpringBootTestContextBootstrapper : Found @SpringBootConfiguration com.rentflow.BackendApplication for test class com.rentflow.payment.PaymentServiceTest
]]></system-out>
  </testcase>
  <testcase name="testRecordPartialPayment" classname="com.rentflow.payment.PaymentServiceTest" time="0.016">
    <system-out><![CDATA[Hibernate: insert into booking (balance_due,booking_date,booking_number,breakdown_fee,created_at,created_by,customer_id,delivery_fee,deposit_paid,deposit_required,discount_amount,event_id,internal_notes,notes,pickup_fee,quote_id,rental_end_date_time,rental_start_date_time,service_fee,setup_fee,status,subtotal,tax_amount,tenant_id,total_amount,updated_at,id) values (?,?,?,?,?,?,?,?,?,?,?,?,?,?,?,?,?,?,?,?,?,?,?,?,?,?,?)
Hibernate: select b1_0.id,b1_0.balance_due,b1_0.booking_date,b1_0.booking_number,b1_0.breakdown_fee,b1_0.created_at,b1_0.created_by,b1_0.customer_id,b1_0.delivery_fee,b1_0.deposit_paid,b1_0.deposit_required,b1_0.discount_amount,b1_0.event_id,b1_0.internal_notes,b1_0.notes,b1_0.pickup_fee,b1_0.quote_id,b1_0.rental_end_date_time,b1_0.rental_start_date_time,b1_0.service_fee,b1_0.setup_fee,b1_0.status,b1_0.subtotal,b1_0.tax_amount,b1_0.tenant_id,b1_0.total_amount,b1_0.updated_at from booking b1_0 where b1_0.tenant_id=? and b1_0.id=?
Hibernate: select p1_0.id,p1_0.amount,p1_0.booking_id,p1_0.created_at,p1_0.created_by,p1_0.customer_id,p1_0.notes,p1_0.payment_date,p1_0.payment_method,p1_0.payment_status,p1_0.tenant_id,p1_0.transaction_reference,p1_0.updated_at from payment p1_0 where p1_0.tenant_id=? and p1_0.booking_id=? and p1_0.payment_status=?
Hibernate: select i1_0.id,i1_0.amount_paid,i1_0.balance_due,i1_0.billing_address,i1_0.booking_id,i1_0.city,i1_0.company_name,i1_0.country,i1_0.created_at,i1_0.created_by,i1_0.customer_id,i1_0.customer_name,i1_0.discount,i1_0.due_date,i1_0.email,i1_0.fees,i1_0.invoice_number,i1_0.issue_date,i1_0.notes,i1_0.phone,i1_0.state,i1_0.status,i1_0.subtotal,i1_0.tax,i1_0.tenant_id,i1_0.total_amount,i1_0.updated_at,i1_0.zip_code from invoices i1_0 where i1_0.tenant_id=? and i1_0.booking_id=?
Hibernate: select c1_0.id,c1_0.alternate_phone,c1_0.billing_address,c1_0.city,c1_0.company_name,c1_0.country,c1_0.created_at,c1_0.customer_number,c1_0.customer_type,c1_0.email,c1_0.first_name,c1_0.last_name,c1_0.notes,c1_0.phone,c1_0.shipping_address,c1_0.state,c1_0.status,c1_0.tenant_id,c1_0.updated_at,c1_0.zip_code from customers c1_0 where c1_0.id=?
Hibernate: select np1_0.id,np1_0.created_at,np1_0.customer_id,np1_0.email_enabled,np1_0.in_app_enabled,np1_0.notification_type,np1_0.sms_enabled,np1_0.tenant_id,np1_0.updated_at,np1_0.user_id from notification_preferences np1_0 where np1_0.tenant_id=? and np1_0.customer_id=? and np1_0.notification_type=?
Hibernate: select n1_0.id,n1_0.channel,n1_0.created_at,n1_0.failed_at,n1_0.failure_reason,n1_0.message,n1_0.priority,n1_0.read_at,n1_0.recipient_customer_id,n1_0.recipient_user_id,n1_0.reference_id,n1_0.reference_type,n1_0.retry_count,n1_0.sent_at,n1_0.status,n1_0.tenant_id,n1_0.title,n1_0.type,n1_0.updated_at from notifications n1_0 where n1_0.tenant_id=? and n1_0.reference_type=? and n1_0.reference_id=? and n1_0.type=? and n1_0.channel=?
Hibernate: select c1_0.id,c1_0.alternate_phone,c1_0.billing_address,c1_0.city,c1_0.company_name,c1_0.country,c1_0.created_at,c1_0.customer_number,c1_0.customer_type,c1_0.email,c1_0.first_name,c1_0.last_name,c1_0.notes,c1_0.phone,c1_0.shipping_address,c1_0.state,c1_0.status,c1_0.tenant_id,c1_0.updated_at,c1_0.zip_code from customers c1_0 where c1_0.id=?
]]></system-out>
  </testcase>
  <testcase name="testCannotVoidAlreadyVoidPayment" classname="com.rentflow.payment.PaymentServiceTest" time="0.025">
    <system-out><![CDATA[Hibernate: insert into booking (balance_due,booking_date,booking_number,breakdown_fee,created_at,created_by,customer_id,delivery_fee,deposit_paid,deposit_required,discount_amount,event_id,internal_notes,notes,pickup_fee,quote_id,rental_end_date_time,rental_start_date_time,service_fee,setup_fee,status,subtotal,tax_amount,tenant_id,total_amount,updated_at,id) values (?,?,?,?,?,?,?,?,?,?,?,?,?,?,?,?,?,?,?,?,?,?,?,?,?,?,?)
Hibernate: select b1_0.id,b1_0.balance_due,b1_0.booking_date,b1_0.booking_number,b1_0.breakdown_fee,b1_0.created_at,b1_0.created_by,b1_0.customer_id,b1_0.delivery_fee,b1_0.deposit_paid,b1_0.deposit_required,b1_0.discount_amount,b1_0.event_id,b1_0.internal_notes,b1_0.notes,b1_0.pickup_fee,b1_0.quote_id,b1_0.rental_end_date_time,b1_0.rental_start_date_time,b1_0.service_fee,b1_0.setup_fee,b1_0.status,b1_0.subtotal,b1_0.tax_amount,b1_0.tenant_id,b1_0.total_amount,b1_0.updated_at from booking b1_0 where b1_0.tenant_id=? and b1_0.id=?
Hibernate: select p1_0.id,p1_0.amount,p1_0.booking_id,p1_0.created_at,p1_0.created_by,p1_0.customer_id,p1_0.notes,p1_0.payment_date,p1_0.payment_method,p1_0.payment_status,p1_0.tenant_id,p1_0.transaction_reference,p1_0.updated_at from payment p1_0 where p1_0.tenant_id=? and p1_0.booking_id=? and p1_0.payment_status=?
Hibernate: select i1_0.id,i1_0.amount_paid,i1_0.balance_due,i1_0.billing_address,i1_0.booking_id,i1_0.city,i1_0.company_name,i1_0.country,i1_0.created_at,i1_0.created_by,i1_0.customer_id,i1_0.customer_name,i1_0.discount,i1_0.due_date,i1_0.email,i1_0.fees,i1_0.invoice_number,i1_0.issue_date,i1_0.notes,i1_0.phone,i1_0.state,i1_0.status,i1_0.subtotal,i1_0.tax,i1_0.tenant_id,i1_0.total_amount,i1_0.updated_at,i1_0.zip_code from invoices i1_0 where i1_0.tenant_id=? and i1_0.booking_id=?
Hibernate: select c1_0.id,c1_0.alternate_phone,c1_0.billing_address,c1_0.city,c1_0.company_name,c1_0.country,c1_0.created_at,c1_0.customer_number,c1_0.customer_type,c1_0.email,c1_0.first_name,c1_0.last_name,c1_0.notes,c1_0.phone,c1_0.shipping_address,c1_0.state,c1_0.status,c1_0.tenant_id,c1_0.updated_at,c1_0.zip_code from customers c1_0 where c1_0.id=?
Hibernate: select np1_0.id,np1_0.created_at,np1_0.customer_id,np1_0.email_enabled,np1_0.in_app_enabled,np1_0.notification_type,np1_0.sms_enabled,np1_0.tenant_id,np1_0.updated_at,np1_0.user_id from notification_preferences np1_0 where np1_0.tenant_id=? and np1_0.customer_id=? and np1_0.notification_type=?
Hibernate: select n1_0.id,n1_0.channel,n1_0.created_at,n1_0.failed_at,n1_0.failure_reason,n1_0.message,n1_0.priority,n1_0.read_at,n1_0.recipient_customer_id,n1_0.recipient_user_id,n1_0.reference_id,n1_0.reference_type,n1_0.retry_count,n1_0.sent_at,n1_0.status,n1_0.tenant_id,n1_0.title,n1_0.type,n1_0.updated_at from notifications n1_0 where n1_0.tenant_id=? and n1_0.reference_type=? and n1_0.reference_id=? and n1_0.type=? and n1_0.channel=?
Hibernate: select c1_0.id,c1_0.alternate_phone,c1_0.billing_address,c1_0.city,c1_0.company_name,c1_0.country,c1_0.created_at,c1_0.customer_number,c1_0.customer_type,c1_0.email,c1_0.first_name,c1_0.last_name,c1_0.notes,c1_0.phone,c1_0.shipping_address,c1_0.state,c1_0.status,c1_0.tenant_id,c1_0.updated_at,c1_0.zip_code from customers c1_0 where c1_0.id=?
Hibernate: insert into payment (amount,booking_id,created_at,created_by,customer_id,notes,payment_date,payment_method,payment_status,tenant_id,transaction_reference,updated_at,id) values (?,?,?,?,?,?,?,?,?,?,?,?,?)
Hibernate: insert into payment_audit (action,booking_id,details,payment_id,performed_by,tenant_id,timestamp,id) values (?,?,?,?,?,?,?,?)
Hibernate: insert into notifications (channel,created_at,failed_at,failure_reason,message,priority,read_at,recipient_customer_id,recipient_user_id,reference_id,reference_type,retry_count,sent_at,status,tenant_id,title,type,updated_at,id) values (?,?,?,?,?,?,?,?,?,?,?,?,?,?,?,?,?,?,?)
Hibernate: insert into notification_audit (action,details,notification_id,performed_by,tenant_id,timestamp,id) values (?,?,?,?,?,?,?)
Hibernate: insert into notification_audit (action,details,notification_id,performed_by,tenant_id,timestamp,id) values (?,?,?,?,?,?,?)
Hibernate: update booking set balance_due=?,booking_date=?,booking_number=?,breakdown_fee=?,created_at=?,created_by=?,customer_id=?,delivery_fee=?,deposit_paid=?,deposit_required=?,discount_amount=?,event_id=?,internal_notes=?,notes=?,pickup_fee=?,quote_id=?,rental_end_date_time=?,rental_start_date_time=?,service_fee=?,setup_fee=?,status=?,subtotal=?,tax_amount=?,tenant_id=?,total_amount=?,updated_at=? where id=?
Hibernate: update notifications set channel=?,created_at=?,failed_at=?,failure_reason=?,message=?,priority=?,read_at=?,recipient_customer_id=?,recipient_user_id=?,reference_id=?,reference_type=?,retry_count=?,sent_at=?,status=?,tenant_id=?,title=?,type=?,updated_at=? where id=?
Hibernate: select p1_0.id,p1_0.amount,p1_0.booking_id,p1_0.created_at,p1_0.created_by,p1_0.customer_id,p1_0.notes,p1_0.payment_date,p1_0.payment_method,p1_0.payment_status,p1_0.tenant_id,p1_0.transaction_reference,p1_0.updated_at from payment p1_0 where p1_0.tenant_id=? and p1_0.id=?
Hibernate: select b1_0.id,b1_0.balance_due,b1_0.booking_date,b1_0.booking_number,b1_0.breakdown_fee,b1_0.created_at,b1_0.created_by,b1_0.customer_id,b1_0.delivery_fee,b1_0.deposit_paid,b1_0.deposit_required,b1_0.discount_amount,b1_0.event_id,b1_0.internal_notes,b1_0.notes,b1_0.pickup_fee,b1_0.quote_id,b1_0.rental_end_date_time,b1_0.rental_start_date_time,b1_0.service_fee,b1_0.setup_fee,b1_0.status,b1_0.subtotal,b1_0.tax_amount,b1_0.tenant_id,b1_0.total_amount,b1_0.updated_at from booking b1_0 where b1_0.tenant_id=? and b1_0.id=?
Hibernate: update payment set amount=?,booking_id=?,created_by=?,customer_id=?,notes=?,payment_date=?,payment_method=?,payment_status=?,tenant_id=?,transaction_reference=?,updated_at=? where id=?
Hibernate: select p1_0.id,p1_0.amount,p1_0.booking_id,p1_0.created_at,p1_0.created_by,p1_0.customer_id,p1_0.notes,p1_0.payment_date,p1_0.payment_method,p1_0.payment_status,p1_0.tenant_id,p1_0.transaction_reference,p1_0.updated_at from payment p1_0 where p1_0.tenant_id=? and p1_0.booking_id=? and p1_0.payment_status=?
Hibernate: select i1_0.id,i1_0.amount_paid,i1_0.balance_due,i1_0.billing_address,i1_0.booking_id,i1_0.city,i1_0.company_name,i1_0.country,i1_0.created_at,i1_0.created_by,i1_0.customer_id,i1_0.customer_name,i1_0.discount,i1_0.due_date,i1_0.email,i1_0.fees,i1_0.invoice_number,i1_0.issue_date,i1_0.notes,i1_0.phone,i1_0.state,i1_0.status,i1_0.subtotal,i1_0.tax,i1_0.tenant_id,i1_0.total_amount,i1_0.updated_at,i1_0.zip_code from invoices i1_0 where i1_0.tenant_id=? and i1_0.booking_id=?
Hibernate: select p1_0.id,p1_0.amount,p1_0.booking_id,p1_0.created_at,p1_0.created_by,p1_0.customer_id,p1_0.notes,p1_0.payment_date,p1_0.payment_method,p1_0.payment_status,p1_0.tenant_id,p1_0.transaction_reference,p1_0.updated_at from payment p1_0 where p1_0.tenant_id=? and p1_0.id=?
]]></system-out>
  </testcase>
  <testcase name="testVoidPaymentRecalculation" classname="com.rentflow.payment.PaymentServiceTest" time="0.033">
    <system-out><![CDATA[Hibernate: insert into booking (balance_due,booking_date,booking_number,breakdown_fee,created_at,created_by,customer_id,delivery_fee,deposit_paid,deposit_required,discount_amount,event_id,internal_notes,notes,pickup_fee,quote_id,rental_end_date_time,rental_start_date_time,service_fee,setup_fee,status,subtotal,tax_amount,tenant_id,total_amount,updated_at,id) values (?,?,?,?,?,?,?,?,?,?,?,?,?,?,?,?,?,?,?,?,?,?,?,?,?,?,?)
Hibernate: select b1_0.id,b1_0.balance_due,b1_0.booking_date,b1_0.booking_number,b1_0.breakdown_fee,b1_0.created_at,b1_0.created_by,b1_0.customer_id,b1_0.delivery_fee,b1_0.deposit_paid,b1_0.deposit_required,b1_0.discount_amount,b1_0.event_id,b1_0.internal_notes,b1_0.notes,b1_0.pickup_fee,b1_0.quote_id,b1_0.rental_end_date_time,b1_0.rental_start_date_time,b1_0.service_fee,b1_0.setup_fee,b1_0.status,b1_0.subtotal,b1_0.tax_amount,b1_0.tenant_id,b1_0.total_amount,b1_0.updated_at from booking b1_0 where b1_0.tenant_id=? and b1_0.id=?
Hibernate: select p1_0.id,p1_0.amount,p1_0.booking_id,p1_0.created_at,p1_0.created_by,p1_0.customer_id,p1_0.notes,p1_0.payment_date,p1_0.payment_method,p1_0.payment_status,p1_0.tenant_id,p1_0.transaction_reference,p1_0.updated_at from payment p1_0 where p1_0.tenant_id=? and p1_0.booking_id=? and p1_0.payment_status=?
Hibernate: select i1_0.id,i1_0.amount_paid,i1_0.balance_due,i1_0.billing_address,i1_0.booking_id,i1_0.city,i1_0.company_name,i1_0.country,i1_0.created_at,i1_0.created_by,i1_0.customer_id,i1_0.customer_name,i1_0.discount,i1_0.due_date,i1_0.email,i1_0.fees,i1_0.invoice_number,i1_0.issue_date,i1_0.notes,i1_0.phone,i1_0.state,i1_0.status,i1_0.subtotal,i1_0.tax,i1_0.tenant_id,i1_0.total_amount,i1_0.updated_at,i1_0.zip_code from invoices i1_0 where i1_0.tenant_id=? and i1_0.booking_id=?
Hibernate: select c1_0.id,c1_0.alternate_phone,c1_0.billing_address,c1_0.city,c1_0.company_name,c1_0.country,c1_0.created_at,c1_0.customer_number,c1_0.customer_type,c1_0.email,c1_0.first_name,c1_0.last_name,c1_0.notes,c1_0.phone,c1_0.shipping_address,c1_0.state,c1_0.status,c1_0.tenant_id,c1_0.updated_at,c1_0.zip_code from customers c1_0 where c1_0.id=?
Hibernate: select np1_0.id,np1_0.created_at,np1_0.customer_id,np1_0.email_enabled,np1_0.in_app_enabled,np1_0.notification_type,np1_0.sms_enabled,np1_0.tenant_id,np1_0.updated_at,np1_0.user_id from notification_preferences np1_0 where np1_0.tenant_id=? and np1_0.customer_id=? and np1_0.notification_type=?
Hibernate: select n1_0.id,n1_0.channel,n1_0.created_at,n1_0.failed_at,n1_0.failure_reason,n1_0.message,n1_0.priority,n1_0.read_at,n1_0.recipient_customer_id,n1_0.recipient_user_id,n1_0.reference_id,n1_0.reference_type,n1_0.retry_count,n1_0.sent_at,n1_0.status,n1_0.tenant_id,n1_0.title,n1_0.type,n1_0.updated_at from notifications n1_0 where n1_0.tenant_id=? and n1_0.reference_type=? and n1_0.reference_id=? and n1_0.type=? and n1_0.channel=?
Hibernate: select c1_0.id,c1_0.alternate_phone,c1_0.billing_address,c1_0.city,c1_0.company_name,c1_0.country,c1_0.created_at,c1_0.customer_number,c1_0.customer_type,c1_0.email,c1_0.first_name,c1_0.last_name,c1_0.notes,c1_0.phone,c1_0.shipping_address,c1_0.state,c1_0.status,c1_0.tenant_id,c1_0.updated_at,c1_0.zip_code from customers c1_0 where c1_0.id=?
Hibernate: insert into payment (amount,booking_id,created_at,created_by,customer_id,notes,payment_date,payment_method,payment_status,tenant_id,transaction_reference,updated_at,id) values (?,?,?,?,?,?,?,?,?,?,?,?,?)
Hibernate: insert into payment_audit (action,booking_id,details,payment_id,performed_by,tenant_id,timestamp,id) values (?,?,?,?,?,?,?,?)
Hibernate: insert into notifications (channel,created_at,failed_at,failure_reason,message,priority,read_at,recipient_customer_id,recipient_user_id,reference_id,reference_type,retry_count,sent_at,status,tenant_id,title,type,updated_at,id) values (?,?,?,?,?,?,?,?,?,?,?,?,?,?,?,?,?,?,?)
Hibernate: insert into notification_audit (action,details,notification_id,performed_by,tenant_id,timestamp,id) values (?,?,?,?,?,?,?)
Hibernate: insert into notification_audit (action,details,notification_id,performed_by,tenant_id,timestamp,id) values (?,?,?,?,?,?,?)
Hibernate: update booking set balance_due=?,booking_date=?,booking_number=?,breakdown_fee=?,created_at=?,created_by=?,customer_id=?,delivery_fee=?,deposit_paid=?,deposit_required=?,discount_amount=?,event_id=?,internal_notes=?,notes=?,pickup_fee=?,quote_id=?,rental_end_date_time=?,rental_start_date_time=?,service_fee=?,setup_fee=?,status=?,subtotal=?,tax_amount=?,tenant_id=?,total_amount=?,updated_at=? where id=?
Hibernate: update notifications set channel=?,created_at=?,failed_at=?,failure_reason=?,message=?,priority=?,read_at=?,recipient_customer_id=?,recipient_user_id=?,reference_id=?,reference_type=?,retry_count=?,sent_at=?,status=?,tenant_id=?,title=?,type=?,updated_at=? where id=?
Hibernate: select b1_0.id,b1_0.balance_due,b1_0.booking_date,b1_0.booking_number,b1_0.breakdown_fee,b1_0.created_at,b1_0.created_by,b1_0.customer_id,b1_0.delivery_fee,b1_0.deposit_paid,b1_0.deposit_required,b1_0.discount_amount,b1_0.event_id,b1_0.internal_notes,b1_0.notes,b1_0.pickup_fee,b1_0.quote_id,b1_0.rental_end_date_time,b1_0.rental_start_date_time,b1_0.service_fee,b1_0.setup_fee,b1_0.status,b1_0.subtotal,b1_0.tax_amount,b1_0.tenant_id,b1_0.total_amount,b1_0.updated_at from booking b1_0 where b1_0.tenant_id=? and b1_0.id=?
Hibernate: select p1_0.id,p1_0.amount,p1_0.booking_id,p1_0.created_at,p1_0.created_by,p1_0.customer_id,p1_0.notes,p1_0.payment_date,p1_0.payment_method,p1_0.payment_status,p1_0.tenant_id,p1_0.transaction_reference,p1_0.updated_at from payment p1_0 where p1_0.tenant_id=? and p1_0.booking_id=? and p1_0.payment_status=?
Hibernate: select i1_0.id,i1_0.amount_paid,i1_0.balance_due,i1_0.billing_address,i1_0.booking_id,i1_0.city,i1_0.company_name,i1_0.country,i1_0.created_at,i1_0.created_by,i1_0.customer_id,i1_0.customer_name,i1_0.discount,i1_0.due_date,i1_0.email,i1_0.fees,i1_0.invoice_number,i1_0.issue_date,i1_0.notes,i1_0.phone,i1_0.state,i1_0.status,i1_0.subtotal,i1_0.tax,i1_0.tenant_id,i1_0.total_amount,i1_0.updated_at,i1_0.zip_code from invoices i1_0 where i1_0.tenant_id=? and i1_0.booking_id=?
Hibernate: select c1_0.id,c1_0.alternate_phone,c1_0.billing_address,c1_0.city,c1_0.company_name,c1_0.country,c1_0.created_at,c1_0.customer_number,c1_0.customer_type,c1_0.email,c1_0.first_name,c1_0.last_name,c1_0.notes,c1_0.phone,c1_0.shipping_address,c1_0.state,c1_0.status,c1_0.tenant_id,c1_0.updated_at,c1_0.zip_code from customers c1_0 where c1_0.id=?
Hibernate: select np1_0.id,np1_0.created_at,np1_0.customer_id,np1_0.email_enabled,np1_0.in_app_enabled,np1_0.notification_type,np1_0.sms_enabled,np1_0.tenant_id,np1_0.updated_at,np1_0.user_id from notification_preferences np1_0 where np1_0.tenant_id=? and np1_0.customer_id=? and np1_0.notification_type=?
Hibernate: select n1_0.id,n1_0.channel,n1_0.created_at,n1_0.failed_at,n1_0.failure_reason,n1_0.message,n1_0.priority,n1_0.read_at,n1_0.recipient_customer_id,n1_0.recipient_user_id,n1_0.reference_id,n1_0.reference_type,n1_0.retry_count,n1_0.sent_at,n1_0.status,n1_0.tenant_id,n1_0.title,n1_0.type,n1_0.updated_at from notifications n1_0 where n1_0.tenant_id=? and n1_0.reference_type=? and n1_0.reference_id=? and n1_0.type=? and n1_0.channel=?
Hibernate: select c1_0.id,c1_0.alternate_phone,c1_0.billing_address,c1_0.city,c1_0.company_name,c1_0.country,c1_0.created_at,c1_0.customer_number,c1_0.customer_type,c1_0.email,c1_0.first_name,c1_0.last_name,c1_0.notes,c1_0.phone,c1_0.shipping_address,c1_0.state,c1_0.status,c1_0.tenant_id,c1_0.updated_at,c1_0.zip_code from customers c1_0 where c1_0.id=?
Hibernate: insert into payment (amount,booking_id,created_at,created_by,customer_id,notes,payment_date,payment_method,payment_status,tenant_id,transaction_reference,updated_at,id) values (?,?,?,?,?,?,?,?,?,?,?,?,?)
Hibernate: insert into payment_audit (action,booking_id,details,payment_id,performed_by,tenant_id,timestamp,id) values (?,?,?,?,?,?,?,?)
Hibernate: insert into notifications (channel,created_at,failed_at,failure_reason,message,priority,read_at,recipient_customer_id,recipient_user_id,reference_id,reference_type,retry_count,sent_at,status,tenant_id,title,type,updated_at,id) values (?,?,?,?,?,?,?,?,?,?,?,?,?,?,?,?,?,?,?)
Hibernate: insert into notification_audit (action,details,notification_id,performed_by,tenant_id,timestamp,id) values (?,?,?,?,?,?,?)
Hibernate: insert into notification_audit (action,details,notification_id,performed_by,tenant_id,timestamp,id) values (?,?,?,?,?,?,?)
Hibernate: update booking set balance_due=?,booking_date=?,booking_number=?,breakdown_fee=?,created_at=?,created_by=?,customer_id=?,delivery_fee=?,deposit_paid=?,deposit_required=?,discount_amount=?,event_id=?,internal_notes=?,notes=?,pickup_fee=?,quote_id=?,rental_end_date_time=?,rental_start_date_time=?,service_fee=?,setup_fee=?,status=?,subtotal=?,tax_amount=?,tenant_id=?,total_amount=?,updated_at=? where id=?
Hibernate: update notifications set channel=?,created_at=?,failed_at=?,failure_reason=?,message=?,priority=?,read_at=?,recipient_customer_id=?,recipient_user_id=?,reference_id=?,reference_type=?,retry_count=?,sent_at=?,status=?,tenant_id=?,title=?,type=?,updated_at=? where id=?
Hibernate: select p1_0.id,p1_0.amount,p1_0.booking_id,p1_0.created_at,p1_0.created_by,p1_0.customer_id,p1_0.notes,p1_0.payment_date,p1_0.payment_method,p1_0.payment_status,p1_0.tenant_id,p1_0.transaction_reference,p1_0.updated_at from payment p1_0 where p1_0.tenant_id=? and p1_0.id=?
Hibernate: select b1_0.id,b1_0.balance_due,b1_0.booking_date,b1_0.booking_number,b1_0.breakdown_fee,b1_0.created_at,b1_0.created_by,b1_0.customer_id,b1_0.delivery_fee,b1_0.deposit_paid,b1_0.deposit_required,b1_0.discount_amount,b1_0.event_id,b1_0.internal_notes,b1_0.notes,b1_0.pickup_fee,b1_0.quote_id,b1_0.rental_end_date_time,b1_0.rental_start_date_time,b1_0.service_fee,b1_0.setup_fee,b1_0.status,b1_0.subtotal,b1_0.tax_amount,b1_0.tenant_id,b1_0.total_amount,b1_0.updated_at from booking b1_0 where b1_0.tenant_id=? and b1_0.id=?
Hibernate: update payment set amount=?,booking_id=?,created_by=?,customer_id=?,notes=?,payment_date=?,payment_method=?,payment_status=?,tenant_id=?,transaction_reference=?,updated_at=? where id=?
Hibernate: select p1_0.id,p1_0.amount,p1_0.booking_id,p1_0.created_at,p1_0.created_by,p1_0.customer_id,p1_0.notes,p1_0.payment_date,p1_0.payment_method,p1_0.payment_status,p1_0.tenant_id,p1_0.transaction_reference,p1_0.updated_at from payment p1_0 where p1_0.tenant_id=? and p1_0.booking_id=? and p1_0.payment_status=?
Hibernate: select i1_0.id,i1_0.amount_paid,i1_0.balance_due,i1_0.billing_address,i1_0.booking_id,i1_0.city,i1_0.company_name,i1_0.country,i1_0.created_at,i1_0.created_by,i1_0.customer_id,i1_0.customer_name,i1_0.discount,i1_0.due_date,i1_0.email,i1_0.fees,i1_0.invoice_number,i1_0.issue_date,i1_0.notes,i1_0.phone,i1_0.state,i1_0.status,i1_0.subtotal,i1_0.tax,i1_0.tenant_id,i1_0.total_amount,i1_0.updated_at,i1_0.zip_code from invoices i1_0 where i1_0.tenant_id=? and i1_0.booking_id=?
]]></system-out>
  </testcase>
  <testcase name="testNegativePaymentRejected" classname="com.rentflow.payment.PaymentServiceTest" time="0.004"/>
  <testcase name="testRecordFullPayment" classname="com.rentflow.payment.PaymentServiceTest" time="0.011">
    <system-out><![CDATA[Hibernate: insert into booking (balance_due,booking_date,booking_number,breakdown_fee,created_at,created_by,customer_id,delivery_fee,deposit_paid,deposit_required,discount_amount,event_id,internal_notes,notes,pickup_fee,quote_id,rental_end_date_time,rental_start_date_time,service_fee,setup_fee,status,subtotal,tax_amount,tenant_id,total_amount,updated_at,id) values (?,?,?,?,?,?,?,?,?,?,?,?,?,?,?,?,?,?,?,?,?,?,?,?,?,?,?)
Hibernate: select b1_0.id,b1_0.balance_due,b1_0.booking_date,b1_0.booking_number,b1_0.breakdown_fee,b1_0.created_at,b1_0.created_by,b1_0.customer_id,b1_0.delivery_fee,b1_0.deposit_paid,b1_0.deposit_required,b1_0.discount_amount,b1_0.event_id,b1_0.internal_notes,b1_0.notes,b1_0.pickup_fee,b1_0.quote_id,b1_0.rental_end_date_time,b1_0.rental_start_date_time,b1_0.service_fee,b1_0.setup_fee,b1_0.status,b1_0.subtotal,b1_0.tax_amount,b1_0.tenant_id,b1_0.total_amount,b1_0.updated_at from booking b1_0 where b1_0.tenant_id=? and b1_0.id=?
Hibernate: select p1_0.id,p1_0.amount,p1_0.booking_id,p1_0.created_at,p1_0.created_by,p1_0.customer_id,p1_0.notes,p1_0.payment_date,p1_0.payment_method,p1_0.payment_status,p1_0.tenant_id,p1_0.transaction_reference,p1_0.updated_at from payment p1_0 where p1_0.tenant_id=? and p1_0.booking_id=? and p1_0.payment_status=?
Hibernate: select i1_0.id,i1_0.amount_paid,i1_0.balance_due,i1_0.billing_address,i1_0.booking_id,i1_0.city,i1_0.company_name,i1_0.country,i1_0.created_at,i1_0.created_by,i1_0.customer_id,i1_0.customer_name,i1_0.discount,i1_0.due_date,i1_0.email,i1_0.fees,i1_0.invoice_number,i1_0.issue_date,i1_0.notes,i1_0.phone,i1_0.state,i1_0.status,i1_0.subtotal,i1_0.tax,i1_0.tenant_id,i1_0.total_amount,i1_0.updated_at,i1_0.zip_code from invoices i1_0 where i1_0.tenant_id=? and i1_0.booking_id=?
Hibernate: select c1_0.id,c1_0.alternate_phone,c1_0.billing_address,c1_0.city,c1_0.company_name,c1_0.country,c1_0.created_at,c1_0.customer_number,c1_0.customer_type,c1_0.email,c1_0.first_name,c1_0.last_name,c1_0.notes,c1_0.phone,c1_0.shipping_address,c1_0.state,c1_0.status,c1_0.tenant_id,c1_0.updated_at,c1_0.zip_code from customers c1_0 where c1_0.id=?
Hibernate: select np1_0.id,np1_0.created_at,np1_0.customer_id,np1_0.email_enabled,np1_0.in_app_enabled,np1_0.notification_type,np1_0.sms_enabled,np1_0.tenant_id,np1_0.updated_at,np1_0.user_id from notification_preferences np1_0 where np1_0.tenant_id=? and np1_0.customer_id=? and np1_0.notification_type=?
Hibernate: select n1_0.id,n1_0.channel,n1_0.created_at,n1_0.failed_at,n1_0.failure_reason,n1_0.message,n1_0.priority,n1_0.read_at,n1_0.recipient_customer_id,n1_0.recipient_user_id,n1_0.reference_id,n1_0.reference_type,n1_0.retry_count,n1_0.sent_at,n1_0.status,n1_0.tenant_id,n1_0.title,n1_0.type,n1_0.updated_at from notifications n1_0 where n1_0.tenant_id=? and n1_0.reference_type=? and n1_0.reference_id=? and n1_0.type=? and n1_0.channel=?
Hibernate: select c1_0.id,c1_0.alternate_phone,c1_0.billing_address,c1_0.city,c1_0.company_name,c1_0.country,c1_0.created_at,c1_0.customer_number,c1_0.customer_type,c1_0.email,c1_0.first_name,c1_0.last_name,c1_0.notes,c1_0.phone,c1_0.shipping_address,c1_0.state,c1_0.status,c1_0.tenant_id,c1_0.updated_at,c1_0.zip_code from customers c1_0 where c1_0.id=?
]]></system-out>
  </testcase>
  <testcase name="testZeroPaymentRejected" classname="com.rentflow.payment.PaymentServiceTest" time="0.004"/>
  <testcase name="testExceedingPaymentRejected" classname="com.rentflow.payment.PaymentServiceTest" time="0.006">
    <system-out><![CDATA[Hibernate: insert into booking (balance_due,booking_date,booking_number,breakdown_fee,created_at,created_by,customer_id,delivery_fee,deposit_paid,deposit_required,discount_amount,event_id,internal_notes,notes,pickup_fee,quote_id,rental_end_date_time,rental_start_date_time,service_fee,setup_fee,status,subtotal,tax_amount,tenant_id,total_amount,updated_at,id) values (?,?,?,?,?,?,?,?,?,?,?,?,?,?,?,?,?,?,?,?,?,?,?,?,?,?,?)
Hibernate: select b1_0.id,b1_0.balance_due,b1_0.booking_date,b1_0.booking_number,b1_0.breakdown_fee,b1_0.created_at,b1_0.created_by,b1_0.customer_id,b1_0.delivery_fee,b1_0.deposit_paid,b1_0.deposit_required,b1_0.discount_amount,b1_0.event_id,b1_0.internal_notes,b1_0.notes,b1_0.pickup_fee,b1_0.quote_id,b1_0.rental_end_date_time,b1_0.rental_start_date_time,b1_0.service_fee,b1_0.setup_fee,b1_0.status,b1_0.subtotal,b1_0.tax_amount,b1_0.tenant_id,b1_0.total_amount,b1_0.updated_at from booking b1_0 where b1_0.tenant_id=? and b1_0.id=?
Hibernate: select p1_0.id,p1_0.amount,p1_0.booking_id,p1_0.created_at,p1_0.created_by,p1_0.customer_id,p1_0.notes,p1_0.payment_date,p1_0.payment_method,p1_0.payment_status,p1_0.tenant_id,p1_0.transaction_reference,p1_0.updated_at from payment p1_0 where p1_0.tenant_id=? and p1_0.booking_id=? and p1_0.payment_status=?
]]></system-out>
  </testcase>
  <testcase name="testGetFinancialSummary" classname="com.rentflow.payment.PaymentServiceTest" time="0.016">
    <system-out><![CDATA[Hibernate: insert into booking (balance_due,booking_date,booking_number,breakdown_fee,created_at,created_by,customer_id,delivery_fee,deposit_paid,deposit_required,discount_amount,event_id,internal_notes,notes,pickup_fee,quote_id,rental_end_date_time,rental_start_date_time,service_fee,setup_fee,status,subtotal,tax_amount,tenant_id,total_amount,updated_at,id) values (?,?,?,?,?,?,?,?,?,?,?,?,?,?,?,?,?,?,?,?,?,?,?,?,?,?,?)
Hibernate: select b1_0.id,b1_0.balance_due,b1_0.booking_date,b1_0.booking_number,b1_0.breakdown_fee,b1_0.created_at,b1_0.created_by,b1_0.customer_id,b1_0.delivery_fee,b1_0.deposit_paid,b1_0.deposit_required,b1_0.discount_amount,b1_0.event_id,b1_0.internal_notes,b1_0.notes,b1_0.pickup_fee,b1_0.quote_id,b1_0.rental_end_date_time,b1_0.rental_start_date_time,b1_0.service_fee,b1_0.setup_fee,b1_0.status,b1_0.subtotal,b1_0.tax_amount,b1_0.tenant_id,b1_0.total_amount,b1_0.updated_at from booking b1_0 where b1_0.tenant_id=? and b1_0.id=?
Hibernate: select p1_0.id,p1_0.amount,p1_0.booking_id,p1_0.created_at,p1_0.created_by,p1_0.customer_id,p1_0.notes,p1_0.payment_date,p1_0.payment_method,p1_0.payment_status,p1_0.tenant_id,p1_0.transaction_reference,p1_0.updated_at from payment p1_0 where p1_0.tenant_id=? and p1_0.booking_id=? and p1_0.payment_status=?
Hibernate: select i1_0.id,i1_0.amount_paid,i1_0.balance_due,i1_0.billing_address,i1_0.booking_id,i1_0.city,i1_0.company_name,i1_0.country,i1_0.created_at,i1_0.created_by,i1_0.customer_id,i1_0.customer_name,i1_0.discount,i1_0.due_date,i1_0.email,i1_0.fees,i1_0.invoice_number,i1_0.issue_date,i1_0.notes,i1_0.phone,i1_0.state,i1_0.status,i1_0.subtotal,i1_0.tax,i1_0.tenant_id,i1_0.total_amount,i1_0.updated_at,i1_0.zip_code from invoices i1_0 where i1_0.tenant_id=? and i1_0.booking_id=?
Hibernate: select c1_0.id,c1_0.alternate_phone,c1_0.billing_address,c1_0.city,c1_0.company_name,c1_0.country,c1_0.created_at,c1_0.customer_number,c1_0.customer_type,c1_0.email,c1_0.first_name,c1_0.last_name,c1_0.notes,c1_0.phone,c1_0.shipping_address,c1_0.state,c1_0.status,c1_0.tenant_id,c1_0.updated_at,c1_0.zip_code from customers c1_0 where c1_0.id=?
Hibernate: select np1_0.id,np1_0.created_at,np1_0.customer_id,np1_0.email_enabled,np1_0.in_app_enabled,np1_0.notification_type,np1_0.sms_enabled,np1_0.tenant_id,np1_0.updated_at,np1_0.user_id from notification_preferences np1_0 where np1_0.tenant_id=? and np1_0.customer_id=? and np1_0.notification_type=?
Hibernate: select n1_0.id,n1_0.channel,n1_0.created_at,n1_0.failed_at,n1_0.failure_reason,n1_0.message,n1_0.priority,n1_0.read_at,n1_0.recipient_customer_id,n1_0.recipient_user_id,n1_0.reference_id,n1_0.reference_type,n1_0.retry_count,n1_0.sent_at,n1_0.status,n1_0.tenant_id,n1_0.title,n1_0.type,n1_0.updated_at from notifications n1_0 where n1_0.tenant_id=? and n1_0.reference_type=? and n1_0.reference_id=? and n1_0.type=? and n1_0.channel=?
Hibernate: select c1_0.id,c1_0.alternate_phone,c1_0.billing_address,c1_0.city,c1_0.company_name,c1_0.country,c1_0.created_at,c1_0.customer_number,c1_0.customer_type,c1_0.email,c1_0.first_name,c1_0.last_name,c1_0.notes,c1_0.phone,c1_0.shipping_address,c1_0.state,c1_0.status,c1_0.tenant_id,c1_0.updated_at,c1_0.zip_code from customers c1_0 where c1_0.id=?
Hibernate: insert into payment (amount,booking_id,created_at,created_by,customer_id,notes,payment_date,payment_method,payment_status,tenant_id,transaction_reference,updated_at,id) values (?,?,?,?,?,?,?,?,?,?,?,?,?)
Hibernate: insert into payment_audit (action,booking_id,details,payment_id,performed_by,tenant_id,timestamp,id) values (?,?,?,?,?,?,?,?)
Hibernate: insert into notifications (channel,created_at,failed_at,failure_reason,message,priority,read_at,recipient_customer_id,recipient_user_id,reference_id,reference_type,retry_count,sent_at,status,tenant_id,title,type,updated_at,id) values (?,?,?,?,?,?,?,?,?,?,?,?,?,?,?,?,?,?,?)
Hibernate: insert into notification_audit (action,details,notification_id,performed_by,tenant_id,timestamp,id) values (?,?,?,?,?,?,?)
Hibernate: insert into notification_audit (action,details,notification_id,performed_by,tenant_id,timestamp,id) values (?,?,?,?,?,?,?)
Hibernate: update booking set balance_due=?,booking_date=?,booking_number=?,breakdown_fee=?,created_at=?,created_by=?,customer_id=?,delivery_fee=?,deposit_paid=?,deposit_required=?,discount_amount=?,event_id=?,internal_notes=?,notes=?,pickup_fee=?,quote_id=?,rental_end_date_time=?,rental_start_date_time=?,service_fee=?,setup_fee=?,status=?,subtotal=?,tax_amount=?,tenant_id=?,total_amount=?,updated_at=? where id=?
Hibernate: update notifications set channel=?,created_at=?,failed_at=?,failure_reason=?,message=?,priority=?,read_at=?,recipient_customer_id=?,recipient_user_id=?,reference_id=?,reference_type=?,retry_count=?,sent_at=?,status=?,tenant_id=?,title=?,type=?,updated_at=? where id=?
Hibernate: select b1_0.id,b1_0.balance_due,b1_0.booking_date,b1_0.booking_number,b1_0.breakdown_fee,b1_0.created_at,b1_0.created_by,b1_0.customer_id,b1_0.delivery_fee,b1_0.deposit_paid,b1_0.deposit_required,b1_0.discount_amount,b1_0.event_id,b1_0.internal_notes,b1_0.notes,b1_0.pickup_fee,b1_0.quote_id,b1_0.rental_end_date_time,b1_0.rental_start_date_time,b1_0.service_fee,b1_0.setup_fee,b1_0.status,b1_0.subtotal,b1_0.tax_amount,b1_0.tenant_id,b1_0.total_amount,b1_0.updated_at from booking b1_0 where b1_0.tenant_id=? and b1_0.id=?
Hibernate: select p1_0.id,p1_0.amount,p1_0.booking_id,p1_0.created_at,p1_0.created_by,p1_0.customer_id,p1_0.notes,p1_0.payment_date,p1_0.payment_method,p1_0.payment_status,p1_0.tenant_id,p1_0.transaction_reference,p1_0.updated_at from payment p1_0 where p1_0.tenant_id=? and p1_0.booking_id=? and p1_0.payment_status=?
]]></system-out>
  </testcase>
  <testcase name="testTenantIsolation" classname="com.rentflow.payment.PaymentServiceTest" time="0.015">
    <system-out><![CDATA[Hibernate: insert into booking (balance_due,booking_date,booking_number,breakdown_fee,created_at,created_by,customer_id,delivery_fee,deposit_paid,deposit_required,discount_amount,event_id,internal_notes,notes,pickup_fee,quote_id,rental_end_date_time,rental_start_date_time,service_fee,setup_fee,status,subtotal,tax_amount,tenant_id,total_amount,updated_at,id) values (?,?,?,?,?,?,?,?,?,?,?,?,?,?,?,?,?,?,?,?,?,?,?,?,?,?,?)
Hibernate: select b1_0.id,b1_0.balance_due,b1_0.booking_date,b1_0.booking_number,b1_0.breakdown_fee,b1_0.created_at,b1_0.created_by,b1_0.customer_id,b1_0.delivery_fee,b1_0.deposit_paid,b1_0.deposit_required,b1_0.discount_amount,b1_0.event_id,b1_0.internal_notes,b1_0.notes,b1_0.pickup_fee,b1_0.quote_id,b1_0.rental_end_date_time,b1_0.rental_start_date_time,b1_0.service_fee,b1_0.setup_fee,b1_0.status,b1_0.subtotal,b1_0.tax_amount,b1_0.tenant_id,b1_0.total_amount,b1_0.updated_at from booking b1_0 where b1_0.tenant_id=? and b1_0.id=?
Hibernate: select p1_0.id,p1_0.amount,p1_0.booking_id,p1_0.created_at,p1_0.created_by,p1_0.customer_id,p1_0.notes,p1_0.payment_date,p1_0.payment_method,p1_0.payment_status,p1_0.tenant_id,p1_0.transaction_reference,p1_0.updated_at from payment p1_0 where p1_0.tenant_id=? and p1_0.booking_id=? and p1_0.payment_status=?
Hibernate: select i1_0.id,i1_0.amount_paid,i1_0.balance_due,i1_0.billing_address,i1_0.booking_id,i1_0.city,i1_0.company_name,i1_0.country,i1_0.created_at,i1_0.created_by,i1_0.customer_id,i1_0.customer_name,i1_0.discount,i1_0.due_date,i1_0.email,i1_0.fees,i1_0.invoice_number,i1_0.issue_date,i1_0.notes,i1_0.phone,i1_0.state,i1_0.status,i1_0.subtotal,i1_0.tax,i1_0.tenant_id,i1_0.total_amount,i1_0.updated_at,i1_0.zip_code from invoices i1_0 where i1_0.tenant_id=? and i1_0.booking_id=?
Hibernate: select c1_0.id,c1_0.alternate_phone,c1_0.billing_address,c1_0.city,c1_0.company_name,c1_0.country,c1_0.created_at,c1_0.customer_number,c1_0.customer_type,c1_0.email,c1_0.first_name,c1_0.last_name,c1_0.notes,c1_0.phone,c1_0.shipping_address,c1_0.state,c1_0.status,c1_0.tenant_id,c1_0.updated_at,c1_0.zip_code from customers c1_0 where c1_0.id=?
Hibernate: select np1_0.id,np1_0.created_at,np1_0.customer_id,np1_0.email_enabled,np1_0.in_app_enabled,np1_0.notification_type,np1_0.sms_enabled,np1_0.tenant_id,np1_0.updated_at,np1_0.user_id from notification_preferences np1_0 where np1_0.tenant_id=? and np1_0.customer_id=? and np1_0.notification_type=?
Hibernate: select n1_0.id,n1_0.channel,n1_0.created_at,n1_0.failed_at,n1_0.failure_reason,n1_0.message,n1_0.priority,n1_0.read_at,n1_0.recipient_customer_id,n1_0.recipient_user_id,n1_0.reference_id,n1_0.reference_type,n1_0.retry_count,n1_0.sent_at,n1_0.status,n1_0.tenant_id,n1_0.title,n1_0.type,n1_0.updated_at from notifications n1_0 where n1_0.tenant_id=? and n1_0.reference_type=? and n1_0.reference_id=? and n1_0.type=? and n1_0.channel=?
Hibernate: select c1_0.id,c1_0.alternate_phone,c1_0.billing_address,c1_0.city,c1_0.company_name,c1_0.country,c1_0.created_at,c1_0.customer_number,c1_0.customer_type,c1_0.email,c1_0.first_name,c1_0.last_name,c1_0.notes,c1_0.phone,c1_0.shipping_address,c1_0.state,c1_0.status,c1_0.tenant_id,c1_0.updated_at,c1_0.zip_code from customers c1_0 where c1_0.id=?
Hibernate: insert into payment (amount,booking_id,created_at,created_by,customer_id,notes,payment_date,payment_method,payment_status,tenant_id,transaction_reference,updated_at,id) values (?,?,?,?,?,?,?,?,?,?,?,?,?)
Hibernate: insert into payment_audit (action,booking_id,details,payment_id,performed_by,tenant_id,timestamp,id) values (?,?,?,?,?,?,?,?)
Hibernate: insert into notifications (channel,created_at,failed_at,failure_reason,message,priority,read_at,recipient_customer_id,recipient_user_id,reference_id,reference_type,retry_count,sent_at,status,tenant_id,title,type,updated_at,id) values (?,?,?,?,?,?,?,?,?,?,?,?,?,?,?,?,?,?,?)
Hibernate: insert into notification_audit (action,details,notification_id,performed_by,tenant_id,timestamp,id) values (?,?,?,?,?,?,?)
Hibernate: insert into notification_audit (action,details,notification_id,performed_by,tenant_id,timestamp,id) values (?,?,?,?,?,?,?)
Hibernate: update booking set balance_due=?,booking_date=?,booking_number=?,breakdown_fee=?,created_at=?,created_by=?,customer_id=?,delivery_fee=?,deposit_paid=?,deposit_required=?,discount_amount=?,event_id=?,internal_notes=?,notes=?,pickup_fee=?,quote_id=?,rental_end_date_time=?,rental_start_date_time=?,service_fee=?,setup_fee=?,status=?,subtotal=?,tax_amount=?,tenant_id=?,total_amount=?,updated_at=? where id=?
Hibernate: update notifications set channel=?,created_at=?,failed_at=?,failure_reason=?,message=?,priority=?,read_at=?,recipient_customer_id=?,recipient_user_id=?,reference_id=?,reference_type=?,retry_count=?,sent_at=?,status=?,tenant_id=?,title=?,type=?,updated_at=? where id=?
Hibernate: select b1_0.id,b1_0.balance_due,b1_0.booking_date,b1_0.booking_number,b1_0.breakdown_fee,b1_0.created_at,b1_0.created_by,b1_0.customer_id,b1_0.delivery_fee,b1_0.deposit_paid,b1_0.deposit_required,b1_0.discount_amount,b1_0.event_id,b1_0.internal_notes,b1_0.notes,b1_0.pickup_fee,b1_0.quote_id,b1_0.rental_end_date_time,b1_0.rental_start_date_time,b1_0.service_fee,b1_0.setup_fee,b1_0.status,b1_0.subtotal,b1_0.tax_amount,b1_0.tenant_id,b1_0.total_amount,b1_0.updated_at from booking b1_0 where b1_0.tenant_id=? and b1_0.id=?
]]></system-out>
  </testcase>
</testsuite>