<?xml version="1.0" encoding="UTF-8"?>
<testsuite xmlns:xsi="http://www.w3.org/2001/XMLSchema-instance" xsi:noNamespaceSchemaLocation="https://maven.apache.org/surefire/maven-surefire-plugin/xsd/surefire-test-report-3.0.xsd" version="3.0" name="com.rentflow.ai.ProductInventoryFoundationTest" time="3.195" tests="15" errors="0" skipped="0" failures="1">
  <properties>
[...]
</properties>
  <testcase name="test11_InventoryAdjustmentCreatesTransaction" classname="com.rentflow.ai.ProductInventoryFoundationTest" time="0.462">
    <system-out><![CDATA[2026-08-17T23:05:46.335+05:30  INFO 26368 --- [RentFlow AI Backend] [           main] t.c.s.AnnotationConfigContextLoaderUtils : Could not detect default configuration classes for test class [com.rentflow.ai.ProductInventoryFoundationTest]: ProductInventoryFoundationTest does not declare any static, non-private, non-final, nested classes annotated with @Configuration.
2026-08-17T23:05:46.340+05:30  INFO 26368 --- [RentFlow AI Backend] [           main] .b.t.c.SpringBootTestContextBootstrapper : Found @SpringBootConfiguration com.rentflow.BackendApplication for test class com.rentflow.ai.ProductInventoryFoundationTest

  .   ____          _            __ _ _
 /\\ / ___'_ __ _ _(_)_ __  __ _ \ \ \ \
( ( )\___ | '_ | '_| | '_ \/ _` | \ \ \ \
 \\/  ___)| |_)| | | | | || (_| |  ) ) ) )
  '  |____| .__|_| |_|_| |_\__, | / / / /
 =========|_|==============|___/=/_/_/_/
 :: Spring Boot ::                (v3.2.4)

2026-08-17T23:05:46.431+05:30  INFO 26368 --- [RentFlow AI Backend] [           main] c.r.ai.ProductInventoryFoundationTest    : Starting ProductInventoryFoundationTest using Java 26.0.1 with PID 26368 (started by yarra in C:\dev\rentflow-ai\backend)
2026-08-17T23:05:46.433+05:30  INFO 26368 --- [RentFlow AI Backend] [           main] c.r.ai.ProductInventoryFoundationTest    : No active profile set, falling back to 1 default profile: "default"
2026-08-17T23:05:46.812+05:30  INFO 26368 --- [RentFlow AI Backend] [           main] .s.d.r.c.RepositoryConfigurationDelegate : Bootstrapping Spring Data JPA repositories in DEFAULT mode.
2026-08-17T23:05:46.871+05:30  INFO 26368 --- [RentFlow AI Backend] [           main] .s.d.r.c.RepositoryConfigurationDelegate : Finished Spring Data repository scanning in 59 ms. Found 17 JPA repository interfaces.
2026-08-17T23:05:47.207+05:30  INFO 26368 --- [RentFlow AI Backend] [           main] o.s.b.w.embedded.tomcat.TomcatWebServer  : Tomcat initialized with port 0 (http)
2026-08-17T23:05:47.232+05:30  INFO 26368 --- [RentFlow AI Backend] [           main] o.apache.catalina.core.StandardService   : Starting service [Tomcat]
2026-08-17T23:05:47.233+05:30  INFO 26368 --- [RentFlow AI Backend] [           main] o.apache.catalina.core.StandardEngine    : Starting Servlet engine: [Apache Tomcat/10.1.19]
2026-08-17T23:05:47.333+05:30  INFO 26368 --- [RentFlow AI Backend] [           main] o.a.c.c.C.[Tomcat].[localhost].[/]       : Initializing Spring embedded WebApplicationContext
2026-08-17T23:05:47.333+05:30  INFO 26368 --- [RentFlow AI Backend] [           main] w.s.c.ServletWebServerApplicationContext : Root WebApplicationContext: initialization completed in 898 ms
2026-08-17T23:05:47.367+05:30  INFO 26368 --- [RentFlow AI Backend] [           main] com.zaxxer.hikari.HikariDataSource       : HikariPool-2 - Starting...
2026-08-17T23:05:47.370+05:30  INFO 26368 --- [RentFlow AI Backend] [           main] com.zaxxer.hikari.pool.HikariPool        : HikariPool-2 - Added connection conn10: url=jdbc:h2:mem:rentflow user=SA
2026-08-17T23:05:47.370+05:30  INFO 26368 --- [RentFlow AI Backend] [           main] com.zaxxer.hikari.HikariDataSource       : HikariPool-2 - Start completed.
2026-08-17T23:05:47.370+05:30  INFO 26368 --- [RentFlow AI Backend] [           main] o.s.b.a.h2.H2ConsoleAutoConfiguration    : H2 console available at '/h2-console'. Database available at 'jdbc:h2:mem:rentflow'
2026-08-17T23:05:47.487+05:30  INFO 26368 --- [RentFlow AI Backend] [           main] o.hibernate.jpa.internal.util.LogHelper  : HHH000204: Processing PersistenceUnitInfo [name: default]
2026-08-17T23:05:47.493+05:30  INFO 26368 --- [RentFlow AI Backend] [           main] o.h.c.internal.RegionFactoryInitiator    : HHH000026: Second-level cache disabled
2026-08-17T23:05:47.502+05:30  INFO 26368 --- [RentFlow AI Backend] [           main] o.s.o.j.p.SpringPersistenceUnitInfo      : No LoadTimeWeaver setup: ignoring JPA class transformer
2026-08-17T23:05:47.505+05:30  WARN 26368 --- [RentFlow AI Backend] [           main] org.hibernate.orm.deprecation            : HHH90000025: H2Dialect does not need to be specified explicitly using 'hibernate.dialect' (remove the property setting and it will be selected by default)
2026-08-17T23:05:47.905+05:30  INFO 26368 --- [RentFlow AI Backend] [           main] o.h.e.t.j.p.i.JtaPlatformInitiator       : HHH000489: No JTA platform available (set 'hibernate.transaction.jta.platform' to enable JTA platform integration)
Hibernate: create table quote_discounts (id uuid not null, amount numeric(10,2) not null, approved_by varchar(255), created_at timestamp(6), quote_id uuid not null, reason varchar(255), type varchar(255) not null check (type in ('PERCENTAGE','FIXED')), value numeric(10,2) not null, primary key (id))
2026-08-17T23:05:47.938+05:30  WARN 26368 --- [RentFlow AI Backend] [           main] o.h.t.s.i.ExceptionHandlerLoggedImpl     : GenerationTarget encountered exception accepting command : Error executing DDL "create table quote_discounts (id uuid not null, amount numeric(10,2) not null, approved_by varchar(255), created_at timestamp(6), quote_id uuid not null, reason varchar(255), type varchar(255) not null check (type in ('PERCENTAGE','FIXED')), value numeric(10,2) not null, primary key (id))" via JDBC [Syntax error in SQL statement "create table quote_discounts (id uuid not null, amount numeric(10,2) not null, approved_by varchar(255), created_at timestamp(6), quote_id uuid not null, reason varchar(255), type varchar(255) not null check (type in ('PERCENTAGE','FIXED')), [*]value numeric(10,2) not null, primary key (id))"; expected "identifier";]

org.hibernate.tool.schema.spi.CommandAcceptanceException: Error executing DDL "create table quote_discounts (id uuid not null, amount numeric(10,2) not null, approved_by varchar(255), created_at timestamp(6), quote_id uuid not null, reason varchar(255), type varchar(255) not null check (type in ('PERCENTAGE','FIXED')), value numeric(10,2) not null, primary key (id))" via JDBC [Syntax error in SQL statement "create table quote_discounts (id uuid not null, amount numeric(10,2) not null, approved_by varchar(255), created_at timestamp(6), quote_id uuid not null, reason varchar(255), type varchar(255) not null check (type in ('PERCENTAGE','FIXED')), [*]value numeric(10,2) not null, primary key (id))"; expected "identifier";]
	at org.hibernate.tool.schema.internal.exec.GenerationTargetToDatabase.accept(GenerationTargetToDatabase.java:94) ~[hibernate-core-6.4.4.Final.jar:6.4.4.Final]
	at org.hibernate.tool.schema.internal.AbstractSchemaMigrator.applySqlString(AbstractSchemaMigrator.java:574) ~[hibernate-core-6.4.4.Final.jar:6.4.4.Final]
	at org.hibernate.tool.schema.internal.AbstractSchemaMigrator.applySqlStrings(AbstractSchemaMigrator.java:514) ~[hibernate-core-6.4.4.Final.jar:6.4.4.Final]
	at org.hibernate.tool.schema.internal.AbstractSchemaMigrator.createTable(AbstractSchemaMigrator.java:315) ~[hibernate-core-6.4.4.Final.jar:6.4.4.Final]
	at org.hibernate.tool.schema.internal.GroupedSchemaMigratorImpl.performTablesMigration(GroupedSchemaMigratorImpl.java:80) ~[hibernate-core-6.4.4.Final.jar:6.4.4.Final]
	at org.hibernate.tool.schema.internal.AbstractSchemaMigrator.performMigration(AbstractSchemaMigrator.java:232) ~[hibernate-core-6.4.4.Final.jar:6.4.4.Final]
	at org.hibernate.tool.schema.internal.AbstractSchemaMigrator.doMigration(AbstractSchemaMigrator.java:117) ~[hibernate-core-6.4.4.Final.jar:6.4.4.Final]
	at org.hibernate.tool.schema.spi.SchemaManagementToolCoordinator.performDatabaseAction(SchemaManagementToolCoordinator.java:286) ~[hibernate-core-6.4.4.Final.jar:6.4.4.Final]
	at org.hibernate.tool.schema.spi.SchemaManagementToolCoordinator.lambda$process$5(SchemaManagementToolCoordinator.java:145) ~[hibernate-core-6.4.4.Final.jar:6.4.4.Final]
	at java.base/java.util.HashMap.forEach(HashMap.java:1430) ~[na:na]
	at org.hibernate.tool.schema.spi.SchemaManagementToolCoordinator.process(SchemaManagementToolCoordinator.java:142) ~[hibernate-core-6.4.4.Final.jar:6.4.4.Final]
	at org.hibernate.boot.internal.SessionFactoryObserverForSchemaExport.sessionFactoryCreated(SessionFactoryObserverForSchemaExport.java:37) ~[hibernate-core-6.4.4.Final.jar:6.4.4.Final]
	at org.hibernate.internal.SessionFactoryObserverChain.sessionFactoryCreated(SessionFactoryObserverChain.java:35) ~[hibernate-core-6.4.4.Final.jar:6.4.4.Final]
	at org.hibernate.internal.SessionFactoryImpl.<init>(SessionFactoryImpl.java:315) ~[hibernate-core-6.4.4.Final.jar:6.4.4.Final]
	at org.hibernate.boot.internal.SessionFactoryBuilderImpl.build(SessionFactoryBuilderImpl.java:450) ~[hibernate-core-6.4.4.Final.jar:6.4.4.Final]
	at org.hibernate.jpa.boot.internal.EntityManagerFactoryBuilderImpl.build(EntityManagerFactoryBuilderImpl.java:1507) ~[hibernate-core-6.4.4.Final.jar:6.4.4.Final]
	at org.springframework.orm.jpa.vendor.SpringHibernateJpaPersistenceProvider.createContainerEntityManagerFactory(SpringHibernateJpaPersistenceProvider.java:75) ~[spring-orm-6.1.5.jar:6.1.5]
	at org.springframework.orm.jpa.LocalContainerEntityManagerFactoryBean.createNativeEntityManagerFactory(LocalContainerEntityManagerFactoryBean.java:390) ~[spring-orm-6.1.5.jar:6.1.5]
	at org.springframework.orm.jpa.AbstractEntityManagerFactoryBean.buildNativeEntityManagerFactory(AbstractEntityManagerFactoryBean.java:409) ~[spring-orm-6.1.5.jar:6.1.5]
	at org.springframework.orm.jpa.AbstractEntityManagerFactoryBean.afterPropertiesSet(AbstractEntityManagerFactoryBean.java:396) ~[spring-orm-6.1.5.jar:6.1.5]
	at org.springframework.orm.jpa.LocalContainerEntityManagerFactoryBean.afterPropertiesSet(LocalContainerEntityManagerFactoryBean.java:366) ~[spring-orm-6.1.5.jar:6.1.5]
	at org.springframework.beans.factory.support.AbstractAutowireCapableBeanFactory.invokeInitMethods(AbstractAutowireCapableBeanFactory.java:1833) ~[spring-beans-6.1.5.jar:6.1.5]
	at org.springframework.beans.factory.support.AbstractAutowireCapableBeanFactory.initializeBean(AbstractAutowireCapableBeanFactory.java:1782) ~[spring-beans-6.1.5.jar:6.1.5]
	at org.springframework.beans.factory.support.AbstractAutowireCapableBeanFactory.doCreateBean(AbstractAutowireCapableBeanFactory.java:600) ~[spring-beans-6.1.5.jar:6.1.5]
	at org.springframework.beans.factory.support.AbstractAutowireCapableBeanFactory.createBean(AbstractAutowireCapableBeanFactory.java:522) ~[spring-beans-6.1.5.jar:6.1.5]
	at org.springframework.beans.factory.support.AbstractBeanFactory.lambda$doGetBean$0(AbstractBeanFactory.java:326) ~[spring-beans-6.1.5.jar:6.1.5]
	at org.springframework.beans.factory.support.DefaultSingletonBeanRegistry.getSingleton(DefaultSingletonBeanRegistry.java:234) ~[spring-beans-6.1.5.jar:6.1.5]
	at org.springframework.beans.factory.support.AbstractBeanFactory.doGetBean(AbstractBeanFactory.java:324) ~[spring-beans-6.1.5.jar:6.1.5]
	at org.springframework.beans.factory.support.AbstractBeanFactory.getBean(AbstractBeanFactory.java:200) ~[spring-beans-6.1.5.jar:6.1.5]
	at org.springframework.context.support.AbstractApplicationContext.getBean(AbstractApplicationContext.java:1234) ~[spring-context-6.1.5.jar:6.1.5]
	at org.springframework.context.support.AbstractApplicationContext.finishBeanFactoryInitialization(AbstractApplicationContext.java:952) ~[spring-context-6.1.5.jar:6.1.5]
	at org.springframework.context.support.AbstractApplicationContext.refresh(AbstractApplicationContext.java:624) ~[spring-context-6.1.5.jar:6.1.5]
	at org.springframework.boot.web.servlet.context.ServletWebServerApplicationContext.refresh(ServletWebServerApplicationContext.java:146) ~[spring-boot-3.2.4.jar:3.2.4]
	at org.springframework.boot.SpringApplication.refresh(SpringApplication.java:754) ~[spring-boot-3.2.4.jar:3.2.4]
	at org.springframework.boot.SpringApplication.refreshContext(SpringApplication.java:456) ~[spring-boot-3.2.4.jar:3.2.4]
	at org.springframework.boot.SpringApplication.run(SpringApplication.java:334) ~[spring-boot-3.2.4.jar:3.2.4]
	at org.springframework.boot.test.context.SpringBootContextLoader.lambda$loadContext$3(SpringBootContextLoader.java:137) ~[spring-boot-test-3.2.4.jar:3.2.4]
	at org.springframework.util.function.ThrowingSupplier.get(ThrowingSupplier.java:58) ~[spring-core-6.1.5.jar:6.1.5]
	at org.springframework.util.function.ThrowingSupplier.get(ThrowingSupplier.java:46) ~[spring-core-6.1.5.jar:6.1.5]
	at org.springframework.boot.SpringApplication.withHook(SpringApplication.java:1454) ~[spring-boot-3.2.4.jar:3.2.4]
	at org.springframework.boot.test.context.SpringBootContextLoader$ContextLoaderHook.run(SpringBootContextLoader.java:553) ~[spring-boot-test-3.2.4.jar:3.2.4]
	at org.springframework.boot.test.context.SpringBootContextLoader.loadContext(SpringBootContextLoader.java:137) ~[spring-boot-test-3.2.4.jar:3.2.4]
	at org.springframework.boot.test.context.SpringBootContextLoader.loadContext(SpringBootContextLoader.java:108) ~[spring-boot-test-3.2.4.jar:3.2.4]
	at org.springframework.test.context.cache.DefaultCacheAwareContextLoaderDelegate.loadContextInternal(DefaultCacheAwareContextLoaderDelegate.java:225) ~[spring-test-6.1.5.jar:6.1.5]
	at org.springframework.test.context.cache.DefaultCacheAwareContextLoaderDelegate.loadContext(DefaultCacheAwareContextLoaderDelegate.java:152) ~[spring-test-6.1.5.jar:6.1.5]
	at org.springframework.test.context.support.DefaultTestContext.getApplicationContext(DefaultTestContext.java:130) ~[spring-test-6.1.5.jar:6.1.5]
	at org.springframework.test.context.support.DependencyInjectionTestExecutionListener.injectDependencies(DependencyInjectionTestExecutionListener.java:142) ~[spring-test-6.1.5.jar:6.1.5]
	at org.springframework.test.context.support.DependencyInjectionTestExecutionListener.prepareTestInstance(DependencyInjectionTestExecutionListener.java:98) ~[spring-test-6.1.5.jar:6.1.5]
	at org.springframework.test.context.TestContextManager.prepareTestInstance(TestContextManager.java:260) ~[spring-test-6.1.5.jar:6.1.5]
	at org.springframework.test.context.junit.jupiter.SpringExtension.postProcessTestInstance(SpringExtension.java:163) ~[spring-test-6.1.5.jar:6.1.5]
	at org.junit.jupiter.engine.descriptor.ClassBasedTestDescriptor.lambda$invokeTestInstancePostProcessors$10(ClassBasedTestDescriptor.java:378) ~[junit-jupiter-engine-5.10.2.jar:5.10.2]
	at org.junit.jupiter.engine.descriptor.ClassBasedTestDescriptor.executeAndMaskThrowable(ClassBasedTestDescriptor.java:383) ~[junit-jupiter-engine-5.10.2.jar:5.10.2]
	at org.junit.jupiter.engine.descriptor.ClassBasedTestDescriptor.lambda$invokeTestInstancePostProcessors$11(ClassBasedTestDescriptor.java:378) ~[junit-jupiter-engine-5.10.2.jar:5.10.2]
	at java.base/java.util.stream.ReferencePipeline$3$1.accept(ReferencePipeline.java:214) ~[na:na]
	at java.base/java.util.stream.ReferencePipeline$2$1.accept(ReferencePipeline.java:197) ~[na:na]
	at java.base/java.util.ArrayList$ArrayListSpliterator.forEachRemaining(ArrayList.java:1724) ~[na:na]
	at java.base/java.util.stream.AbstractPipeline.copyInto(AbstractPipeline.java:570) ~[na:na]
	at java.base/java.util.stream.AbstractPipeline.wrapAndCopyInto(AbstractPipeline.java:560) ~[na:na]
	at java.base/java.util.stream.StreamSpliterators$WrappingSpliterator.forEachRemaining(StreamSpliterators.java:315) ~[na:na]
	at java.base/java.util.stream.Streams$ConcatSpliterator.forEachRemaining(Streams.java:735) ~[na:na]
	at java.base/java.util.stream.Streams$ConcatSpliterator.forEachRemaining(Streams.java:734) ~[na:na]
	at java.base/java.util.stream.ReferencePipeline$Head.forEach(ReferencePipeline.java:803) ~[na:na]
	at org.junit.jupiter.engine.descriptor.ClassBasedTestDescriptor.invokeTestInstancePostProcessors(ClassBasedTestDescriptor.java:377) ~[junit-jupiter-engine-5.10.2.jar:5.10.2]
	at org.junit.jupiter.engine.descriptor.ClassBasedTestDescriptor.lambda$instantiateAndPostProcessTestInstance$6(ClassBasedTestDescriptor.java:290) ~[junit-jupiter-engine-5.10.2.jar:5.10.2]
	at org.junit.platform.engine.support.hierarchical.ThrowableCollector.execute(ThrowableCollector.java:73) ~[junit-platform-engine-1.10.2.jar:1.10.2]
	at org.junit.jupiter.engine.descriptor.ClassBasedTestDescriptor.instantiateAndPostProcessTestInstance(ClassBasedTestDescriptor.java:289) ~[junit-jupiter-engine-5.10.2.jar:5.10.2]
	at org.junit.jupiter.engine.descriptor.ClassBasedTestDescriptor.lambda$testInstancesProvider$4(ClassBasedTestDescriptor.java:279) ~[junit-jupiter-engine-5.10.2.jar:5.10.2]
	at java.base/java.util.Optional.orElseGet(Optional.java:368) ~[na:na]
	at org.junit.jupiter.engine.descriptor.ClassBasedTestDescriptor.lambda$testInstancesProvider$5(ClassBasedTestDescriptor.java:278) ~[junit-jupiter-engine-5.10.2.jar:5.10.2]
	at org.junit.jupiter.engine.execution.TestInstancesProvider.getTestInstances(TestInstancesProvider.java:31) ~[junit-jupiter-engine-5.10.2.jar:5.10.2]
	at org.junit.jupiter.engine.descriptor.TestMethodTestDescriptor.lambda$prepare$0(TestMethodTestDescriptor.java:106) ~[junit-jupiter-engine-5.10.2.jar:5.10.2]
	at org.junit.platform.engine.support.hierarchical.ThrowableCollector.execute(ThrowableCollector.java:73) ~[junit-platform-engine-1.10.2.jar:1.10.2]
	at org.junit.jupiter.engine.descriptor.TestMethodTestDescriptor.prepare(TestMethodTestDescriptor.java:105) ~[junit-jupiter-engine-5.10.2.jar:5.10.2]
	at org.junit.jupiter.engine.descriptor.TestMethodTestDescriptor.prepare(TestMethodTestDescriptor.java:69) ~[junit-jupiter-engine-5.10.2.jar:5.10.2]
	at org.junit.platform.engine.support.hierarchical.NodeTestTask.lambda$prepare$2(NodeTestTask.java:123) ~[junit-platform-engine-1.10.2.jar:1.10.2]
	at org.junit.platform.engine.support.hierarchical.ThrowableCollector.execute(ThrowableCollector.java:73) ~[junit-platform-engine-1.10.2.jar:1.10.2]
	at org.junit.platform.engine.support.hierarchical.NodeTestTask.prepare(NodeTestTask.java:123) ~[junit-platform-engine-1.10.2.jar:1.10.2]
	at org.junit.platform.engine.support.hierarchical.NodeTestTask.execute(NodeTestTask.java:90) ~[junit-platform-engine-1.10.2.jar:1.10.2]
	at java.base/java.util.ArrayList.forEach(ArrayList.java:1612) ~[na:na]
	at org.junit.platform.engine.support.hierarchical.SameThreadHierarchicalTestExecutorService.invokeAll(SameThreadHierarchicalTestExecutorService.java:41) ~[junit-platform-engine-1.10.2.jar:1.10.2]
	at org.junit.platform.engine.support.hierarchical.NodeTestTask.lambda$executeRecursively$6(NodeTestTask.java:155) ~[junit-platform-engine-1.10.2.jar:1.10.2]
	at org.junit.platform.engine.support.hierarchical.ThrowableCollector.execute(ThrowableCollector.java:73) ~[junit-platform-engine-1.10.2.jar:1.10.2]
	at org.junit.platform.engine.support.hierarchical.NodeTestTask.lambda$executeRecursively$8(NodeTestTask.java:141) ~[junit-platform-engine-1.10.2.jar:1.10.2]
	at org.junit.platform.engine.support.hierarchical.Node.around(Node.java:137) ~[junit-platform-engine-1.10.2.jar:1.10.2]
	at org.junit.platform.engine.support.hierarchical.NodeTestTask.lambda$executeRecursively$9(NodeTestTask.java:139) ~[junit-platform-engine-1.10.2.jar:1.10.2]
	at org.junit.platform.engine.support.hierarchical.ThrowableCollector.execute(ThrowableCollector.java:73) ~[junit-platform-engine-1.10.2.jar:1.10.2]
	at org.junit.platform.engine.support.hierarchical.NodeTestTask.executeRecursively(NodeTestTask.java:138) ~[junit-platform-engine-1.10.2.jar:1.10.2]
	at org.junit.platform.engine.support.hierarchical.NodeTestTask.execute(NodeTestTask.java:95) ~[junit-platform-engine-1.10.2.jar:1.10.2]
	at java.base/java.util.ArrayList.forEach(ArrayList.java:1612) ~[na:na]
	at org.junit.platform.engine.support.hierarchical.SameThreadHierarchicalTestExecutorService.invokeAll(SameThreadHierarchicalTestExecutorService.java:41) ~[junit-platform-engine-1.10.2.jar:1.10.2]
	at org.junit.platform.engine.support.hierarchical.NodeTestTask.lambda$executeRecursively$6(NodeTestTask.java:155) ~[junit-platform-engine-1.10.2.jar:1.10.2]
	at org.junit.platform.engine.support.hierarchical.ThrowableCollector.execute(ThrowableCollector.java:73) ~[junit-platform-engine-1.10.2.jar:1.10.2]
	at org.junit.platform.engine.support.hierarchical.NodeTestTask.lambda$executeRecursively$8(NodeTestTask.java:141) ~[junit-platform-engine-1.10.2.jar:1.10.2]
	at org.junit.platform.engine.support.hierarchical.Node.around(Node.java:137) ~[junit-platform-engine-1.10.2.jar:1.10.2]
	at org.junit.platform.engine.support.hierarchical.NodeTestTask.lambda$executeRecursively$9(NodeTestTask.java:139) ~[junit-platform-engine-1.10.2.jar:1.10.2]
	at org.junit.platform.engine.support.hierarchical.ThrowableCollector.execute(ThrowableCollector.java:73) ~[junit-platform-engine-1.10.2.jar:1.10.2]
	at org.junit.platform.engine.support.hierarchical.NodeTestTask.executeRecursively(NodeTestTask.java:138) ~[junit-platform-engine-1.10.2.jar:1.10.2]
	at org.junit.platform.engine.support.hierarchical.NodeTestTask.execute(NodeTestTask.java:95) ~[junit-platform-engine-1.10.2.jar:1.10.2]
	at org.junit.platform.engine.support.hierarchical.SameThreadHierarchicalTestExecutorService.submit(SameThreadHierarchicalTestExecutorService.java:35) ~[junit-platform-engine-1.10.2.jar:1.10.2]
	at org.junit.platform.engine.support.hierarchical.HierarchicalTestExecutor.execute(HierarchicalTestExecutor.java:57) ~[junit-platform-engine-1.10.2.jar:1.10.2]
	at org.junit.platform.engine.support.hierarchical.HierarchicalTestEngine.execute(HierarchicalTestEngine.java:54) ~[junit-platform-engine-1.10.2.jar:1.10.2]
	at org.junit.platform.launcher.core.EngineExecutionOrchestrator.execute(EngineExecutionOrchestrator.java:198) ~[junit-platform-launcher-1.10.2.jar:1.10.2]
	at org.junit.platform.launcher.core.EngineExecutionOrchestrator.execute(EngineExecutionOrchestrator.java:169) ~[junit-platform-launcher-1.10.2.jar:1.10.2]
	at org.junit.platform.launcher.core.EngineExecutionOrchestrator.execute(EngineExecutionOrchestrator.java:93) ~[junit-platform-launcher-1.10.2.jar:1.10.2]
	at org.junit.platform.launcher.core.EngineExecutionOrchestrator.lambda$execute$0(EngineExecutionOrchestrator.java:58) ~[junit-platform-launcher-1.10.2.jar:1.10.2]
	at org.junit.platform.launcher.core.EngineExecutionOrchestrator.withInterceptedStreams(EngineExecutionOrchestrator.java:141) ~[junit-platform-launcher-1.10.2.jar:1.10.2]
	at org.junit.platform.launcher.core.EngineExecutionOrchestrator.execute(EngineExecutionOrchestrator.java:57) ~[junit-platform-launcher-1.10.2.jar:1.10.2]
	at org.junit.platform.launcher.core.DefaultLauncher.execute(DefaultLauncher.java:103) ~[junit-platform-launcher-1.10.2.jar:1.10.2]
	at org.junit.platform.launcher.core.DefaultLauncher.execute(DefaultLauncher.java:85) ~[junit-platform-launcher-1.10.2.jar:1.10.2]
	at org.junit.platform.launcher.core.DelegatingLauncher.execute(DelegatingLauncher.java:47) ~[junit-platform-launcher-1.10.2.jar:1.10.2]
	at org.apache.maven.surefire.junitplatform.LazyLauncher.execute(LazyLauncher.java:56) ~[surefire-junit-platform-3.1.2.jar:3.1.2]
	at org.apache.maven.surefire.junitplatform.JUnitPlatformProvider.execute(JUnitPlatformProvider.java:184) ~[surefire-junit-platform-3.1.2.jar:3.1.2]
	at org.apache.maven.surefire.junitplatform.JUnitPlatformProvider.invokeAllTests(JUnitPlatformProvider.java:148) ~[surefire-junit-platform-3.1.2.jar:3.1.2]
	at org.apache.maven.surefire.junitplatform.JUnitPlatformProvider.invoke(JUnitPlatformProvider.java:122) ~[surefire-junit-platform-3.1.2.jar:3.1.2]
	at org.apache.maven.surefire.booter.ForkedBooter.runSuitesInProcess(ForkedBooter.java:385) ~[surefire-booter-3.1.2.jar:3.1.2]
	at org.apache.maven.surefire.booter.ForkedBooter.execute(ForkedBooter.java:162) ~[surefire-booter-3.1.2.jar:3.1.2]
	at org.apache.maven.surefire.booter.ForkedBooter.run(ForkedBooter.java:507) ~[surefire-booter-3.1.2.jar:3.1.2]
	at org.apache.maven.surefire.booter.ForkedBooter.main(ForkedBooter.java:495) ~[surefire-booter-3.1.2.jar:3.1.2]
Caused by: org.h2.jdbc.JdbcSQLSyntaxErrorException: Syntax error in SQL statement "create table quote_discounts (id uuid not null, amount numeric(10,2) not null, approved_by varchar(255), created_at timestamp(6), quote_id uuid not null, reason varchar(255), type varchar(255) not null check (type in ('PERCENTAGE','FIXED')), [*]value numeric(10,2) not null, primary key (id))"; expected "identifier"; SQL statement:
create table quote_discounts (id uuid not null, amount numeric(10,2) not null, approved_by varchar(255), created_at timestamp(6), quote_id uuid not null, reason varchar(255), type varchar(255) not null check (type in ('PERCENTAGE','FIXED')), value numeric(10,2) not null, primary key (id)) [42001-224]
	at org.h2.message.DbException.getJdbcSQLException(DbException.java:514) ~[h2-2.2.224.jar:2.2.224]
	at org.h2.message.DbException.getJdbcSQLException(DbException.java:489) ~[h2-2.2.224.jar:2.2.224]
	at org.h2.message.DbException.getSyntaxError(DbException.java:261) ~[h2-2.2.224.jar:2.2.224]
	at org.h2.command.Parser.readIdentifier(Parser.java:5533) ~[h2-2.2.224.jar:2.2.224]
	at org.h2.command.Parser.parseTableColumnDefinition(Parser.java:8994) ~[h2-2.2.224.jar:2.2.224]
	at org.h2.command.Parser.parseCreateTable(Parser.java:8939) ~[h2-2.2.224.jar:2.2.224]
	at org.h2.command.Parser.parseCreate(Parser.java:6404) ~[h2-2.2.224.jar:2.2.224]
	at org.h2.command.Parser.parsePrepared(Parser.java:666) ~[h2-2.2.224.jar:2.2.224]
	at org.h2.command.Parser.parse(Parser.java:592) ~[h2-2.2.224.jar:2.2.224]
	at org.h2.command.Parser.parse(Parser.java:564) ~[h2-2.2.224.jar:2.2.224]
	at org.h2.command.Parser.prepareCommand(Parser.java:483) ~[h2-2.2.224.jar:2.2.224]
	at org.h2.engine.SessionLocal.prepareLocal(SessionLocal.java:639) ~[h2-2.2.224.jar:2.2.224]
	at org.h2.engine.SessionLocal.prepareCommand(SessionLocal.java:559) ~[h2-2.2.224.jar:2.2.224]
	at org.h2.jdbc.JdbcConnection.prepareCommand(JdbcConnection.java:1166) ~[h2-2.2.224.jar:2.2.224]
	at org.h2.jdbc.JdbcStatement.executeInternal(JdbcStatement.java:245) ~[h2-2.2.224.jar:2.2.224]
	at org.h2.jdbc.JdbcStatement.execute(JdbcStatement.java:231) ~[h2-2.2.224.jar:2.2.224]
	at com.zaxxer.hikari.pool.ProxyStatement.execute(ProxyStatement.java:94) ~[HikariCP-5.0.1.jar:na]
	at com.zaxxer.hikari.pool.HikariProxyStatement.execute(HikariProxyStatement.java) ~[HikariCP-5.0.1.jar:na]
	at org.hibernate.tool.schema.internal.exec.GenerationTargetToDatabase.accept(GenerationTargetToDatabase.java:80) ~[hibernate-core-6.4.4.Final.jar:6.4.4.Final]
	... 117 common frames omitted

2026-08-17T23:05:47.959+05:30  INFO 26368 --- [RentFlow AI Backend] [           main] j.LocalContainerEntityManagerFactoryBean : Initialized JPA EntityManagerFactory for persistence unit 'default'
2026-08-17T23:05:48.440+05:30  WARN 26368 --- [RentFlow AI Backend] [           main] JpaBaseConfiguration$JpaWebConfiguration : spring.jpa.open-in-view is enabled by default. Therefore, database queries may be performed during view rendering. Explicitly configure spring.jpa.open-in-view to disable this warning
2026-08-17T23:05:48.662+05:30  INFO 26368 --- [RentFlow AI Backend] [           main] o.s.b.w.embedded.tomcat.TomcatWebServer  : Tomcat started on port 63430 (http) with context path ''
2026-08-17T23:05:48.665+05:30  INFO 26368 --- [RentFlow AI Backend] [           main] c.r.ai.ProductInventoryFoundationTest    : Started ProductInventoryFoundationTest in 2.316 seconds (process running for 18.979)
Hibernate: select count(*) from customers c1_0
Hibernate: select count(*) from product_categories pc1_0
Hibernate: select count(*) from quotes q1_0
Hibernate: select p1_0.id,p1_0.category_id,p1_0.created_at,p1_0.description,p1_0.image_url,p1_0.name,p1_0.product_type,p1_0.quantity_damaged,p1_0.quantity_in_maintenance,p1_0.quantity_lost,p1_0.quantity_owned,p1_0.rental_price,p1_0.replacement_cost,p1_0.sku,p1_0.status,p1_0.tenant_id,p1_0.updated_at from products p1_0 where p1_0.tenant_id=?
Hibernate: select count(q1_0.id) from quotes q1_0 where q1_0.tenant_id=?
Hibernate: select count(*) from permission p1_0
2026-08-17T23:05:48.974+05:30  INFO 26368 --- [RentFlow AI Backend] [o-auto-1-exec-1] o.a.c.c.C.[Tomcat].[localhost].[/]       : Initializing Spring DispatcherServlet 'dispatcherServlet'
2026-08-17T23:05:48.974+05:30  INFO 26368 --- [RentFlow AI Backend] [o-auto-1-exec-1] o.s.web.servlet.DispatcherServlet        : Initializing Servlet 'dispatcherServlet'
2026-08-17T23:05:48.976+05:30  INFO 26368 --- [RentFlow AI Backend] [o-auto-1-exec-1] o.s.web.servlet.DispatcherServlet        : Completed initialization in 2 ms
Hibernate: select p1_0.id,p1_0.category_id,p1_0.created_at,p1_0.description,p1_0.image_url,p1_0.name,p1_0.product_type,p1_0.quantity_damaged,p1_0.quantity_in_maintenance,p1_0.quantity_lost,p1_0.quantity_owned,p1_0.rental_price,p1_0.replacement_cost,p1_0.sku,p1_0.status,p1_0.tenant_id,p1_0.updated_at from products p1_0 where p1_0.tenant_id=? and p1_0.id=?
Hibernate: select it1_0.id,it1_0.created_at,it1_0.created_by,it1_0.notes,it1_0.product_id,it1_0.quantity,it1_0.reference_id,it1_0.reference_type,it1_0.tenant_id,it1_0.transaction_type from inventory_transactions it1_0 where it1_0.id=?
Hibernate: insert into inventory_transactions (created_at,created_by,notes,product_id,quantity,reference_id,reference_type,tenant_id,transaction_type,id) values (?,?,?,?,?,?,?,?,?,?)
Hibernate: update products set category_id=?,created_at=?,description=?,image_url=?,name=?,product_type=?,quantity_damaged=?,quantity_in_maintenance=?,quantity_lost=?,quantity_owned=?,rental_price=?,replacement_cost=?,sku=?,status=?,tenant_id=?,updated_at=? where id=?
Hibernate: select p1_0.id,p1_0.category_id,p1_0.created_at,p1_0.description,p1_0.image_url,p1_0.name,p1_0.product_type,p1_0.quantity_damaged,p1_0.quantity_in_maintenance,p1_0.quantity_lost,p1_0.quantity_owned,p1_0.rental_price,p1_0.replacement_cost,p1_0.sku,p1_0.status,p1_0.tenant_id,p1_0.updated_at from products p1_0 where p1_0.tenant_id=? and p1_0.id=?
Hibernate: select it1_0.id,it1_0.created_at,it1_0.created_by,it1_0.notes,it1_0.product_id,it1_0.quantity,it1_0.reference_id,it1_0.reference_type,it1_0.tenant_id,it1_0.transaction_type from inventory_transactions it1_0 where it1_0.tenant_id=? and it1_0.product_id=? order by it1_0.created_at desc
]]></system-out>
    <system-err><![CDATA[⚠️ QuoteDataInitializer error: not-null property references a null or transient value : com.rentflow.ai.model.QuoteItem.productId
]]></system-err>
  </testcase>
  <testcase name="test4_AvailabilityCalculationUnavailable" classname="com.rentflow.ai.ProductInventoryFoundationTest" time="0.022">
    <system-out><![CDATA[Hibernate: select p1_0.id,p1_0.category_id,p1_0.created_at,p1_0.description,p1_0.image_url,p1_0.name,p1_0.product_type,p1_0.quantity_damaged,p1_0.quantity_in_maintenance,p1_0.quantity_lost,p1_0.quantity_owned,p1_0.rental_price,p1_0.replacement_cost,p1_0.sku,p1_0.status,p1_0.tenant_id,p1_0.updated_at from products p1_0 where p1_0.tenant_id=? and p1_0.id=?
Hibernate: select ir1_0.id,ir1_0.booking_id,ir1_0.created_at,ir1_0.end_date_time,ir1_0.event_id,ir1_0.product_id,ir1_0.quantity,ir1_0.start_date_time,ir1_0.status,ir1_0.tenant_id,ir1_0.updated_at from inventory_reservations ir1_0 where ir1_0.tenant_id=? and ir1_0.product_id=? and (ir1_0.status='RESERVED' or ir1_0.status='PENDING') and ir1_0.start_date_time<? and ir1_0.end_date_time>?
Hibernate: select e1_0.id,e1_0.city,e1_0.created_at,e1_0.customer_id,e1_0.end_time,e1_0.event_date,e1_0.event_name,e1_0.event_type,e1_0.guest_count,e1_0.special_instructions,e1_0.start_time,e1_0.state,e1_0.status,e1_0.tenant_id,e1_0.updated_at,e1_0.venue_address,e1_0.venue_name,e1_0.zip_code from events e1_0 where e1_0.id=?
]]></system-out>
  </testcase>
  <testcase name="test13_ReleasedReservationRestoresFutureAvailability" classname="com.rentflow.ai.ProductInventoryFoundationTest" time="0.053">
    <system-out><![CDATA[Hibernate: select p1_0.id,p1_0.category_id,p1_0.created_at,p1_0.description,p1_0.image_url,p1_0.name,p1_0.product_type,p1_0.quantity_damaged,p1_0.quantity_in_maintenance,p1_0.quantity_lost,p1_0.quantity_owned,p1_0.rental_price,p1_0.replacement_cost,p1_0.sku,p1_0.status,p1_0.tenant_id,p1_0.updated_at from products p1_0 where p1_0.tenant_id=? and p1_0.id=?
Hibernate: select ir1_0.id,ir1_0.booking_id,ir1_0.created_at,ir1_0.end_date_time,ir1_0.event_id,ir1_0.product_id,ir1_0.quantity,ir1_0.start_date_time,ir1_0.status,ir1_0.tenant_id,ir1_0.updated_at from inventory_reservations ir1_0 where ir1_0.id=?
Hibernate: select it1_0.id,it1_0.created_at,it1_0.created_by,it1_0.notes,it1_0.product_id,it1_0.quantity,it1_0.reference_id,it1_0.reference_type,it1_0.tenant_id,it1_0.transaction_type from inventory_transactions it1_0 where it1_0.id=?
Hibernate: insert into inventory_reservations (booking_id,created_at,end_date_time,event_id,product_id,quantity,start_date_time,status,tenant_id,updated_at,id) values (?,?,?,?,?,?,?,?,?,?,?)
Hibernate: insert into inventory_transactions (created_at,created_by,notes,product_id,quantity,reference_id,reference_type,tenant_id,transaction_type,id) values (?,?,?,?,?,?,?,?,?,?)
Hibernate: select p1_0.id,p1_0.category_id,p1_0.created_at,p1_0.description,p1_0.image_url,p1_0.name,p1_0.product_type,p1_0.quantity_damaged,p1_0.quantity_in_maintenance,p1_0.quantity_lost,p1_0.quantity_owned,p1_0.rental_price,p1_0.replacement_cost,p1_0.sku,p1_0.status,p1_0.tenant_id,p1_0.updated_at from products p1_0 where p1_0.tenant_id=? and p1_0.id=?
Hibernate: select ir1_0.id,ir1_0.booking_id,ir1_0.created_at,ir1_0.end_date_time,ir1_0.event_id,ir1_0.product_id,ir1_0.quantity,ir1_0.start_date_time,ir1_0.status,ir1_0.tenant_id,ir1_0.updated_at from inventory_reservations ir1_0 where ir1_0.tenant_id=? and ir1_0.product_id=? and (ir1_0.status='RESERVED' or ir1_0.status='PENDING') and ir1_0.start_date_time<? and ir1_0.end_date_time>?
Hibernate: select ir1_0.id,ir1_0.booking_id,ir1_0.created_at,ir1_0.end_date_time,ir1_0.event_id,ir1_0.product_id,ir1_0.quantity,ir1_0.start_date_time,ir1_0.status,ir1_0.tenant_id,ir1_0.updated_at from inventory_reservations ir1_0 where ir1_0.tenant_id=? and ir1_0.id=?
Hibernate: select it1_0.id,it1_0.created_at,it1_0.created_by,it1_0.notes,it1_0.product_id,it1_0.quantity,it1_0.reference_id,it1_0.reference_type,it1_0.tenant_id,it1_0.transaction_type from inventory_transactions it1_0 where it1_0.id=?
Hibernate: select p1_0.id,p1_0.category_id,p1_0.created_at,p1_0.description,p1_0.image_url,p1_0.name,p1_0.product_type,p1_0.quantity_damaged,p1_0.quantity_in_maintenance,p1_0.quantity_lost,p1_0.quantity_owned,p1_0.rental_price,p1_0.replacement_cost,p1_0.sku,p1_0.status,p1_0.tenant_id,p1_0.updated_at from products p1_0 where p1_0.id=?
Hibernate: insert into inventory_transactions (created_at,created_by,notes,product_id,quantity,reference_id,reference_type,tenant_id,transaction_type,id) values (?,?,?,?,?,?,?,?,?,?)
Hibernate: update inventory_reservations set booking_id=?,created_at=?,end_date_time=?,event_id=?,product_id=?,quantity=?,start_date_time=?,status=?,tenant_id=?,updated_at=? where id=?
Hibernate: select p1_0.id,p1_0.category_id,p1_0.created_at,p1_0.description,p1_0.image_url,p1_0.name,p1_0.product_type,p1_0.quantity_damaged,p1_0.quantity_in_maintenance,p1_0.quantity_lost,p1_0.quantity_owned,p1_0.rental_price,p1_0.replacement_cost,p1_0.sku,p1_0.status,p1_0.tenant_id,p1_0.updated_at from products p1_0 where p1_0.tenant_id=? and p1_0.id=?
Hibernate: select ir1_0.id,ir1_0.booking_id,ir1_0.created_at,ir1_0.end_date_time,ir1_0.event_id,ir1_0.product_id,ir1_0.quantity,ir1_0.start_date_time,ir1_0.status,ir1_0.tenant_id,ir1_0.updated_at from inventory_reservations ir1_0 where ir1_0.tenant_id=? and ir1_0.product_id=? and (ir1_0.status='RESERVED' or ir1_0.status='PENDING') and ir1_0.start_date_time<? and ir1_0.end_date_time>?
]]></system-out>
  </testcase>
  <testcase name="test8_RolePermissionCustomerHidesReplacementCost" classname="com.rentflow.ai.ProductInventoryFoundationTest" time="0.026">
    <system-out><![CDATA[Hibernate: select p1_0.id,p1_0.category_id,p1_0.created_at,p1_0.description,p1_0.image_url,p1_0.name,p1_0.product_type,p1_0.quantity_damaged,p1_0.quantity_in_maintenance,p1_0.quantity_lost,p1_0.quantity_owned,p1_0.rental_price,p1_0.replacement_cost,p1_0.sku,p1_0.status,p1_0.tenant_id,p1_0.updated_at from products p1_0 where p1_0.tenant_id=? and p1_0.id=?
Hibernate: select pc1_0.id,pc1_0.active,pc1_0.created_at,pc1_0.description,pc1_0.name,pc1_0.parent_category_id,pc1_0.tenant_id,pc1_0.updated_at from product_categories pc1_0 where pc1_0.id=?
]]></system-out>
  </testcase>
  <testcase name="test1_CreateProduct" classname="com.rentflow.ai.ProductInventoryFoundationTest" time="0.022">
    <system-out><![CDATA[Hibernate: select p1_0.id,p1_0.category_id,p1_0.created_at,p1_0.description,p1_0.image_url,p1_0.name,p1_0.product_type,p1_0.quantity_damaged,p1_0.quantity_in_maintenance,p1_0.quantity_lost,p1_0.quantity_owned,p1_0.rental_price,p1_0.replacement_cost,p1_0.sku,p1_0.status,p1_0.tenant_id,p1_0.updated_at from products p1_0 where p1_0.id=?
Hibernate: insert into products (category_id,created_at,description,image_url,name,product_type,quantity_damaged,quantity_in_maintenance,quantity_lost,quantity_owned,rental_price,replacement_cost,sku,status,tenant_id,updated_at,id) values (?,?,?,?,?,?,?,?,?,?,?,?,?,?,?,?,?)
]]></system-out>
  </testcase>
  <testcase name="test7_TenantIsolation" classname="com.rentflow.ai.ProductInventoryFoundationTest" time="0.017">
    <system-out><![CDATA[Hibernate: select p1_0.id,p1_0.category_id,p1_0.created_at,p1_0.description,p1_0.image_url,p1_0.name,p1_0.product_type,p1_0.quantity_damaged,p1_0.quantity_in_maintenance,p1_0.quantity_lost,p1_0.quantity_owned,p1_0.rental_price,p1_0.replacement_cost,p1_0.sku,p1_0.status,p1_0.tenant_id,p1_0.updated_at from products p1_0 where p1_0.tenant_id=? and p1_0.id=?
]]></system-out>
  </testcase>
  <testcase name="test5_DateOverlap" classname="com.rentflow.ai.ProductInventoryFoundationTest" time="0.012">
    <system-out><![CDATA[Hibernate: select p1_0.id,p1_0.category_id,p1_0.created_at,p1_0.description,p1_0.image_url,p1_0.name,p1_0.product_type,p1_0.quantity_damaged,p1_0.quantity_in_maintenance,p1_0.quantity_lost,p1_0.quantity_owned,p1_0.rental_price,p1_0.replacement_cost,p1_0.sku,p1_0.status,p1_0.tenant_id,p1_0.updated_at from products p1_0 where p1_0.tenant_id=? and p1_0.id=?
Hibernate: select ir1_0.id,ir1_0.booking_id,ir1_0.created_at,ir1_0.end_date_time,ir1_0.event_id,ir1_0.product_id,ir1_0.quantity,ir1_0.start_date_time,ir1_0.status,ir1_0.tenant_id,ir1_0.updated_at from inventory_reservations ir1_0 where ir1_0.tenant_id=? and ir1_0.product_id=? and (ir1_0.status='RESERVED' or ir1_0.status='PENDING') and ir1_0.start_date_time<? and ir1_0.end_date_time>?
Hibernate: select e1_0.id,e1_0.city,e1_0.created_at,e1_0.customer_id,e1_0.end_time,e1_0.event_date,e1_0.event_name,e1_0.event_type,e1_0.guest_count,e1_0.special_instructions,e1_0.start_time,e1_0.state,e1_0.status,e1_0.tenant_id,e1_0.updated_at,e1_0.venue_address,e1_0.venue_name,e1_0.zip_code from events e1_0 where e1_0.id=?
]]></system-out>
  </testcase>
  <testcase name="test2_SearchProduct" classname="com.rentflow.ai.ProductInventoryFoundationTest" time="0.032">
    <system-out><![CDATA[Hibernate: select p1_0.id,p1_0.category_id,p1_0.created_at,p1_0.description,p1_0.image_url,p1_0.name,p1_0.product_type,p1_0.quantity_damaged,p1_0.quantity_in_maintenance,p1_0.quantity_lost,p1_0.quantity_owned,p1_0.rental_price,p1_0.replacement_cost,p1_0.sku,p1_0.status,p1_0.tenant_id,p1_0.updated_at from products p1_0 where p1_0.tenant_id=? and (lower(p1_0.name) like lower(('%'||?||'%')) escape '' or lower(p1_0.sku) like lower(('%'||?||'%')) escape '' or lower(p1_0.description) like lower(('%'||?||'%')) escape '')
Hibernate: select pc1_0.id,pc1_0.active,pc1_0.created_at,pc1_0.description,pc1_0.name,pc1_0.parent_category_id,pc1_0.tenant_id,pc1_0.updated_at from product_categories pc1_0 where pc1_0.id=?
]]></system-out>
  </testcase>
  <testcase name="test6_DateBoundaryNonOverlap" classname="com.rentflow.ai.ProductInventoryFoundationTest" time="0.009">
    <system-out><![CDATA[Hibernate: select p1_0.id,p1_0.category_id,p1_0.created_at,p1_0.description,p1_0.image_url,p1_0.name,p1_0.product_type,p1_0.quantity_damaged,p1_0.quantity_in_maintenance,p1_0.quantity_lost,p1_0.quantity_owned,p1_0.rental_price,p1_0.replacement_cost,p1_0.sku,p1_0.status,p1_0.tenant_id,p1_0.updated_at from products p1_0 where p1_0.tenant_id=? and p1_0.id=?
Hibernate: select ir1_0.id,ir1_0.booking_id,ir1_0.created_at,ir1_0.end_date_time,ir1_0.event_id,ir1_0.product_id,ir1_0.quantity,ir1_0.start_date_time,ir1_0.status,ir1_0.tenant_id,ir1_0.updated_at from inventory_reservations ir1_0 where ir1_0.tenant_id=? and ir1_0.product_id=? and (ir1_0.status='RESERVED' or ir1_0.status='PENDING') and ir1_0.start_date_time<? and ir1_0.end_date_time>?
]]></system-out>
  </testcase>
  <testcase name="test12_ReservationCreatesTransaction" classname="com.rentflow.ai.ProductInventoryFoundationTest" time="0.048">
    <system-out><![CDATA[Hibernate: select p1_0.id,p1_0.category_id,p1_0.created_at,p1_0.description,p1_0.image_url,p1_0.name,p1_0.product_type,p1_0.quantity_damaged,p1_0.quantity_in_maintenance,p1_0.quantity_lost,p1_0.quantity_owned,p1_0.rental_price,p1_0.replacement_cost,p1_0.sku,p1_0.status,p1_0.tenant_id,p1_0.updated_at from products p1_0 where p1_0.tenant_id=? and p1_0.id=?
Hibernate: select ir1_0.id,ir1_0.booking_id,ir1_0.created_at,ir1_0.end_date_time,ir1_0.event_id,ir1_0.product_id,ir1_0.quantity,ir1_0.start_date_time,ir1_0.status,ir1_0.tenant_id,ir1_0.updated_at from inventory_reservations ir1_0 where ir1_0.id=?
Hibernate: select it1_0.id,it1_0.created_at,it1_0.created_by,it1_0.notes,it1_0.product_id,it1_0.quantity,it1_0.reference_id,it1_0.reference_type,it1_0.tenant_id,it1_0.transaction_type from inventory_transactions it1_0 where it1_0.id=?
Hibernate: insert into inventory_reservations (booking_id,created_at,end_date_time,event_id,product_id,quantity,start_date_time,status,tenant_id,updated_at,id) values (?,?,?,?,?,?,?,?,?,?,?)
Hibernate: insert into inventory_transactions (created_at,created_by,notes,product_id,quantity,reference_id,reference_type,tenant_id,transaction_type,id) values (?,?,?,?,?,?,?,?,?,?)
Hibernate: select p1_0.id,p1_0.category_id,p1_0.created_at,p1_0.description,p1_0.image_url,p1_0.name,p1_0.product_type,p1_0.quantity_damaged,p1_0.quantity_in_maintenance,p1_0.quantity_lost,p1_0.quantity_owned,p1_0.rental_price,p1_0.replacement_cost,p1_0.sku,p1_0.status,p1_0.tenant_id,p1_0.updated_at from products p1_0 where p1_0.tenant_id=? and p1_0.id=?
Hibernate: select it1_0.id,it1_0.created_at,it1_0.created_by,it1_0.notes,it1_0.product_id,it1_0.quantity,it1_0.reference_id,it1_0.reference_type,it1_0.tenant_id,it1_0.transaction_type from inventory_transactions it1_0 where it1_0.tenant_id=? and it1_0.product_id=? order by it1_0.created_at desc
]]></system-out>
  </testcase>
  <testcase name="test9_RolePermissionSalesCannotAdjustInventory" classname="com.rentflow.ai.ProductInventoryFoundationTest" time="0.027"/>
  <testcase name="test3_AvailabilityCalculationAvailable" classname="com.rentflow.ai.ProductInventoryFoundationTest" time="0.012">
    <system-out><![CDATA[Hibernate: select p1_0.id,p1_0.category_id,p1_0.created_at,p1_0.description,p1_0.image_url,p1_0.name,p1_0.product_type,p1_0.quantity_damaged,p1_0.quantity_in_maintenance,p1_0.quantity_lost,p1_0.quantity_owned,p1_0.rental_price,p1_0.replacement_cost,p1_0.sku,p1_0.status,p1_0.tenant_id,p1_0.updated_at from products p1_0 where p1_0.tenant_id=? and p1_0.id=?
Hibernate: select ir1_0.id,ir1_0.booking_id,ir1_0.created_at,ir1_0.end_date_time,ir1_0.event_id,ir1_0.product_id,ir1_0.quantity,ir1_0.start_date_time,ir1_0.status,ir1_0.tenant_id,ir1_0.updated_at from inventory_reservations ir1_0 where ir1_0.tenant_id=? and ir1_0.product_id=? and (ir1_0.status='RESERVED' or ir1_0.status='PENDING') and ir1_0.start_date_time<? and ir1_0.end_date_time>?
Hibernate: select e1_0.id,e1_0.city,e1_0.created_at,e1_0.customer_id,e1_0.end_time,e1_0.event_date,e1_0.event_name,e1_0.event_type,e1_0.guest_count,e1_0.special_instructions,e1_0.start_time,e1_0.state,e1_0.status,e1_0.tenant_id,e1_0.updated_at,e1_0.venue_address,e1_0.venue_name,e1_0.zip_code from events e1_0 where e1_0.id=?
]]></system-out>
  </testcase>
  <testcase name="test15_AICopilotReservationRequiresApproval" classname="com.rentflow.ai.ProductInventoryFoundationTest" time="0.007">
    <failure message="expected: &lt;ACTION_REQUIRES_APPROVAL&gt; but was: &lt;PERMISSION_DENIED&gt;" type="org.opentest4j.AssertionFailedError"><![CDATA[org.opentest4j.AssertionFailedError: expected: <ACTION_REQUIRES_APPROVAL> but was: <PERMISSION_DENIED>
	at org.junit.jupiter.api.AssertionFailureBuilder.build(AssertionFailureBuilder.java:151)
	at org.junit.jupiter.api.AssertionFailureBuilder.buildAndThrow(AssertionFailureBuilder.java:132)
	at org.junit.jupiter.api.AssertEquals.failNotEqual(AssertEquals.java:197)
	at org.junit.jupiter.api.AssertEquals.assertEquals(AssertEquals.java:182)
	at org.junit.jupiter.api.AssertEquals.assertEquals(AssertEquals.java:177)
	at org.junit.jupiter.api.Assertions.assertEquals(Assertions.java:1145)
	at com.rentflow.ai.ProductInventoryFoundationTest.test15_AICopilotReservationRequiresApproval(ProductInventoryFoundationTest.java:309)
	at java.base/java.lang.reflect.Method.invoke(Method.java:565)
	at java.base/java.util.ArrayList.forEach(ArrayList.java:1612)
	at java.base/java.util.ArrayList.forEach(ArrayList.java:1612)
]]></failure>
  </testcase>
  <testcase name="test10_RolePermissionWarehouseCanAdjustInventory" classname="com.rentflow.ai.ProductInventoryFoundationTest" time="0.022">
    <system-out><![CDATA[Hibernate: select p1_0.id,p1_0.category_id,p1_0.created_at,p1_0.description,p1_0.image_url,p1_0.name,p1_0.product_type,p1_0.quantity_damaged,p1_0.quantity_in_maintenance,p1_0.quantity_lost,p1_0.quantity_owned,p1_0.rental_price,p1_0.replacement_cost,p1_0.sku,p1_0.status,p1_0.tenant_id,p1_0.updated_at from products p1_0 where p1_0.tenant_id=? and p1_0.id=?
Hibernate: select it1_0.id,it1_0.created_at,it1_0.created_by,it1_0.notes,it1_0.product_id,it1_0.quantity,it1_0.reference_id,it1_0.reference_type,it1_0.tenant_id,it1_0.transaction_type from inventory_transactions it1_0 where it1_0.id=?
Hibernate: insert into inventory_transactions (created_at,created_by,notes,product_id,quantity,reference_id,reference_type,tenant_id,transaction_type,id) values (?,?,?,?,?,?,?,?,?,?)
Hibernate: update products set category_id=?,created_at=?,description=?,image_url=?,name=?,product_type=?,quantity_damaged=?,quantity_in_maintenance=?,quantity_lost=?,quantity_owned=?,rental_price=?,replacement_cost=?,sku=?,status=?,tenant_id=?,updated_at=? where id=?
]]></system-out>
  </testcase>
  <testcase name="test14_CancelledReservationIsExcludedFromAvailability" classname="com.rentflow.ai.ProductInventoryFoundationTest" time="0.035">
    <system-out><![CDATA[Hibernate: select p1_0.id,p1_0.category_id,p1_0.created_at,p1_0.description,p1_0.image_url,p1_0.name,p1_0.product_type,p1_0.quantity_damaged,p1_0.quantity_in_maintenance,p1_0.quantity_lost,p1_0.quantity_owned,p1_0.rental_price,p1_0.replacement_cost,p1_0.sku,p1_0.status,p1_0.tenant_id,p1_0.updated_at from products p1_0 where p1_0.tenant_id=? and p1_0.id=?
Hibernate: select ir1_0.id,ir1_0.booking_id,ir1_0.created_at,ir1_0.end_date_time,ir1_0.event_id,ir1_0.product_id,ir1_0.quantity,ir1_0.start_date_time,ir1_0.status,ir1_0.tenant_id,ir1_0.updated_at from inventory_reservations ir1_0 where ir1_0.id=?
Hibernate: select it1_0.id,it1_0.created_at,it1_0.created_by,it1_0.notes,it1_0.product_id,it1_0.quantity,it1_0.reference_id,it1_0.reference_type,it1_0.tenant_id,it1_0.transaction_type from inventory_transactions it1_0 where it1_0.id=?
Hibernate: insert into inventory_reservations (booking_id,created_at,end_date_time,event_id,product_id,quantity,start_date_time,status,tenant_id,updated_at,id) values (?,?,?,?,?,?,?,?,?,?,?)
Hibernate: insert into inventory_transactions (created_at,created_by,notes,product_id,quantity,reference_id,reference_type,tenant_id,transaction_type,id) values (?,?,?,?,?,?,?,?,?,?)
Hibernate: select ir1_0.id,ir1_0.booking_id,ir1_0.created_at,ir1_0.end_date_time,ir1_0.event_id,ir1_0.product_id,ir1_0.quantity,ir1_0.start_date_time,ir1_0.status,ir1_0.tenant_id,ir1_0.updated_at from inventory_reservations ir1_0 where ir1_0.tenant_id=? and ir1_0.id=?
Hibernate: select it1_0.id,it1_0.created_at,it1_0.created_by,it1_0.notes,it1_0.product_id,it1_0.quantity,it1_0.reference_id,it1_0.reference_type,it1_0.tenant_id,it1_0.transaction_type from inventory_transactions it1_0 where it1_0.id=?
Hibernate: select p1_0.id,p1_0.category_id,p1_0.created_at,p1_0.description,p1_0.image_url,p1_0.name,p1_0.product_type,p1_0.quantity_damaged,p1_0.quantity_in_maintenance,p1_0.quantity_lost,p1_0.quantity_owned,p1_0.rental_price,p1_0.replacement_cost,p1_0.sku,p1_0.status,p1_0.tenant_id,p1_0.updated_at from products p1_0 where p1_0.id=?
Hibernate: insert into inventory_transactions (created_at,created_by,notes,product_id,quantity,reference_id,reference_type,tenant_id,transaction_type,id) values (?,?,?,?,?,?,?,?,?,?)
Hibernate: update inventory_reservations set booking_id=?,created_at=?,end_date_time=?,event_id=?,product_id=?,quantity=?,start_date_time=?,status=?,tenant_id=?,updated_at=? where id=?
Hibernate: select p1_0.id,p1_0.category_id,p1_0.created_at,p1_0.description,p1_0.image_url,p1_0.name,p1_0.product_type,p1_0.quantity_damaged,p1_0.quantity_in_maintenance,p1_0.quantity_lost,p1_0.quantity_owned,p1_0.rental_price,p1_0.replacement_cost,p1_0.sku,p1_0.status,p1_0.tenant_id,p1_0.updated_at from products p1_0 where p1_0.tenant_id=? and p1_0.id=?
Hibernate: select ir1_0.id,ir1_0.booking_id,ir1_0.created_at,ir1_0.end_date_time,ir1_0.event_id,ir1_0.product_id,ir1_0.quantity,ir1_0.start_date_time,ir1_0.status,ir1_0.tenant_id,ir1_0.updated_at from inventory_reservations ir1_0 where ir1_0.tenant_id=? and ir1_0.product_id=? and (ir1_0.status='RESERVED' or ir1_0.status='PENDING') and ir1_0.start_date_time<? and ir1_0.end_date_time>?
]]></system-out>
  </testcase>
</testsuite>