<?xml version="1.0" encoding="UTF-8"?>
<testsuite xmlns:xsi="http://www.w3.org/2001/XMLSchema-instance" xsi:noNamespaceSchemaLocation="https://maven.apache.org/surefire/maven-surefire-plugin/xsd/surefire-test-report-3.0.xsd" version="3.0" name="com.rentflow.invoice.InvoiceControllerTest" time="1.727" tests="4" errors="0" skipped="0" failures="0">
  <properties>
[...]
</properties>
  <testcase name="testCreateInvoiceApi" classname="com.rentflow.invoice.InvoiceControllerTest" time="0.16">
    <system-out><![CDATA[2026-08-22T18:20:25.516+05:30  INFO 39044 --- [RentFlow AI Backend] [           main] t.c.s.AnnotationConfigContextLoaderUtils : Could not detect default configuration classes for test class [com.rentflow.invoice.InvoiceControllerTest]: InvoiceControllerTest does not declare any static, non-private, non-final, nested classes annotated with @Configuration.
2026-08-22T18:20:25.536+05:30  INFO 39044 --- [RentFlow AI Backend] [           main] .b.t.c.SpringBootTestContextBootstrapper : Found @SpringBootConfiguration com.rentflow.BackendApplication for test class com.rentflow.invoice.InvoiceControllerTest

  .   ____          _            __ _ _
 /\\ / ___'_ __ _ _(_)_ __  __ _ \ \ \ \
( ( )\___ | '_ | '_| | '_ \/ _` | \ \ \ \
 \\/  ___)| |_)| | | | | || (_| |  ) ) ) )
  '  |____| .__|_| |_|_| |_\__, | / / / /
 =========|_|==============|___/=/_/_/_/
 :: Spring Boot ::                (v3.2.4)

2026-08-22T18:20:25.564+05:30  INFO 39044 --- [RentFlow AI Backend] [           main] c.r.invoice.InvoiceControllerTest        : Starting InvoiceControllerTest using Java 26.0.1 with PID 39044 (started by yarra in C:\dev\rentflow-ai\backend)
2026-08-22T18:20:25.564+05:30  INFO 39044 --- [RentFlow AI Backend] [           main] c.r.invoice.InvoiceControllerTest        : No active profile set, falling back to 1 default profile: "default"
2026-08-22T18:20:25.831+05:30  INFO 39044 --- [RentFlow AI Backend] [           main] .s.d.r.c.RepositoryConfigurationDelegate : Bootstrapping Spring Data JPA repositories in DEFAULT mode.
2026-08-22T18:20:25.893+05:30  INFO 39044 --- [RentFlow AI Backend] [           main] .s.d.r.c.RepositoryConfigurationDelegate : Finished Spring Data repository scanning in 61 ms. Found 30 JPA repository interfaces.
2026-08-22T18:20:26.007+05:30  INFO 39044 --- [RentFlow AI Backend] [           main] o.hibernate.jpa.internal.util.LogHelper  : HHH000204: Processing PersistenceUnitInfo [name: default]
2026-08-22T18:20:26.011+05:30  INFO 39044 --- [RentFlow AI Backend] [           main] o.h.c.internal.RegionFactoryInitiator    : HHH000026: Second-level cache disabled
2026-08-22T18:20:26.018+05:30  INFO 39044 --- [RentFlow AI Backend] [           main] o.s.o.j.p.SpringPersistenceUnitInfo      : No LoadTimeWeaver setup: ignoring JPA class transformer
2026-08-22T18:20:26.019+05:30  INFO 39044 --- [RentFlow AI Backend] [           main] com.zaxxer.hikari.HikariDataSource       : HikariPool-3 - Starting...
2026-08-22T18:20:26.020+05:30  INFO 39044 --- [RentFlow AI Backend] [           main] com.zaxxer.hikari.pool.HikariPool        : HikariPool-3 - Added connection conn20: url=jdbc:h2:mem:rentflow user=SA
2026-08-22T18:20:26.020+05:30  INFO 39044 --- [RentFlow AI Backend] [           main] com.zaxxer.hikari.HikariDataSource       : HikariPool-3 - Start completed.
2026-08-22T18:20:26.021+05:30  WARN 39044 --- [RentFlow AI Backend] [           main] org.hibernate.orm.deprecation            : HHH90000025: H2Dialect does not need to be specified explicitly using 'hibernate.dialect' (remove the property setting and it will be selected by default)
2026-08-22T18:20:26.339+05:30  INFO 39044 --- [RentFlow AI Backend] [           main] o.h.e.t.j.p.i.JtaPlatformInitiator       : HHH000489: No JTA platform available (set 'hibernate.transaction.jta.platform' to enable JTA platform integration)
2026-08-22T18:20:26.348+05:30  INFO 39044 --- [RentFlow AI Backend] [           main] j.LocalContainerEntityManagerFactoryBean : Initialized JPA EntityManagerFactory for persistence unit 'default'
2026-08-22T18:20:26.799+05:30  WARN 39044 --- [RentFlow AI Backend] [           main] JpaBaseConfiguration$JpaWebConfiguration : spring.jpa.open-in-view is enabled by default. Therefore, database queries may be performed during view rendering. Explicitly configure spring.jpa.open-in-view to disable this warning
2026-08-22T18:20:26.876+05:30  INFO 39044 --- [RentFlow AI Backend] [           main] o.s.b.a.h2.H2ConsoleAutoConfiguration    : H2 console available at '/h2-console'. Database available at 'jdbc:h2:mem:rentflow'
2026-08-22T18:20:26.936+05:30  INFO 39044 --- [RentFlow AI Backend] [           main] o.s.b.t.m.w.SpringBootMockServletContext : Initializing Spring TestDispatcherServlet ''
2026-08-22T18:20:26.936+05:30  INFO 39044 --- [RentFlow AI Backend] [           main] o.s.t.web.servlet.TestDispatcherServlet  : Initializing Servlet ''
2026-08-22T18:20:26.937+05:30  INFO 39044 --- [RentFlow AI Backend] [           main] o.s.t.web.servlet.TestDispatcherServlet  : Completed initialization in 0 ms
2026-08-22T18:20:26.947+05:30  INFO 39044 --- [RentFlow AI Backend] [           main] c.r.invoice.InvoiceControllerTest        : Started InvoiceControllerTest in 1.407 seconds (process running for 18.566)
Hibernate: select count(*) from payment p1_0
Hibernate: select count(*) from notification_templates nt1_0
Hibernate: select count(*) from notifications n1_0
Hibernate: select count(*) from customer_users cu1_0
Hibernate: select count(*) from customers c1_0
Hibernate: select count(*) from invoices i1_0
Hibernate: select count(*) from product_categories pc1_0
Hibernate: select count(*) from permission p1_0
Hibernate: select count(*) from quotes q1_0
Hibernate: select i1_0.id from invoices i1_0 where i1_0.tenant_id=? and i1_0.booking_id=? and i1_0.status<>? fetch first ? rows only
Hibernate: insert into customers (alternate_phone,billing_address,city,company_name,country,created_at,customer_number,customer_type,email,first_name,last_name,notes,phone,shipping_address,state,status,tenant_id,updated_at,zip_code,id) values (?,?,?,?,?,?,?,?,?,?,?,?,?,?,?,?,?,?,?,?)
Hibernate: insert into booking (balance_due,booking_date,booking_number,breakdown_fee,created_at,created_by,customer_id,delivery_fee,deposit_paid,deposit_required,discount_amount,event_id,internal_notes,notes,pickup_fee,quote_id,rental_end_date_time,rental_start_date_time,service_fee,setup_fee,status,subtotal,tax_amount,tenant_id,total_amount,updated_at,id) values (?,?,?,?,?,?,?,?,?,?,?,?,?,?,?,?,?,?,?,?,?,?,?,?,?,?,?)
Hibernate: insert into booking_item (booking_id,created_at,description,line_subtotal,product_id,quantity,rental_end_date_time,rental_start_date_time,unit_price,updated_at,id) values (?,?,?,?,?,?,?,?,?,?,?)
Hibernate: select b1_0.id,b1_0.balance_due,b1_0.booking_date,b1_0.booking_number,b1_0.breakdown_fee,b1_0.created_at,b1_0.created_by,b1_0.customer_id,b1_0.delivery_fee,b1_0.deposit_paid,b1_0.deposit_required,b1_0.discount_amount,b1_0.event_id,b1_0.internal_notes,b1_0.notes,b1_0.pickup_fee,b1_0.quote_id,b1_0.rental_end_date_time,b1_0.rental_start_date_time,b1_0.service_fee,b1_0.setup_fee,b1_0.status,b1_0.subtotal,b1_0.tax_amount,b1_0.tenant_id,b1_0.total_amount,b1_0.updated_at from booking b1_0 where b1_0.tenant_id=? and b1_0.id=?
Hibernate: select bi1_0.id,bi1_0.booking_id,bi1_0.created_at,bi1_0.description,bi1_0.line_subtotal,bi1_0.product_id,bi1_0.quantity,bi1_0.rental_end_date_time,bi1_0.rental_start_date_time,bi1_0.unit_price,bi1_0.updated_at from booking_item bi1_0 where bi1_0.booking_id=?
Hibernate: select p1_0.id,p1_0.amount,p1_0.booking_id,p1_0.created_at,p1_0.created_by,p1_0.customer_id,p1_0.notes,p1_0.payment_date,p1_0.payment_method,p1_0.payment_status,p1_0.tenant_id,p1_0.transaction_reference,p1_0.updated_at from payment p1_0 where p1_0.tenant_id=? and p1_0.booking_id=? and p1_0.payment_status=?
Hibernate: select count(i1_0.id) from invoices i1_0 where i1_0.tenant_id=?
Hibernate: select e1_0.id,e1_0.city,e1_0.created_at,e1_0.customer_id,e1_0.end_time,e1_0.event_date,e1_0.event_name,e1_0.event_type,e1_0.guest_count,e1_0.special_instructions,e1_0.start_time,e1_0.state,e1_0.status,e1_0.tenant_id,e1_0.updated_at,e1_0.venue_address,e1_0.venue_name,e1_0.zip_code from events e1_0 where e1_0.id=?
Hibernate: insert into invoices (amount_paid,balance_due,billing_address,booking_id,city,company_name,country,created_at,created_by,customer_id,customer_name,discount,due_date,email,fees,invoice_number,issue_date,notes,phone,state,status,subtotal,tax,tenant_id,total_amount,updated_at,zip_code,id) values (?,?,?,?,?,?,?,?,?,?,?,?,?,?,?,?,?,?,?,?,?,?,?,?,?,?,?,?)
Hibernate: insert into invoice_items (created_at,description,discount,invoice_id,line_total,product_id,quantity,tax,unit_price,id) values (?,?,?,?,?,?,?,?,?,?)
Hibernate: insert into invoice_audits (action,booking_id,details,invoice_id,performed_by,tenant_id,timestamp,id) values (?,?,?,?,?,?,?,?)
Hibernate: select ii1_0.id,ii1_0.created_at,ii1_0.description,ii1_0.discount,ii1_0.invoice_id,ii1_0.line_total,ii1_0.product_id,ii1_0.quantity,ii1_0.tax,ii1_0.unit_price from invoice_items ii1_0 where ii1_0.invoice_id=?
Hibernate: select b1_0.id,b1_0.balance_due,b1_0.booking_date,b1_0.booking_number,b1_0.breakdown_fee,b1_0.created_at,b1_0.created_by,b1_0.customer_id,b1_0.delivery_fee,b1_0.deposit_paid,b1_0.deposit_required,b1_0.discount_amount,b1_0.event_id,b1_0.internal_notes,b1_0.notes,b1_0.pickup_fee,b1_0.quote_id,b1_0.rental_end_date_time,b1_0.rental_start_date_time,b1_0.service_fee,b1_0.setup_fee,b1_0.status,b1_0.subtotal,b1_0.tax_amount,b1_0.tenant_id,b1_0.total_amount,b1_0.updated_at from booking b1_0 where b1_0.tenant_id=? and b1_0.id=?
Hibernate: select p1_0.id,p1_0.amount,p1_0.booking_id,p1_0.created_at,p1_0.created_by,p1_0.customer_id,p1_0.notes,p1_0.payment_date,p1_0.payment_method,p1_0.payment_status,p1_0.tenant_id,p1_0.transaction_reference,p1_0.updated_at from payment p1_0 where p1_0.tenant_id=? and p1_0.booking_id=? order by p1_0.created_at desc
]]></system-out>
  </testcase>
  <testcase name="testUpdateStatusApi" classname="com.rentflow.invoice.InvoiceControllerTest" time="0.031">
    <system-out><![CDATA[Hibernate: select i1_0.id from invoices i1_0 where i1_0.tenant_id=? and i1_0.booking_id=? and i1_0.status<>? fetch first ? rows only
Hibernate: insert into customers (alternate_phone,billing_address,city,company_name,country,created_at,customer_number,customer_type,email,first_name,last_name,notes,phone,shipping_address,state,status,tenant_id,updated_at,zip_code,id) values (?,?,?,?,?,?,?,?,?,?,?,?,?,?,?,?,?,?,?,?)
Hibernate: insert into booking (balance_due,booking_date,booking_number,breakdown_fee,created_at,created_by,customer_id,delivery_fee,deposit_paid,deposit_required,discount_amount,event_id,internal_notes,notes,pickup_fee,quote_id,rental_end_date_time,rental_start_date_time,service_fee,setup_fee,status,subtotal,tax_amount,tenant_id,total_amount,updated_at,id) values (?,?,?,?,?,?,?,?,?,?,?,?,?,?,?,?,?,?,?,?,?,?,?,?,?,?,?)
Hibernate: insert into booking_item (booking_id,created_at,description,line_subtotal,product_id,quantity,rental_end_date_time,rental_start_date_time,unit_price,updated_at,id) values (?,?,?,?,?,?,?,?,?,?,?)
Hibernate: select b1_0.id,b1_0.balance_due,b1_0.booking_date,b1_0.booking_number,b1_0.breakdown_fee,b1_0.created_at,b1_0.created_by,b1_0.customer_id,b1_0.delivery_fee,b1_0.deposit_paid,b1_0.deposit_required,b1_0.discount_amount,b1_0.event_id,b1_0.internal_notes,b1_0.notes,b1_0.pickup_fee,b1_0.quote_id,b1_0.rental_end_date_time,b1_0.rental_start_date_time,b1_0.service_fee,b1_0.setup_fee,b1_0.status,b1_0.subtotal,b1_0.tax_amount,b1_0.tenant_id,b1_0.total_amount,b1_0.updated_at from booking b1_0 where b1_0.tenant_id=? and b1_0.id=?
Hibernate: select bi1_0.id,bi1_0.booking_id,bi1_0.created_at,bi1_0.description,bi1_0.line_subtotal,bi1_0.product_id,bi1_0.quantity,bi1_0.rental_end_date_time,bi1_0.rental_start_date_time,bi1_0.unit_price,bi1_0.updated_at from booking_item bi1_0 where bi1_0.booking_id=?
Hibernate: select p1_0.id,p1_0.amount,p1_0.booking_id,p1_0.created_at,p1_0.created_by,p1_0.customer_id,p1_0.notes,p1_0.payment_date,p1_0.payment_method,p1_0.payment_status,p1_0.tenant_id,p1_0.transaction_reference,p1_0.updated_at from payment p1_0 where p1_0.tenant_id=? and p1_0.booking_id=? and p1_0.payment_status=?
Hibernate: select count(i1_0.id) from invoices i1_0 where i1_0.tenant_id=?
Hibernate: select e1_0.id,e1_0.city,e1_0.created_at,e1_0.customer_id,e1_0.end_time,e1_0.event_date,e1_0.event_name,e1_0.event_type,e1_0.guest_count,e1_0.special_instructions,e1_0.start_time,e1_0.state,e1_0.status,e1_0.tenant_id,e1_0.updated_at,e1_0.venue_address,e1_0.venue_name,e1_0.zip_code from events e1_0 where e1_0.id=?
Hibernate: insert into invoices (amount_paid,balance_due,billing_address,booking_id,city,company_name,country,created_at,created_by,customer_id,customer_name,discount,due_date,email,fees,invoice_number,issue_date,notes,phone,state,status,subtotal,tax,tenant_id,total_amount,updated_at,zip_code,id) values (?,?,?,?,?,?,?,?,?,?,?,?,?,?,?,?,?,?,?,?,?,?,?,?,?,?,?,?)
Hibernate: insert into invoice_items (created_at,description,discount,invoice_id,line_total,product_id,quantity,tax,unit_price,id) values (?,?,?,?,?,?,?,?,?,?)
Hibernate: insert into invoice_audits (action,booking_id,details,invoice_id,performed_by,tenant_id,timestamp,id) values (?,?,?,?,?,?,?,?)
Hibernate: select ii1_0.id,ii1_0.created_at,ii1_0.description,ii1_0.discount,ii1_0.invoice_id,ii1_0.line_total,ii1_0.product_id,ii1_0.quantity,ii1_0.tax,ii1_0.unit_price from invoice_items ii1_0 where ii1_0.invoice_id=?
Hibernate: select b1_0.id,b1_0.balance_due,b1_0.booking_date,b1_0.booking_number,b1_0.breakdown_fee,b1_0.created_at,b1_0.created_by,b1_0.customer_id,b1_0.delivery_fee,b1_0.deposit_paid,b1_0.deposit_required,b1_0.discount_amount,b1_0.event_id,b1_0.internal_notes,b1_0.notes,b1_0.pickup_fee,b1_0.quote_id,b1_0.rental_end_date_time,b1_0.rental_start_date_time,b1_0.service_fee,b1_0.setup_fee,b1_0.status,b1_0.subtotal,b1_0.tax_amount,b1_0.tenant_id,b1_0.total_amount,b1_0.updated_at from booking b1_0 where b1_0.tenant_id=? and b1_0.id=?
Hibernate: select p1_0.id,p1_0.amount,p1_0.booking_id,p1_0.created_at,p1_0.created_by,p1_0.customer_id,p1_0.notes,p1_0.payment_date,p1_0.payment_method,p1_0.payment_status,p1_0.tenant_id,p1_0.transaction_reference,p1_0.updated_at from payment p1_0 where p1_0.tenant_id=? and p1_0.booking_id=? order by p1_0.created_at desc
Hibernate: select i1_0.id,i1_0.amount_paid,i1_0.balance_due,i1_0.billing_address,i1_0.booking_id,i1_0.city,i1_0.company_name,i1_0.country,i1_0.created_at,i1_0.created_by,i1_0.customer_id,i1_0.customer_name,i1_0.discount,i1_0.due_date,i1_0.email,i1_0.fees,i1_0.invoice_number,i1_0.issue_date,i1_0.notes,i1_0.phone,i1_0.state,i1_0.status,i1_0.subtotal,i1_0.tax,i1_0.tenant_id,i1_0.total_amount,i1_0.updated_at,i1_0.zip_code from invoices i1_0 where i1_0.tenant_id=? and i1_0.id=?
Hibernate: select e1_0.id,e1_0.city,e1_0.created_at,e1_0.customer_id,e1_0.end_time,e1_0.event_date,e1_0.event_name,e1_0.event_type,e1_0.guest_count,e1_0.special_instructions,e1_0.start_time,e1_0.state,e1_0.status,e1_0.tenant_id,e1_0.updated_at,e1_0.venue_address,e1_0.venue_name,e1_0.zip_code from events e1_0 where e1_0.id=?
Hibernate: select ii1_0.id,ii1_0.created_at,ii1_0.description,ii1_0.discount,ii1_0.invoice_id,ii1_0.line_total,ii1_0.product_id,ii1_0.quantity,ii1_0.tax,ii1_0.unit_price from invoice_items ii1_0 where ii1_0.invoice_id=?
Hibernate: select b1_0.id,b1_0.balance_due,b1_0.booking_date,b1_0.booking_number,b1_0.breakdown_fee,b1_0.created_at,b1_0.created_by,b1_0.customer_id,b1_0.delivery_fee,b1_0.deposit_paid,b1_0.deposit_required,b1_0.discount_amount,b1_0.event_id,b1_0.internal_notes,b1_0.notes,b1_0.pickup_fee,b1_0.quote_id,b1_0.rental_end_date_time,b1_0.rental_start_date_time,b1_0.service_fee,b1_0.setup_fee,b1_0.status,b1_0.subtotal,b1_0.tax_amount,b1_0.tenant_id,b1_0.total_amount,b1_0.updated_at from booking b1_0 where b1_0.tenant_id=? and b1_0.id=?
Hibernate: select p1_0.id,p1_0.amount,p1_0.booking_id,p1_0.created_at,p1_0.created_by,p1_0.customer_id,p1_0.notes,p1_0.payment_date,p1_0.payment_method,p1_0.payment_status,p1_0.tenant_id,p1_0.transaction_reference,p1_0.updated_at from payment p1_0 where p1_0.tenant_id=? and p1_0.booking_id=? order by p1_0.created_at desc
]]></system-out>
  </testcase>
  <testcase name="testListInvoicesApi" classname="com.rentflow.invoice.InvoiceControllerTest" time="0.048">
    <system-out><![CDATA[Hibernate: select i1_0.id from invoices i1_0 where i1_0.tenant_id=? and i1_0.booking_id=? and i1_0.status<>? fetch first ? rows only
Hibernate: insert into customers (alternate_phone,billing_address,city,company_name,country,created_at,customer_number,customer_type,email,first_name,last_name,notes,phone,shipping_address,state,status,tenant_id,updated_at,zip_code,id) values (?,?,?,?,?,?,?,?,?,?,?,?,?,?,?,?,?,?,?,?)
Hibernate: insert into booking (balance_due,booking_date,booking_number,breakdown_fee,created_at,created_by,customer_id,delivery_fee,deposit_paid,deposit_required,discount_amount,event_id,internal_notes,notes,pickup_fee,quote_id,rental_end_date_time,rental_start_date_time,service_fee,setup_fee,status,subtotal,tax_amount,tenant_id,total_amount,updated_at,id) values (?,?,?,?,?,?,?,?,?,?,?,?,?,?,?,?,?,?,?,?,?,?,?,?,?,?,?)
Hibernate: insert into booking_item (booking_id,created_at,description,line_subtotal,product_id,quantity,rental_end_date_time,rental_start_date_time,unit_price,updated_at,id) values (?,?,?,?,?,?,?,?,?,?,?)
Hibernate: select b1_0.id,b1_0.balance_due,b1_0.booking_date,b1_0.booking_number,b1_0.breakdown_fee,b1_0.created_at,b1_0.created_by,b1_0.customer_id,b1_0.delivery_fee,b1_0.deposit_paid,b1_0.deposit_required,b1_0.discount_amount,b1_0.event_id,b1_0.internal_notes,b1_0.notes,b1_0.pickup_fee,b1_0.quote_id,b1_0.rental_end_date_time,b1_0.rental_start_date_time,b1_0.service_fee,b1_0.setup_fee,b1_0.status,b1_0.subtotal,b1_0.tax_amount,b1_0.tenant_id,b1_0.total_amount,b1_0.updated_at from booking b1_0 where b1_0.tenant_id=? and b1_0.id=?
Hibernate: select bi1_0.id,bi1_0.booking_id,bi1_0.created_at,bi1_0.description,bi1_0.line_subtotal,bi1_0.product_id,bi1_0.quantity,bi1_0.rental_end_date_time,bi1_0.rental_start_date_time,bi1_0.unit_price,bi1_0.updated_at from booking_item bi1_0 where bi1_0.booking_id=?
Hibernate: select p1_0.id,p1_0.amount,p1_0.booking_id,p1_0.created_at,p1_0.created_by,p1_0.customer_id,p1_0.notes,p1_0.payment_date,p1_0.payment_method,p1_0.payment_status,p1_0.tenant_id,p1_0.transaction_reference,p1_0.updated_at from payment p1_0 where p1_0.tenant_id=? and p1_0.booking_id=? and p1_0.payment_status=?
Hibernate: select count(i1_0.id) from invoices i1_0 where i1_0.tenant_id=?
Hibernate: select e1_0.id,e1_0.city,e1_0.created_at,e1_0.customer_id,e1_0.end_time,e1_0.event_date,e1_0.event_name,e1_0.event_type,e1_0.guest_count,e1_0.special_instructions,e1_0.start_time,e1_0.state,e1_0.status,e1_0.tenant_id,e1_0.updated_at,e1_0.venue_address,e1_0.venue_name,e1_0.zip_code from events e1_0 where e1_0.id=?
Hibernate: insert into invoices (amount_paid,balance_due,billing_address,booking_id,city,company_name,country,created_at,created_by,customer_id,customer_name,discount,due_date,email,fees,invoice_number,issue_date,notes,phone,state,status,subtotal,tax,tenant_id,total_amount,updated_at,zip_code,id) values (?,?,?,?,?,?,?,?,?,?,?,?,?,?,?,?,?,?,?,?,?,?,?,?,?,?,?,?)
Hibernate: insert into invoice_items (created_at,description,discount,invoice_id,line_total,product_id,quantity,tax,unit_price,id) values (?,?,?,?,?,?,?,?,?,?)
Hibernate: insert into invoice_audits (action,booking_id,details,invoice_id,performed_by,tenant_id,timestamp,id) values (?,?,?,?,?,?,?,?)
Hibernate: select ii1_0.id,ii1_0.created_at,ii1_0.description,ii1_0.discount,ii1_0.invoice_id,ii1_0.line_total,ii1_0.product_id,ii1_0.quantity,ii1_0.tax,ii1_0.unit_price from invoice_items ii1_0 where ii1_0.invoice_id=?
Hibernate: select b1_0.id,b1_0.balance_due,b1_0.booking_date,b1_0.booking_number,b1_0.breakdown_fee,b1_0.created_at,b1_0.created_by,b1_0.customer_id,b1_0.delivery_fee,b1_0.deposit_paid,b1_0.deposit_required,b1_0.discount_amount,b1_0.event_id,b1_0.internal_notes,b1_0.notes,b1_0.pickup_fee,b1_0.quote_id,b1_0.rental_end_date_time,b1_0.rental_start_date_time,b1_0.service_fee,b1_0.setup_fee,b1_0.status,b1_0.subtotal,b1_0.tax_amount,b1_0.tenant_id,b1_0.total_amount,b1_0.updated_at from booking b1_0 where b1_0.tenant_id=? and b1_0.id=?
Hibernate: select p1_0.id,p1_0.amount,p1_0.booking_id,p1_0.created_at,p1_0.created_by,p1_0.customer_id,p1_0.notes,p1_0.payment_date,p1_0.payment_method,p1_0.payment_status,p1_0.tenant_id,p1_0.transaction_reference,p1_0.updated_at from payment p1_0 where p1_0.tenant_id=? and p1_0.booking_id=? order by p1_0.created_at desc
Hibernate: select i1_0.id,i1_0.amount_paid,i1_0.balance_due,i1_0.billing_address,i1_0.booking_id,i1_0.city,i1_0.company_name,i1_0.country,i1_0.created_at,i1_0.created_by,i1_0.customer_id,i1_0.customer_name,i1_0.discount,i1_0.due_date,i1_0.email,i1_0.fees,i1_0.invoice_number,i1_0.issue_date,i1_0.notes,i1_0.phone,i1_0.state,i1_0.status,i1_0.subtotal,i1_0.tax,i1_0.tenant_id,i1_0.total_amount,i1_0.updated_at,i1_0.zip_code from invoices i1_0 where i1_0.tenant_id=? and (? is null or i1_0.status=?) and (? is null or i1_0.customer_id=?) and (? is null or i1_0.booking_id=?) and (? is null or lower(i1_0.invoice_number) like lower(('%'||?||'%')) escape '' or lower(i1_0.customer_name) like lower(('%'||?||'%')) escape '' or lower(i1_0.company_name) like lower(('%'||?||'%')) escape '') order by i1_0.created_at desc
Hibernate: select e1_0.id,e1_0.city,e1_0.created_at,e1_0.customer_id,e1_0.end_time,e1_0.event_date,e1_0.event_name,e1_0.event_type,e1_0.guest_count,e1_0.special_instructions,e1_0.start_time,e1_0.state,e1_0.status,e1_0.tenant_id,e1_0.updated_at,e1_0.venue_address,e1_0.venue_name,e1_0.zip_code from events e1_0 where e1_0.id=?
Hibernate: select ii1_0.id,ii1_0.created_at,ii1_0.description,ii1_0.discount,ii1_0.invoice_id,ii1_0.line_total,ii1_0.product_id,ii1_0.quantity,ii1_0.tax,ii1_0.unit_price from invoice_items ii1_0 where ii1_0.invoice_id=?
Hibernate: select b1_0.id,b1_0.balance_due,b1_0.booking_date,b1_0.booking_number,b1_0.breakdown_fee,b1_0.created_at,b1_0.created_by,b1_0.customer_id,b1_0.delivery_fee,b1_0.deposit_paid,b1_0.deposit_required,b1_0.discount_amount,b1_0.event_id,b1_0.internal_notes,b1_0.notes,b1_0.pickup_fee,b1_0.quote_id,b1_0.rental_end_date_time,b1_0.rental_start_date_time,b1_0.service_fee,b1_0.setup_fee,b1_0.status,b1_0.subtotal,b1_0.tax_amount,b1_0.tenant_id,b1_0.total_amount,b1_0.updated_at from booking b1_0 where b1_0.tenant_id=? and b1_0.id=?
Hibernate: select p1_0.id,p1_0.amount,p1_0.booking_id,p1_0.created_at,p1_0.created_by,p1_0.customer_id,p1_0.notes,p1_0.payment_date,p1_0.payment_method,p1_0.payment_status,p1_0.tenant_id,p1_0.transaction_reference,p1_0.updated_at from payment p1_0 where p1_0.tenant_id=? and p1_0.booking_id=? order by p1_0.created_at desc
]]></system-out>
  </testcase>
  <testcase name="testVoidInvoiceApi" classname="com.rentflow.invoice.InvoiceControllerTest" time="0.028">
    <system-out><![CDATA[Hibernate: select i1_0.id from invoices i1_0 where i1_0.tenant_id=? and i1_0.booking_id=? and i1_0.status<>? fetch first ? rows only
Hibernate: insert into customers (alternate_phone,billing_address,city,company_name,country,created_at,customer_number,customer_type,email,first_name,last_name,notes,phone,shipping_address,state,status,tenant_id,updated_at,zip_code,id) values (?,?,?,?,?,?,?,?,?,?,?,?,?,?,?,?,?,?,?,?)
Hibernate: insert into booking (balance_due,booking_date,booking_number,breakdown_fee,created_at,created_by,customer_id,delivery_fee,deposit_paid,deposit_required,discount_amount,event_id,internal_notes,notes,pickup_fee,quote_id,rental_end_date_time,rental_start_date_time,service_fee,setup_fee,status,subtotal,tax_amount,tenant_id,total_amount,updated_at,id) values (?,?,?,?,?,?,?,?,?,?,?,?,?,?,?,?,?,?,?,?,?,?,?,?,?,?,?)
Hibernate: insert into booking_item (booking_id,created_at,description,line_subtotal,product_id,quantity,rental_end_date_time,rental_start_date_time,unit_price,updated_at,id) values (?,?,?,?,?,?,?,?,?,?,?)
Hibernate: select b1_0.id,b1_0.balance_due,b1_0.booking_date,b1_0.booking_number,b1_0.breakdown_fee,b1_0.created_at,b1_0.created_by,b1_0.customer_id,b1_0.delivery_fee,b1_0.deposit_paid,b1_0.deposit_required,b1_0.discount_amount,b1_0.event_id,b1_0.internal_notes,b1_0.notes,b1_0.pickup_fee,b1_0.quote_id,b1_0.rental_end_date_time,b1_0.rental_start_date_time,b1_0.service_fee,b1_0.setup_fee,b1_0.status,b1_0.subtotal,b1_0.tax_amount,b1_0.tenant_id,b1_0.total_amount,b1_0.updated_at from booking b1_0 where b1_0.tenant_id=? and b1_0.id=?
Hibernate: select bi1_0.id,bi1_0.booking_id,bi1_0.created_at,bi1_0.description,bi1_0.line_subtotal,bi1_0.product_id,bi1_0.quantity,bi1_0.rental_end_date_time,bi1_0.rental_start_date_time,bi1_0.unit_price,bi1_0.updated_at from booking_item bi1_0 where bi1_0.booking_id=?
Hibernate: select p1_0.id,p1_0.amount,p1_0.booking_id,p1_0.created_at,p1_0.created_by,p1_0.customer_id,p1_0.notes,p1_0.payment_date,p1_0.payment_method,p1_0.payment_status,p1_0.tenant_id,p1_0.transaction_reference,p1_0.updated_at from payment p1_0 where p1_0.tenant_id=? and p1_0.booking_id=? and p1_0.payment_status=?
Hibernate: select count(i1_0.id) from invoices i1_0 where i1_0.tenant_id=?
Hibernate: select e1_0.id,e1_0.city,e1_0.created_at,e1_0.customer_id,e1_0.end_time,e1_0.event_date,e1_0.event_name,e1_0.event_type,e1_0.guest_count,e1_0.special_instructions,e1_0.start_time,e1_0.state,e1_0.status,e1_0.tenant_id,e1_0.updated_at,e1_0.venue_address,e1_0.venue_name,e1_0.zip_code from events e1_0 where e1_0.id=?
Hibernate: insert into invoices (amount_paid,balance_due,billing_address,booking_id,city,company_name,country,created_at,created_by,customer_id,customer_name,discount,due_date,email,fees,invoice_number,issue_date,notes,phone,state,status,subtotal,tax,tenant_id,total_amount,updated_at,zip_code,id) values (?,?,?,?,?,?,?,?,?,?,?,?,?,?,?,?,?,?,?,?,?,?,?,?,?,?,?,?)
Hibernate: insert into invoice_items (created_at,description,discount,invoice_id,line_total,product_id,quantity,tax,unit_price,id) values (?,?,?,?,?,?,?,?,?,?)
Hibernate: insert into invoice_audits (action,booking_id,details,invoice_id,performed_by,tenant_id,timestamp,id) values (?,?,?,?,?,?,?,?)
Hibernate: select ii1_0.id,ii1_0.created_at,ii1_0.description,ii1_0.discount,ii1_0.invoice_id,ii1_0.line_total,ii1_0.product_id,ii1_0.quantity,ii1_0.tax,ii1_0.unit_price from invoice_items ii1_0 where ii1_0.invoice_id=?
Hibernate: select b1_0.id,b1_0.balance_due,b1_0.booking_date,b1_0.booking_number,b1_0.breakdown_fee,b1_0.created_at,b1_0.created_by,b1_0.customer_id,b1_0.delivery_fee,b1_0.deposit_paid,b1_0.deposit_required,b1_0.discount_amount,b1_0.event_id,b1_0.internal_notes,b1_0.notes,b1_0.pickup_fee,b1_0.quote_id,b1_0.rental_end_date_time,b1_0.rental_start_date_time,b1_0.service_fee,b1_0.setup_fee,b1_0.status,b1_0.subtotal,b1_0.tax_amount,b1_0.tenant_id,b1_0.total_amount,b1_0.updated_at from booking b1_0 where b1_0.tenant_id=? and b1_0.id=?
Hibernate: select p1_0.id,p1_0.amount,p1_0.booking_id,p1_0.created_at,p1_0.created_by,p1_0.customer_id,p1_0.notes,p1_0.payment_date,p1_0.payment_method,p1_0.payment_status,p1_0.tenant_id,p1_0.transaction_reference,p1_0.updated_at from payment p1_0 where p1_0.tenant_id=? and p1_0.booking_id=? order by p1_0.created_at desc
Hibernate: select i1_0.id,i1_0.amount_paid,i1_0.balance_due,i1_0.billing_address,i1_0.booking_id,i1_0.city,i1_0.company_name,i1_0.country,i1_0.created_at,i1_0.created_by,i1_0.customer_id,i1_0.customer_name,i1_0.discount,i1_0.due_date,i1_0.email,i1_0.fees,i1_0.invoice_number,i1_0.issue_date,i1_0.notes,i1_0.phone,i1_0.state,i1_0.status,i1_0.subtotal,i1_0.tax,i1_0.tenant_id,i1_0.total_amount,i1_0.updated_at,i1_0.zip_code from invoices i1_0 where i1_0.tenant_id=? and i1_0.id=?
Hibernate: select e1_0.id,e1_0.city,e1_0.created_at,e1_0.customer_id,e1_0.end_time,e1_0.event_date,e1_0.event_name,e1_0.event_type,e1_0.guest_count,e1_0.special_instructions,e1_0.start_time,e1_0.state,e1_0.status,e1_0.tenant_id,e1_0.updated_at,e1_0.venue_address,e1_0.venue_name,e1_0.zip_code from events e1_0 where e1_0.id=?
Hibernate: select ii1_0.id,ii1_0.created_at,ii1_0.description,ii1_0.discount,ii1_0.invoice_id,ii1_0.line_total,ii1_0.product_id,ii1_0.quantity,ii1_0.tax,ii1_0.unit_price from invoice_items ii1_0 where ii1_0.invoice_id=?
Hibernate: select b1_0.id,b1_0.balance_due,b1_0.booking_date,b1_0.booking_number,b1_0.breakdown_fee,b1_0.created_at,b1_0.created_by,b1_0.customer_id,b1_0.delivery_fee,b1_0.deposit_paid,b1_0.deposit_required,b1_0.discount_amount,b1_0.event_id,b1_0.internal_notes,b1_0.notes,b1_0.pickup_fee,b1_0.quote_id,b1_0.rental_end_date_time,b1_0.rental_start_date_time,b1_0.service_fee,b1_0.setup_fee,b1_0.status,b1_0.subtotal,b1_0.tax_amount,b1_0.tenant_id,b1_0.total_amount,b1_0.updated_at from booking b1_0 where b1_0.tenant_id=? and b1_0.id=?
Hibernate: select p1_0.id,p1_0.amount,p1_0.booking_id,p1_0.created_at,p1_0.created_by,p1_0.customer_id,p1_0.notes,p1_0.payment_date,p1_0.payment_method,p1_0.payment_status,p1_0.tenant_id,p1_0.transaction_reference,p1_0.updated_at from payment p1_0 where p1_0.tenant_id=? and p1_0.booking_id=? order by p1_0.created_at desc
]]></system-out>
  </testcase>
</testsuite>