<?xml version="1.0" encoding="UTF-8"?>
<testsuite xmlns:xsi="http://www.w3.org/2001/XMLSchema-instance" xsi:noNamespaceSchemaLocation="https://maven.apache.org/surefire/maven-surefire-plugin/xsd/surefire-test-report-3.0.xsd" version="3.0" name="com.rentflow.ai.CrmFoundationTest" time="1.861" tests="11" errors="0" skipped="0" failures="0">
  <properties>
[...]
</properties>
  <testcase name="test6_ConvertLead" classname="com.rentflow.ai.CrmFoundationTest" time="0.053">
    <system-out><![CDATA[2026-08-22T18:20:22.250+05:30  INFO 39044 --- [RentFlow AI Backend] [           main] t.c.s.AnnotationConfigContextLoaderUtils : Could not detect default configuration classes for test class [com.rentflow.ai.CrmFoundationTest]: CrmFoundationTest does not declare any static, non-private, non-final, nested classes annotated with @Configuration.
2026-08-22T18:20:22.253+05:30  INFO 39044 --- [RentFlow AI Backend] [           main] .b.t.c.SpringBootTestContextBootstrapper : Found @SpringBootConfiguration com.rentflow.BackendApplication for test class com.rentflow.ai.CrmFoundationTest

  .   ____          _            __ _ _
 /\\ / ___'_ __ _ _(_)_ __  __ _ \ \ \ \
( ( )\___ | '_ | '_| | '_ \/ _` | \ \ \ \
 \\/  ___)| |_)| | | | | || (_| |  ) ) ) )
  '  |____| .__|_| |_|_| |_\__, | / / / /
 =========|_|==============|___/=/_/_/_/
 :: Spring Boot ::                (v3.2.4)

2026-08-22T18:20:22.328+05:30  INFO 39044 --- [RentFlow AI Backend] [           main] com.rentflow.ai.CrmFoundationTest        : Starting CrmFoundationTest using Java 26.0.1 with PID 39044 (started by yarra in C:\dev\rentflow-ai\backend)
2026-08-22T18:20:22.328+05:30  INFO 39044 --- [RentFlow AI Backend] [           main] com.rentflow.ai.CrmFoundationTest        : No active profile set, falling back to 1 default profile: "default"
2026-08-22T18:20:22.625+05:30  INFO 39044 --- [RentFlow AI Backend] [           main] .s.d.r.c.RepositoryConfigurationDelegate : Bootstrapping Spring Data JPA repositories in DEFAULT mode.
2026-08-22T18:20:22.680+05:30  INFO 39044 --- [RentFlow AI Backend] [           main] .s.d.r.c.RepositoryConfigurationDelegate : Finished Spring Data repository scanning in 53 ms. Found 30 JPA repository interfaces.
2026-08-22T18:20:22.774+05:30  INFO 39044 --- [RentFlow AI Backend] [           main] o.hibernate.jpa.internal.util.LogHelper  : HHH000204: Processing PersistenceUnitInfo [name: default]
2026-08-22T18:20:22.778+05:30  INFO 39044 --- [RentFlow AI Backend] [           main] o.h.c.internal.RegionFactoryInitiator    : HHH000026: Second-level cache disabled
2026-08-22T18:20:22.786+05:30  INFO 39044 --- [RentFlow AI Backend] [           main] o.s.o.j.p.SpringPersistenceUnitInfo      : No LoadTimeWeaver setup: ignoring JPA class transformer
2026-08-22T18:20:22.788+05:30  INFO 39044 --- [RentFlow AI Backend] [           main] com.zaxxer.hikari.HikariDataSource       : HikariPool-2 - Starting...
2026-08-22T18:20:22.789+05:30  INFO 39044 --- [RentFlow AI Backend] [           main] com.zaxxer.hikari.pool.HikariPool        : HikariPool-2 - Added connection conn10: url=jdbc:h2:mem:rentflow user=SA
2026-08-22T18:20:22.789+05:30  INFO 39044 --- [RentFlow AI Backend] [           main] com.zaxxer.hikari.HikariDataSource       : HikariPool-2 - Start completed.
2026-08-22T18:20:22.789+05:30  WARN 39044 --- [RentFlow AI Backend] [           main] org.hibernate.orm.deprecation            : HHH90000025: H2Dialect does not need to be specified explicitly using 'hibernate.dialect' (remove the property setting and it will be selected by default)
2026-08-22T18:20:23.115+05:30  INFO 39044 --- [RentFlow AI Backend] [           main] o.h.e.t.j.p.i.JtaPlatformInitiator       : HHH000489: No JTA platform available (set 'hibernate.transaction.jta.platform' to enable JTA platform integration)
2026-08-22T18:20:23.138+05:30  INFO 39044 --- [RentFlow AI Backend] [           main] j.LocalContainerEntityManagerFactoryBean : Initialized JPA EntityManagerFactory for persistence unit 'default'
2026-08-22T18:20:23.680+05:30  WARN 39044 --- [RentFlow AI Backend] [           main] JpaBaseConfiguration$JpaWebConfiguration : spring.jpa.open-in-view is enabled by default. Therefore, database queries may be performed during view rendering. Explicitly configure spring.jpa.open-in-view to disable this warning
2026-08-22T18:20:23.798+05:30  INFO 39044 --- [RentFlow AI Backend] [           main] o.s.b.a.h2.H2ConsoleAutoConfiguration    : H2 console available at '/h2-console'. Database available at 'jdbc:h2:mem:rentflow'
2026-08-22T18:20:23.816+05:30  INFO 39044 --- [RentFlow AI Backend] [           main] com.rentflow.ai.CrmFoundationTest        : Started CrmFoundationTest in 1.545 seconds (process running for 15.434)
Hibernate: select count(*) from payment p1_0
Hibernate: select count(*) from quotes q1_0
Hibernate: select count(*) from notification_templates nt1_0
Hibernate: select count(*) from notifications n1_0
Hibernate: select count(*) from product_categories pc1_0
Hibernate: select count(*) from customers c1_0
Hibernate: select count(*) from customer_users cu1_0
Hibernate: select count(*) from permission p1_0
Hibernate: select count(*) from invoices i1_0
Hibernate: select er1_0.id,er1_0.created_at,er1_0.description,er1_0.event_id,er1_0.notes,er1_0.quantity,er1_0.tenant_id from event_requirements er1_0
Hibernate: delete from event_requirements where id=?
Hibernate: delete from event_requirements where id=?
Hibernate: delete from event_requirements where id=?
Hibernate: delete from event_requirements where id=?
Hibernate: select e1_0.id,e1_0.city,e1_0.created_at,e1_0.customer_id,e1_0.end_time,e1_0.event_date,e1_0.event_name,e1_0.event_type,e1_0.guest_count,e1_0.special_instructions,e1_0.start_time,e1_0.state,e1_0.status,e1_0.tenant_id,e1_0.updated_at,e1_0.venue_address,e1_0.venue_name,e1_0.zip_code from events e1_0
Hibernate: delete from events where id=?
Hibernate: delete from events where id=?
Hibernate: select c1_0.id,c1_0.alternate_phone,c1_0.billing_address,c1_0.city,c1_0.company_name,c1_0.country,c1_0.created_at,c1_0.customer_number,c1_0.customer_type,c1_0.email,c1_0.first_name,c1_0.last_name,c1_0.notes,c1_0.phone,c1_0.shipping_address,c1_0.state,c1_0.status,c1_0.tenant_id,c1_0.updated_at,c1_0.zip_code from customers c1_0
Hibernate: delete from customers where id=?
Hibernate: delete from customers where id=?
Hibernate: select l1_0.id,l1_0.assigned_to,l1_0.company_name,l1_0.created_at,l1_0.email,l1_0.event_date,l1_0.event_type,l1_0.first_name,l1_0.guest_count,l1_0.last_name,l1_0.notes,l1_0.phone,l1_0.source,l1_0.status,l1_0.tenant_id,l1_0.updated_at,l1_0.venue_name from leads l1_0
Hibernate: delete from leads where id=?
Hibernate: delete from leads where id=?
Hibernate: insert into leads (assigned_to,company_name,created_at,email,event_date,event_type,first_name,guest_count,last_name,notes,phone,source,status,tenant_id,updated_at,venue_name,id) values (?,?,?,?,?,?,?,?,?,?,?,?,?,?,?,?,?)
Hibernate: select l1_0.id,l1_0.assigned_to,l1_0.company_name,l1_0.created_at,l1_0.email,l1_0.event_date,l1_0.event_type,l1_0.first_name,l1_0.guest_count,l1_0.last_name,l1_0.notes,l1_0.phone,l1_0.source,l1_0.status,l1_0.tenant_id,l1_0.updated_at,l1_0.venue_name from leads l1_0 where l1_0.tenant_id=? and l1_0.id=?
Hibernate: select c1_0.id,c1_0.alternate_phone,c1_0.billing_address,c1_0.city,c1_0.company_name,c1_0.country,c1_0.created_at,c1_0.customer_number,c1_0.customer_type,c1_0.email,c1_0.first_name,c1_0.last_name,c1_0.notes,c1_0.phone,c1_0.shipping_address,c1_0.state,c1_0.status,c1_0.tenant_id,c1_0.updated_at,c1_0.zip_code from customers c1_0 where c1_0.tenant_id=? and upper(c1_0.email)=upper(?) fetch first ? rows only
Hibernate: select count(c1_0.id) from customers c1_0 where c1_0.tenant_id=?
Hibernate: select e1_0.id,e1_0.city,e1_0.created_at,e1_0.customer_id,e1_0.end_time,e1_0.event_date,e1_0.event_name,e1_0.event_type,e1_0.guest_count,e1_0.special_instructions,e1_0.start_time,e1_0.state,e1_0.status,e1_0.tenant_id,e1_0.updated_at,e1_0.venue_address,e1_0.venue_name,e1_0.zip_code from events e1_0 where e1_0.tenant_id=? and e1_0.customer_id=?
Hibernate: insert into customers (alternate_phone,billing_address,city,company_name,country,created_at,customer_number,customer_type,email,first_name,last_name,notes,phone,shipping_address,state,status,tenant_id,updated_at,zip_code,id) values (?,?,?,?,?,?,?,?,?,?,?,?,?,?,?,?,?,?,?,?)
Hibernate: insert into events (city,created_at,customer_id,end_time,event_date,event_name,event_type,guest_count,special_instructions,start_time,state,status,tenant_id,updated_at,venue_address,venue_name,zip_code,id) values (?,?,?,?,?,?,?,?,?,?,?,?,?,?,?,?,?,?)
Hibernate: select c1_0.id,c1_0.alternate_phone,c1_0.billing_address,c1_0.city,c1_0.company_name,c1_0.country,c1_0.created_at,c1_0.customer_number,c1_0.customer_type,c1_0.email,c1_0.first_name,c1_0.last_name,c1_0.notes,c1_0.phone,c1_0.shipping_address,c1_0.state,c1_0.status,c1_0.tenant_id,c1_0.updated_at,c1_0.zip_code from customers c1_0 where c1_0.tenant_id=? and c1_0.id=?
Hibernate: insert into event_requirements (created_at,description,event_id,notes,quantity,tenant_id,id) values (?,?,?,?,?,?,?)
Hibernate: insert into event_requirements (created_at,description,event_id,notes,quantity,tenant_id,id) values (?,?,?,?,?,?,?)
Hibernate: insert into event_requirements (created_at,description,event_id,notes,quantity,tenant_id,id) values (?,?,?,?,?,?,?)
Hibernate: update leads set assigned_to=?,company_name=?,created_at=?,email=?,event_date=?,event_type=?,first_name=?,guest_count=?,last_name=?,notes=?,phone=?,source=?,status=?,tenant_id=?,updated_at=?,venue_name=? where id=?
Hibernate: select l1_0.id,l1_0.assigned_to,l1_0.company_name,l1_0.created_at,l1_0.email,l1_0.event_date,l1_0.event_type,l1_0.first_name,l1_0.guest_count,l1_0.last_name,l1_0.notes,l1_0.phone,l1_0.source,l1_0.status,l1_0.tenant_id,l1_0.updated_at,l1_0.venue_name from leads l1_0 where l1_0.tenant_id=? and l1_0.id=?
]]></system-out>
  </testcase>
  <testcase name="test1_CreateLead" classname="com.rentflow.ai.CrmFoundationTest" time="0.02">
    <system-out><![CDATA[Hibernate: select er1_0.id,er1_0.created_at,er1_0.description,er1_0.event_id,er1_0.notes,er1_0.quantity,er1_0.tenant_id from event_requirements er1_0
Hibernate: delete from event_requirements where id=?
Hibernate: delete from event_requirements where id=?
Hibernate: delete from event_requirements where id=?
Hibernate: select e1_0.id,e1_0.city,e1_0.created_at,e1_0.customer_id,e1_0.end_time,e1_0.event_date,e1_0.event_name,e1_0.event_type,e1_0.guest_count,e1_0.special_instructions,e1_0.start_time,e1_0.state,e1_0.status,e1_0.tenant_id,e1_0.updated_at,e1_0.venue_address,e1_0.venue_name,e1_0.zip_code from events e1_0
Hibernate: delete from events where id=?
Hibernate: select c1_0.id,c1_0.alternate_phone,c1_0.billing_address,c1_0.city,c1_0.company_name,c1_0.country,c1_0.created_at,c1_0.customer_number,c1_0.customer_type,c1_0.email,c1_0.first_name,c1_0.last_name,c1_0.notes,c1_0.phone,c1_0.shipping_address,c1_0.state,c1_0.status,c1_0.tenant_id,c1_0.updated_at,c1_0.zip_code from customers c1_0
Hibernate: delete from customers where id=?
Hibernate: select l1_0.id,l1_0.assigned_to,l1_0.company_name,l1_0.created_at,l1_0.email,l1_0.event_date,l1_0.event_type,l1_0.first_name,l1_0.guest_count,l1_0.last_name,l1_0.notes,l1_0.phone,l1_0.source,l1_0.status,l1_0.tenant_id,l1_0.updated_at,l1_0.venue_name from leads l1_0
Hibernate: delete from leads where id=?
Hibernate: insert into leads (assigned_to,company_name,created_at,email,event_date,event_type,first_name,guest_count,last_name,notes,phone,source,status,tenant_id,updated_at,venue_name,id) values (?,?,?,?,?,?,?,?,?,?,?,?,?,?,?,?,?)
]]></system-out>
  </testcase>
  <testcase name="test10_WarehouseUserCannotEditCustomer" classname="com.rentflow.ai.CrmFoundationTest" time="0.017">
    <system-out><![CDATA[Hibernate: select er1_0.id,er1_0.created_at,er1_0.description,er1_0.event_id,er1_0.notes,er1_0.quantity,er1_0.tenant_id from event_requirements er1_0
Hibernate: select e1_0.id,e1_0.city,e1_0.created_at,e1_0.customer_id,e1_0.end_time,e1_0.event_date,e1_0.event_name,e1_0.event_type,e1_0.guest_count,e1_0.special_instructions,e1_0.start_time,e1_0.state,e1_0.status,e1_0.tenant_id,e1_0.updated_at,e1_0.venue_address,e1_0.venue_name,e1_0.zip_code from events e1_0
Hibernate: select c1_0.id,c1_0.alternate_phone,c1_0.billing_address,c1_0.city,c1_0.company_name,c1_0.country,c1_0.created_at,c1_0.customer_number,c1_0.customer_type,c1_0.email,c1_0.first_name,c1_0.last_name,c1_0.notes,c1_0.phone,c1_0.shipping_address,c1_0.state,c1_0.status,c1_0.tenant_id,c1_0.updated_at,c1_0.zip_code from customers c1_0
Hibernate: select l1_0.id,l1_0.assigned_to,l1_0.company_name,l1_0.created_at,l1_0.email,l1_0.event_date,l1_0.event_type,l1_0.first_name,l1_0.guest_count,l1_0.last_name,l1_0.notes,l1_0.phone,l1_0.source,l1_0.status,l1_0.tenant_id,l1_0.updated_at,l1_0.venue_name from leads l1_0
Hibernate: delete from leads where id=?
Hibernate: select count(c1_0.id) from customers c1_0 where c1_0.tenant_id=?
Hibernate: select e1_0.id,e1_0.city,e1_0.created_at,e1_0.customer_id,e1_0.end_time,e1_0.event_date,e1_0.event_name,e1_0.event_type,e1_0.guest_count,e1_0.special_instructions,e1_0.start_time,e1_0.state,e1_0.status,e1_0.tenant_id,e1_0.updated_at,e1_0.venue_address,e1_0.venue_name,e1_0.zip_code from events e1_0 where e1_0.tenant_id=? and e1_0.customer_id=?
Hibernate: insert into customers (alternate_phone,billing_address,city,company_name,country,created_at,customer_number,customer_type,email,first_name,last_name,notes,phone,shipping_address,state,status,tenant_id,updated_at,zip_code,id) values (?,?,?,?,?,?,?,?,?,?,?,?,?,?,?,?,?,?,?,?)
]]></system-out>
  </testcase>
  <testcase name="test9_SalesUserCanCreateLead" classname="com.rentflow.ai.CrmFoundationTest" time="0.016">
    <system-out><![CDATA[Hibernate: select er1_0.id,er1_0.created_at,er1_0.description,er1_0.event_id,er1_0.notes,er1_0.quantity,er1_0.tenant_id from event_requirements er1_0
Hibernate: select e1_0.id,e1_0.city,e1_0.created_at,e1_0.customer_id,e1_0.end_time,e1_0.event_date,e1_0.event_name,e1_0.event_type,e1_0.guest_count,e1_0.special_instructions,e1_0.start_time,e1_0.state,e1_0.status,e1_0.tenant_id,e1_0.updated_at,e1_0.venue_address,e1_0.venue_name,e1_0.zip_code from events e1_0
Hibernate: select c1_0.id,c1_0.alternate_phone,c1_0.billing_address,c1_0.city,c1_0.company_name,c1_0.country,c1_0.created_at,c1_0.customer_number,c1_0.customer_type,c1_0.email,c1_0.first_name,c1_0.last_name,c1_0.notes,c1_0.phone,c1_0.shipping_address,c1_0.state,c1_0.status,c1_0.tenant_id,c1_0.updated_at,c1_0.zip_code from customers c1_0
Hibernate: delete from customers where id=?
Hibernate: select l1_0.id,l1_0.assigned_to,l1_0.company_name,l1_0.created_at,l1_0.email,l1_0.event_date,l1_0.event_type,l1_0.first_name,l1_0.guest_count,l1_0.last_name,l1_0.notes,l1_0.phone,l1_0.source,l1_0.status,l1_0.tenant_id,l1_0.updated_at,l1_0.venue_name from leads l1_0
Hibernate: insert into leads (assigned_to,company_name,created_at,email,event_date,event_type,first_name,guest_count,last_name,notes,phone,source,status,tenant_id,updated_at,venue_name,id) values (?,?,?,?,?,?,?,?,?,?,?,?,?,?,?,?,?)
]]></system-out>
  </testcase>
  <testcase name="test5_CreateEventRequirement" classname="com.rentflow.ai.CrmFoundationTest" time="0.02">
    <system-out><![CDATA[Hibernate: select er1_0.id,er1_0.created_at,er1_0.description,er1_0.event_id,er1_0.notes,er1_0.quantity,er1_0.tenant_id from event_requirements er1_0
Hibernate: select e1_0.id,e1_0.city,e1_0.created_at,e1_0.customer_id,e1_0.end_time,e1_0.event_date,e1_0.event_name,e1_0.event_type,e1_0.guest_count,e1_0.special_instructions,e1_0.start_time,e1_0.state,e1_0.status,e1_0.tenant_id,e1_0.updated_at,e1_0.venue_address,e1_0.venue_name,e1_0.zip_code from events e1_0
Hibernate: select c1_0.id,c1_0.alternate_phone,c1_0.billing_address,c1_0.city,c1_0.company_name,c1_0.country,c1_0.created_at,c1_0.customer_number,c1_0.customer_type,c1_0.email,c1_0.first_name,c1_0.last_name,c1_0.notes,c1_0.phone,c1_0.shipping_address,c1_0.state,c1_0.status,c1_0.tenant_id,c1_0.updated_at,c1_0.zip_code from customers c1_0
Hibernate: select l1_0.id,l1_0.assigned_to,l1_0.company_name,l1_0.created_at,l1_0.email,l1_0.event_date,l1_0.event_type,l1_0.first_name,l1_0.guest_count,l1_0.last_name,l1_0.notes,l1_0.phone,l1_0.source,l1_0.status,l1_0.tenant_id,l1_0.updated_at,l1_0.venue_name from leads l1_0
Hibernate: delete from leads where id=?
Hibernate: select count(c1_0.id) from customers c1_0 where c1_0.tenant_id=?
Hibernate: select e1_0.id,e1_0.city,e1_0.created_at,e1_0.customer_id,e1_0.end_time,e1_0.event_date,e1_0.event_name,e1_0.event_type,e1_0.guest_count,e1_0.special_instructions,e1_0.start_time,e1_0.state,e1_0.status,e1_0.tenant_id,e1_0.updated_at,e1_0.venue_address,e1_0.venue_name,e1_0.zip_code from events e1_0 where e1_0.tenant_id=? and e1_0.customer_id=?
Hibernate: insert into customers (alternate_phone,billing_address,city,company_name,country,created_at,customer_number,customer_type,email,first_name,last_name,notes,phone,shipping_address,state,status,tenant_id,updated_at,zip_code,id) values (?,?,?,?,?,?,?,?,?,?,?,?,?,?,?,?,?,?,?,?)
Hibernate: select c1_0.id,c1_0.alternate_phone,c1_0.billing_address,c1_0.city,c1_0.company_name,c1_0.country,c1_0.created_at,c1_0.customer_number,c1_0.customer_type,c1_0.email,c1_0.first_name,c1_0.last_name,c1_0.notes,c1_0.phone,c1_0.shipping_address,c1_0.state,c1_0.status,c1_0.tenant_id,c1_0.updated_at,c1_0.zip_code from customers c1_0 where c1_0.tenant_id=? and c1_0.id=?
Hibernate: insert into events (city,created_at,customer_id,end_time,event_date,event_name,event_type,guest_count,special_instructions,start_time,state,status,tenant_id,updated_at,venue_address,venue_name,zip_code,id) values (?,?,?,?,?,?,?,?,?,?,?,?,?,?,?,?,?,?)
Hibernate: insert into event_requirements (created_at,description,event_id,notes,quantity,tenant_id,id) values (?,?,?,?,?,?,?)
]]></system-out>
  </testcase>
  <testcase name="test11_CustomerCanOnlyAccessEvents" classname="com.rentflow.ai.CrmFoundationTest" time="0.015">
    <system-out><![CDATA[Hibernate: select er1_0.id,er1_0.created_at,er1_0.description,er1_0.event_id,er1_0.notes,er1_0.quantity,er1_0.tenant_id from event_requirements er1_0
Hibernate: delete from event_requirements where id=?
Hibernate: select e1_0.id,e1_0.city,e1_0.created_at,e1_0.customer_id,e1_0.end_time,e1_0.event_date,e1_0.event_name,e1_0.event_type,e1_0.guest_count,e1_0.special_instructions,e1_0.start_time,e1_0.state,e1_0.status,e1_0.tenant_id,e1_0.updated_at,e1_0.venue_address,e1_0.venue_name,e1_0.zip_code from events e1_0
Hibernate: delete from events where id=?
Hibernate: select c1_0.id,c1_0.alternate_phone,c1_0.billing_address,c1_0.city,c1_0.company_name,c1_0.country,c1_0.created_at,c1_0.customer_number,c1_0.customer_type,c1_0.email,c1_0.first_name,c1_0.last_name,c1_0.notes,c1_0.phone,c1_0.shipping_address,c1_0.state,c1_0.status,c1_0.tenant_id,c1_0.updated_at,c1_0.zip_code from customers c1_0
Hibernate: delete from customers where id=?
Hibernate: select l1_0.id,l1_0.assigned_to,l1_0.company_name,l1_0.created_at,l1_0.email,l1_0.event_date,l1_0.event_type,l1_0.first_name,l1_0.guest_count,l1_0.last_name,l1_0.notes,l1_0.phone,l1_0.source,l1_0.status,l1_0.tenant_id,l1_0.updated_at,l1_0.venue_name from leads l1_0
Hibernate: select e1_0.id,e1_0.city,e1_0.created_at,e1_0.customer_id,e1_0.end_time,e1_0.event_date,e1_0.event_name,e1_0.event_type,e1_0.guest_count,e1_0.special_instructions,e1_0.start_time,e1_0.state,e1_0.status,e1_0.tenant_id,e1_0.updated_at,e1_0.venue_address,e1_0.venue_name,e1_0.zip_code from events e1_0 where e1_0.tenant_id=?
]]></system-out>
  </testcase>
  <testcase name="test8_TenantIsolation" classname="com.rentflow.ai.CrmFoundationTest" time="0.016">
    <system-out><![CDATA[Hibernate: select er1_0.id,er1_0.created_at,er1_0.description,er1_0.event_id,er1_0.notes,er1_0.quantity,er1_0.tenant_id from event_requirements er1_0
Hibernate: select e1_0.id,e1_0.city,e1_0.created_at,e1_0.customer_id,e1_0.end_time,e1_0.event_date,e1_0.event_name,e1_0.event_type,e1_0.guest_count,e1_0.special_instructions,e1_0.start_time,e1_0.state,e1_0.status,e1_0.tenant_id,e1_0.updated_at,e1_0.venue_address,e1_0.venue_name,e1_0.zip_code from events e1_0
Hibernate: select c1_0.id,c1_0.alternate_phone,c1_0.billing_address,c1_0.city,c1_0.company_name,c1_0.country,c1_0.created_at,c1_0.customer_number,c1_0.customer_type,c1_0.email,c1_0.first_name,c1_0.last_name,c1_0.notes,c1_0.phone,c1_0.shipping_address,c1_0.state,c1_0.status,c1_0.tenant_id,c1_0.updated_at,c1_0.zip_code from customers c1_0
Hibernate: select l1_0.id,l1_0.assigned_to,l1_0.company_name,l1_0.created_at,l1_0.email,l1_0.event_date,l1_0.event_type,l1_0.first_name,l1_0.guest_count,l1_0.last_name,l1_0.notes,l1_0.phone,l1_0.source,l1_0.status,l1_0.tenant_id,l1_0.updated_at,l1_0.venue_name from leads l1_0
Hibernate: select count(c1_0.id) from customers c1_0 where c1_0.tenant_id=?
Hibernate: select e1_0.id,e1_0.city,e1_0.created_at,e1_0.customer_id,e1_0.end_time,e1_0.event_date,e1_0.event_name,e1_0.event_type,e1_0.guest_count,e1_0.special_instructions,e1_0.start_time,e1_0.state,e1_0.status,e1_0.tenant_id,e1_0.updated_at,e1_0.venue_address,e1_0.venue_name,e1_0.zip_code from events e1_0 where e1_0.tenant_id=? and e1_0.customer_id=?
Hibernate: insert into customers (alternate_phone,billing_address,city,company_name,country,created_at,customer_number,customer_type,email,first_name,last_name,notes,phone,shipping_address,state,status,tenant_id,updated_at,zip_code,id) values (?,?,?,?,?,?,?,?,?,?,?,?,?,?,?,?,?,?,?,?)
Hibernate: select c1_0.id,c1_0.alternate_phone,c1_0.billing_address,c1_0.city,c1_0.company_name,c1_0.country,c1_0.created_at,c1_0.customer_number,c1_0.customer_type,c1_0.email,c1_0.first_name,c1_0.last_name,c1_0.notes,c1_0.phone,c1_0.shipping_address,c1_0.state,c1_0.status,c1_0.tenant_id,c1_0.updated_at,c1_0.zip_code from customers c1_0 where c1_0.tenant_id=? and c1_0.id=?
]]></system-out>
  </testcase>
  <testcase name="test2_SearchLead" classname="com.rentflow.ai.CrmFoundationTest" time="0.017">
    <system-out><![CDATA[Hibernate: select er1_0.id,er1_0.created_at,er1_0.description,er1_0.event_id,er1_0.notes,er1_0.quantity,er1_0.tenant_id from event_requirements er1_0
Hibernate: select e1_0.id,e1_0.city,e1_0.created_at,e1_0.customer_id,e1_0.end_time,e1_0.event_date,e1_0.event_name,e1_0.event_type,e1_0.guest_count,e1_0.special_instructions,e1_0.start_time,e1_0.state,e1_0.status,e1_0.tenant_id,e1_0.updated_at,e1_0.venue_address,e1_0.venue_name,e1_0.zip_code from events e1_0
Hibernate: select c1_0.id,c1_0.alternate_phone,c1_0.billing_address,c1_0.city,c1_0.company_name,c1_0.country,c1_0.created_at,c1_0.customer_number,c1_0.customer_type,c1_0.email,c1_0.first_name,c1_0.last_name,c1_0.notes,c1_0.phone,c1_0.shipping_address,c1_0.state,c1_0.status,c1_0.tenant_id,c1_0.updated_at,c1_0.zip_code from customers c1_0
Hibernate: delete from customers where id=?
Hibernate: select l1_0.id,l1_0.assigned_to,l1_0.company_name,l1_0.created_at,l1_0.email,l1_0.event_date,l1_0.event_type,l1_0.first_name,l1_0.guest_count,l1_0.last_name,l1_0.notes,l1_0.phone,l1_0.source,l1_0.status,l1_0.tenant_id,l1_0.updated_at,l1_0.venue_name from leads l1_0
Hibernate: insert into leads (assigned_to,company_name,created_at,email,event_date,event_type,first_name,guest_count,last_name,notes,phone,source,status,tenant_id,updated_at,venue_name,id) values (?,?,?,?,?,?,?,?,?,?,?,?,?,?,?,?,?)
Hibernate: select l1_0.id,l1_0.assigned_to,l1_0.company_name,l1_0.created_at,l1_0.email,l1_0.event_date,l1_0.event_type,l1_0.first_name,l1_0.guest_count,l1_0.last_name,l1_0.notes,l1_0.phone,l1_0.source,l1_0.status,l1_0.tenant_id,l1_0.updated_at,l1_0.venue_name from leads l1_0 where l1_0.tenant_id=? and (lower(l1_0.first_name) like lower(('%'||?||'%')) escape '' or lower(l1_0.last_name) like lower(('%'||?||'%')) escape '' or lower(l1_0.email) like lower(('%'||?||'%')) escape '' or lower(l1_0.phone) like lower(('%'||?||'%')) escape '' or lower(l1_0.company_name) like lower(('%'||?||'%')) escape '')
]]></system-out>
  </testcase>
  <testcase name="test4_CreateEventForCustomer" classname="com.rentflow.ai.CrmFoundationTest" time="0.012">
    <system-out><![CDATA[Hibernate: select er1_0.id,er1_0.created_at,er1_0.description,er1_0.event_id,er1_0.notes,er1_0.quantity,er1_0.tenant_id from event_requirements er1_0
Hibernate: select e1_0.id,e1_0.city,e1_0.created_at,e1_0.customer_id,e1_0.end_time,e1_0.event_date,e1_0.event_name,e1_0.event_type,e1_0.guest_count,e1_0.special_instructions,e1_0.start_time,e1_0.state,e1_0.status,e1_0.tenant_id,e1_0.updated_at,e1_0.venue_address,e1_0.venue_name,e1_0.zip_code from events e1_0
Hibernate: select c1_0.id,c1_0.alternate_phone,c1_0.billing_address,c1_0.city,c1_0.company_name,c1_0.country,c1_0.created_at,c1_0.customer_number,c1_0.customer_type,c1_0.email,c1_0.first_name,c1_0.last_name,c1_0.notes,c1_0.phone,c1_0.shipping_address,c1_0.state,c1_0.status,c1_0.tenant_id,c1_0.updated_at,c1_0.zip_code from customers c1_0
Hibernate: select l1_0.id,l1_0.assigned_to,l1_0.company_name,l1_0.created_at,l1_0.email,l1_0.event_date,l1_0.event_type,l1_0.first_name,l1_0.guest_count,l1_0.last_name,l1_0.notes,l1_0.phone,l1_0.source,l1_0.status,l1_0.tenant_id,l1_0.updated_at,l1_0.venue_name from leads l1_0
Hibernate: delete from leads where id=?
Hibernate: select count(c1_0.id) from customers c1_0 where c1_0.tenant_id=?
Hibernate: select e1_0.id,e1_0.city,e1_0.created_at,e1_0.customer_id,e1_0.end_time,e1_0.event_date,e1_0.event_name,e1_0.event_type,e1_0.guest_count,e1_0.special_instructions,e1_0.start_time,e1_0.state,e1_0.status,e1_0.tenant_id,e1_0.updated_at,e1_0.venue_address,e1_0.venue_name,e1_0.zip_code from events e1_0 where e1_0.tenant_id=? and e1_0.customer_id=?
Hibernate: insert into customers (alternate_phone,billing_address,city,company_name,country,created_at,customer_number,customer_type,email,first_name,last_name,notes,phone,shipping_address,state,status,tenant_id,updated_at,zip_code,id) values (?,?,?,?,?,?,?,?,?,?,?,?,?,?,?,?,?,?,?,?)
Hibernate: select c1_0.id,c1_0.alternate_phone,c1_0.billing_address,c1_0.city,c1_0.company_name,c1_0.country,c1_0.created_at,c1_0.customer_number,c1_0.customer_type,c1_0.email,c1_0.first_name,c1_0.last_name,c1_0.notes,c1_0.phone,c1_0.shipping_address,c1_0.state,c1_0.status,c1_0.tenant_id,c1_0.updated_at,c1_0.zip_code from customers c1_0 where c1_0.tenant_id=? and c1_0.id=?
Hibernate: insert into events (city,created_at,customer_id,end_time,event_date,event_name,event_type,guest_count,special_instructions,start_time,state,status,tenant_id,updated_at,venue_address,venue_name,zip_code,id) values (?,?,?,?,?,?,?,?,?,?,?,?,?,?,?,?,?,?)
]]></system-out>
  </testcase>
  <testcase name="test3_CreateCustomer" classname="com.rentflow.ai.CrmFoundationTest" time="0.013">
    <system-out><![CDATA[Hibernate: select er1_0.id,er1_0.created_at,er1_0.description,er1_0.event_id,er1_0.notes,er1_0.quantity,er1_0.tenant_id from event_requirements er1_0
Hibernate: select e1_0.id,e1_0.city,e1_0.created_at,e1_0.customer_id,e1_0.end_time,e1_0.event_date,e1_0.event_name,e1_0.event_type,e1_0.guest_count,e1_0.special_instructions,e1_0.start_time,e1_0.state,e1_0.status,e1_0.tenant_id,e1_0.updated_at,e1_0.venue_address,e1_0.venue_name,e1_0.zip_code from events e1_0
Hibernate: delete from events where id=?
Hibernate: select c1_0.id,c1_0.alternate_phone,c1_0.billing_address,c1_0.city,c1_0.company_name,c1_0.country,c1_0.created_at,c1_0.customer_number,c1_0.customer_type,c1_0.email,c1_0.first_name,c1_0.last_name,c1_0.notes,c1_0.phone,c1_0.shipping_address,c1_0.state,c1_0.status,c1_0.tenant_id,c1_0.updated_at,c1_0.zip_code from customers c1_0
Hibernate: delete from customers where id=?
Hibernate: select l1_0.id,l1_0.assigned_to,l1_0.company_name,l1_0.created_at,l1_0.email,l1_0.event_date,l1_0.event_type,l1_0.first_name,l1_0.guest_count,l1_0.last_name,l1_0.notes,l1_0.phone,l1_0.source,l1_0.status,l1_0.tenant_id,l1_0.updated_at,l1_0.venue_name from leads l1_0
Hibernate: select count(c1_0.id) from customers c1_0 where c1_0.tenant_id=?
Hibernate: select e1_0.id,e1_0.city,e1_0.created_at,e1_0.customer_id,e1_0.end_time,e1_0.event_date,e1_0.event_name,e1_0.event_type,e1_0.guest_count,e1_0.special_instructions,e1_0.start_time,e1_0.state,e1_0.status,e1_0.tenant_id,e1_0.updated_at,e1_0.venue_address,e1_0.venue_name,e1_0.zip_code from events e1_0 where e1_0.tenant_id=? and e1_0.customer_id=?
Hibernate: insert into customers (alternate_phone,billing_address,city,company_name,country,created_at,customer_number,customer_type,email,first_name,last_name,notes,phone,shipping_address,state,status,tenant_id,updated_at,zip_code,id) values (?,?,?,?,?,?,?,?,?,?,?,?,?,?,?,?,?,?,?,?)
]]></system-out>
  </testcase>
  <testcase name="test7_DuplicateEmail" classname="com.rentflow.ai.CrmFoundationTest" time="0.017">
    <system-out><![CDATA[Hibernate: select er1_0.id,er1_0.created_at,er1_0.description,er1_0.event_id,er1_0.notes,er1_0.quantity,er1_0.tenant_id from event_requirements er1_0
Hibernate: select e1_0.id,e1_0.city,e1_0.created_at,e1_0.customer_id,e1_0.end_time,e1_0.event_date,e1_0.event_name,e1_0.event_type,e1_0.guest_count,e1_0.special_instructions,e1_0.start_time,e1_0.state,e1_0.status,e1_0.tenant_id,e1_0.updated_at,e1_0.venue_address,e1_0.venue_name,e1_0.zip_code from events e1_0
Hibernate: select c1_0.id,c1_0.alternate_phone,c1_0.billing_address,c1_0.city,c1_0.company_name,c1_0.country,c1_0.created_at,c1_0.customer_number,c1_0.customer_type,c1_0.email,c1_0.first_name,c1_0.last_name,c1_0.notes,c1_0.phone,c1_0.shipping_address,c1_0.state,c1_0.status,c1_0.tenant_id,c1_0.updated_at,c1_0.zip_code from customers c1_0
Hibernate: delete from customers where id=?
Hibernate: select l1_0.id,l1_0.assigned_to,l1_0.company_name,l1_0.created_at,l1_0.email,l1_0.event_date,l1_0.event_type,l1_0.first_name,l1_0.guest_count,l1_0.last_name,l1_0.notes,l1_0.phone,l1_0.source,l1_0.status,l1_0.tenant_id,l1_0.updated_at,l1_0.venue_name from leads l1_0
Hibernate: select count(c1_0.id) from customers c1_0 where c1_0.tenant_id=?
Hibernate: select e1_0.id,e1_0.city,e1_0.created_at,e1_0.customer_id,e1_0.end_time,e1_0.event_date,e1_0.event_name,e1_0.event_type,e1_0.guest_count,e1_0.special_instructions,e1_0.start_time,e1_0.state,e1_0.status,e1_0.tenant_id,e1_0.updated_at,e1_0.venue_address,e1_0.venue_name,e1_0.zip_code from events e1_0 where e1_0.tenant_id=? and e1_0.customer_id=?
Hibernate: insert into customers (alternate_phone,billing_address,city,company_name,country,created_at,customer_number,customer_type,email,first_name,last_name,notes,phone,shipping_address,state,status,tenant_id,updated_at,zip_code,id) values (?,?,?,?,?,?,?,?,?,?,?,?,?,?,?,?,?,?,?,?)
Hibernate: insert into leads (assigned_to,company_name,created_at,email,event_date,event_type,first_name,guest_count,last_name,notes,phone,source,status,tenant_id,updated_at,venue_name,id) values (?,?,?,?,?,?,?,?,?,?,?,?,?,?,?,?,?)
Hibernate: select l1_0.id,l1_0.assigned_to,l1_0.company_name,l1_0.created_at,l1_0.email,l1_0.event_date,l1_0.event_type,l1_0.first_name,l1_0.guest_count,l1_0.last_name,l1_0.notes,l1_0.phone,l1_0.source,l1_0.status,l1_0.tenant_id,l1_0.updated_at,l1_0.venue_name from leads l1_0 where l1_0.tenant_id=? and l1_0.id=?
Hibernate: select c1_0.id,c1_0.alternate_phone,c1_0.billing_address,c1_0.city,c1_0.company_name,c1_0.country,c1_0.created_at,c1_0.customer_number,c1_0.customer_type,c1_0.email,c1_0.first_name,c1_0.last_name,c1_0.notes,c1_0.phone,c1_0.shipping_address,c1_0.state,c1_0.status,c1_0.tenant_id,c1_0.updated_at,c1_0.zip_code from customers c1_0 where c1_0.tenant_id=? and upper(c1_0.email)=upper(?) fetch first ? rows only
Hibernate: select e1_0.id,e1_0.city,e1_0.created_at,e1_0.customer_id,e1_0.end_time,e1_0.event_date,e1_0.event_name,e1_0.event_type,e1_0.guest_count,e1_0.special_instructions,e1_0.start_time,e1_0.state,e1_0.status,e1_0.tenant_id,e1_0.updated_at,e1_0.venue_address,e1_0.venue_name,e1_0.zip_code from events e1_0 where e1_0.tenant_id=? and e1_0.customer_id=?
]]></system-out>
  </testcase>
</testsuite>