<?xml version="1.0" encoding="UTF-8"?>
<testsuite xmlns:xsi="http://www.w3.org/2001/XMLSchema-instance" xsi:noNamespaceSchemaLocation="https://maven.apache.org/surefire/maven-surefire-plugin/xsd/surefire-test-report-3.0.xsd" version="3.0" name="com.rentflow.ai.BookingManagementFoundationTest" time="12.711" tests="14" errors="0" skipped="0" failures="0">
  <properties>
[...]
</properties>
  <testcase name="test3and4_bookingCreatesReservationsAndTransactions" classname="com.rentflow.ai.BookingManagementFoundationTest" time="0.808">
    <system-out><![CDATA[18:20:09.751 [main] INFO org.springframework.test.context.support.AnnotationConfigContextLoaderUtils -- Could not detect default configuration classes for test class [com.rentflow.ai.BookingManagementFoundationTest]: BookingManagementFoundationTest does not declare any static, non-private, non-final, nested classes annotated with @Configuration.
18:20:09.958 [main] INFO org.springframework.boot.test.context.SpringBootTestContextBootstrapper -- Found @SpringBootConfiguration com.rentflow.BackendApplication for test class com.rentflow.ai.BookingManagementFoundationTest

  .   ____          _            __ _ _
 /\\ / ___'_ __ _ _(_)_ __  __ _ \ \ \ \
( ( )\___ | '_ | '_| | '_ \/ _` | \ \ \ \
 \\/  ___)| |_)| | | | | || (_| |  ) ) ) )
  '  |____| .__|_| |_|_| |_\__, | / / / /
 =========|_|==============|___/=/_/_/_/
 :: Spring Boot ::                (v3.2.4)

2026-08-22T18:20:10.528+05:30  INFO 39044 --- [RentFlow AI Backend] [           main] c.r.ai.BookingManagementFoundationTest   : Starting BookingManagementFoundationTest using Java 26.0.1 with PID 39044 (started by yarra in C:\dev\rentflow-ai\backend)
2026-08-22T18:20:10.529+05:30  INFO 39044 --- [RentFlow AI Backend] [           main] c.r.ai.BookingManagementFoundationTest   : No active profile set, falling back to 1 default profile: "default"
2026-08-22T18:20:11.531+05:30  INFO 39044 --- [RentFlow AI Backend] [           main] .s.d.r.c.RepositoryConfigurationDelegate : Bootstrapping Spring Data JPA repositories in DEFAULT mode.
2026-08-22T18:20:11.767+05:30  INFO 39044 --- [RentFlow AI Backend] [           main] .s.d.r.c.RepositoryConfigurationDelegate : Finished Spring Data repository scanning in 226 ms. Found 30 JPA repository interfaces.
2026-08-22T18:20:12.599+05:30  INFO 39044 --- [RentFlow AI Backend] [           main] o.s.b.w.embedded.tomcat.TomcatWebServer  : Tomcat initialized with port 0 (http)
2026-08-22T18:20:12.648+05:30  INFO 39044 --- [RentFlow AI Backend] [           main] o.apache.catalina.core.StandardService   : Starting service [Tomcat]
2026-08-22T18:20:12.649+05:30  INFO 39044 --- [RentFlow AI Backend] [           main] o.apache.catalina.core.StandardEngine    : Starting Servlet engine: [Apache Tomcat/10.1.19]
2026-08-22T18:20:12.756+05:30  INFO 39044 --- [RentFlow AI Backend] [           main] o.a.c.c.C.[Tomcat].[localhost].[/]       : Initializing Spring embedded WebApplicationContext
2026-08-22T18:20:12.757+05:30  INFO 39044 --- [RentFlow AI Backend] [           main] w.s.c.ServletWebServerApplicationContext : Root WebApplicationContext: initialization completed in 2207 ms
2026-08-22T18:20:12.810+05:30  INFO 39044 --- [RentFlow AI Backend] [           main] com.zaxxer.hikari.HikariDataSource       : HikariPool-1 - Starting...
2026-08-22T18:20:13.128+05:30  INFO 39044 --- [RentFlow AI Backend] [           main] com.zaxxer.hikari.pool.HikariPool        : HikariPool-1 - Added connection conn0: url=jdbc:h2:mem:rentflow user=SA
2026-08-22T18:20:13.131+05:30  INFO 39044 --- [RentFlow AI Backend] [           main] com.zaxxer.hikari.HikariDataSource       : HikariPool-1 - Start completed.
2026-08-22T18:20:13.149+05:30  INFO 39044 --- [RentFlow AI Backend] [           main] o.s.b.a.h2.H2ConsoleAutoConfiguration    : H2 console available at '/h2-console'. Database available at 'jdbc:h2:mem:rentflow'
2026-08-22T18:20:13.373+05:30  INFO 39044 --- [RentFlow AI Backend] [           main] o.hibernate.jpa.internal.util.LogHelper  : HHH000204: Processing PersistenceUnitInfo [name: default]
2026-08-22T18:20:13.497+05:30  INFO 39044 --- [RentFlow AI Backend] [           main] org.hibernate.Version                    : HHH000412: Hibernate ORM core version 6.4.4.Final
2026-08-22T18:20:13.565+05:30  INFO 39044 --- [RentFlow AI Backend] [           main] o.h.c.internal.RegionFactoryInitiator    : HHH000026: Second-level cache disabled
2026-08-22T18:20:13.968+05:30  INFO 39044 --- [RentFlow AI Backend] [           main] o.s.o.j.p.SpringPersistenceUnitInfo      : No LoadTimeWeaver setup: ignoring JPA class transformer
2026-08-22T18:20:14.062+05:30  WARN 39044 --- [RentFlow AI Backend] [           main] org.hibernate.orm.deprecation            : HHH90000025: H2Dialect does not need to be specified explicitly using 'hibernate.dialect' (remove the property setting and it will be selected by default)
2026-08-22T18:20:16.268+05:30  INFO 39044 --- [RentFlow AI Backend] [           main] o.h.e.t.j.p.i.JtaPlatformInitiator       : HHH000489: No JTA platform available (set 'hibernate.transaction.jta.platform' to enable JTA platform integration)
Hibernate: create table app_user (id uuid not null, name varchar(255), tenant_id uuid, primary key (id))
Hibernate: create table booking (id uuid not null, balance_due numeric(10,2), booking_date date not null, booking_number varchar(255) not null, breakdown_fee numeric(10,2), created_at timestamp(6), created_by varchar(255), customer_id uuid not null, delivery_fee numeric(10,2), deposit_paid numeric(10,2), deposit_required numeric(10,2), discount_amount numeric(10,2), event_id uuid not null, internal_notes varchar(2000), notes varchar(2000), pickup_fee numeric(10,2), quote_id uuid not null, rental_end_date_time timestamp(6) not null, rental_start_date_time timestamp(6) not null, service_fee numeric(10,2), setup_fee numeric(10,2), status varchar(255) not null check (status in ('PENDING','CONFIRMED','DEPOSIT_PENDING','PARTIALLY_PAID','PAID','READY_FOR_FULFILLMENT','IN_PROGRESS','COMPLETED','CANCELLED','NO_SHOW')), subtotal numeric(10,2), tax_amount numeric(10,2), tenant_id varchar(255) not null, total_amount numeric(10,2), updated_at timestamp(6), primary key (id))
Hibernate: create table booking_item (id uuid not null, booking_id uuid not null, created_at timestamp(6), description varchar(255) not null, line_subtotal numeric(10,2), product_id uuid not null, quantity integer not null, rental_end_date_time timestamp(6) not null, rental_start_date_time timestamp(6) not null, unit_price numeric(10,2) not null, updated_at timestamp(6), primary key (id))
Hibernate: create table customer_requests (id uuid not null, booking_id uuid, created_at timestamp(6), customer_id uuid not null, message varchar(2000) not null, quote_id uuid, request_type varchar(255) not null check (request_type in ('QUOTE_CHANGE','DELIVERY_QUESTION','BOOKING_QUESTION','BILLING_QUESTION','GENERAL')), status varchar(255) not null check (status in ('OPEN','IN_PROGRESS','RESOLVED','CLOSED')), subject varchar(255) not null, tenant_id varchar(255) not null, updated_at timestamp(6), primary key (id))
Hibernate: create table customer_users (id uuid not null, active boolean not null, created_at timestamp(6), customer_id uuid not null, email varchar(255) not null, password_hash varchar(255) not null, tenant_id varchar(255) not null, updated_at timestamp(6), user_id uuid not null, primary key (id))
Hibernate: create table customers (id uuid not null, alternate_phone varchar(255), billing_address varchar(255), city varchar(255), company_name varchar(255), country varchar(255), created_at timestamp(6), customer_number varchar(255) not null, customer_type varchar(255) not null check (customer_type in ('INDIVIDUAL','BUSINESS','VENUE','EVENT_PLANNER','CORPORATE','NONPROFIT','OTHER')), email varchar(255) not null, first_name varchar(255) not null, last_name varchar(255), notes varchar(2000), phone varchar(255), shipping_address varchar(255), state varchar(255), status varchar(255) not null check (status in ('ACTIVE','INACTIVE','BLOCKED')), tenant_id varchar(255) not null, updated_at timestamp(6), zip_code varchar(255), primary key (id))
Hibernate: create table event_requirements (id uuid not null, created_at timestamp(6), description varchar(255) not null, event_id uuid not null, notes varchar(255), quantity integer not null, tenant_id varchar(255) not null, primary key (id))
Hibernate: create table events (id uuid not null, city varchar(255), created_at timestamp(6), customer_id uuid not null, end_time varchar(255), event_date date not null, event_name varchar(255) not null, event_type varchar(255) not null check (event_type in ('WEDDING','BIRTHDAY','CORPORATE','CONFERENCE','FESTIVAL','GRADUATION','BABY_SHOWER','PRIVATE_PARTY','OTHER')), guest_count integer not null, special_instructions varchar(2000), start_time varchar(255), state varchar(255), status varchar(255) not null check (status in ('PLANNING','QUOTED','BOOKED','PREPARING','IN_PROGRESS','COMPLETED','CANCELLED')), tenant_id varchar(255) not null, updated_at timestamp(6), venue_address varchar(255), venue_name varchar(255), zip_code varchar(255), primary key (id))
Hibernate: create table inventory_reservations (id uuid not null, booking_id uuid, created_at timestamp(6), end_date_time timestamp(6) not null, event_id uuid, product_id uuid not null, quantity integer not null, start_date_time timestamp(6) not null, status varchar(255) not null check (status in ('PENDING','RESERVED','RELEASED','CANCELLED')), tenant_id varchar(255) not null, updated_at timestamp(6), primary key (id))
Hibernate: create table inventory_transactions (id uuid not null, created_at timestamp(6) not null, created_by varchar(255), notes varchar(255), product_id uuid not null, quantity integer not null, reference_id uuid, reference_type varchar(255), tenant_id varchar(255) not null, transaction_type varchar(255) not null check (transaction_type in ('PURCHASE','ADJUSTMENT','RESERVATION','RELEASE','ALLOCATE','CHECKOUT','RETURN','DAMAGE','LOSS','MAINTENANCE','RESTORED')), primary key (id))
Hibernate: create table invoice_audits (id uuid not null, action varchar(255) not null, booking_id uuid, details varchar(2000), invoice_id uuid, performed_by varchar(255), tenant_id varchar(255) not null, timestamp timestamp(6) not null, primary key (id))
Hibernate: create table invoice_items (id uuid not null, created_at timestamp(6) not null, description varchar(255) not null, discount numeric(10,2), invoice_id uuid not null, line_total numeric(10,2) not null, product_id uuid, quantity integer not null, tax numeric(10,2), unit_price numeric(10,2) not null, primary key (id))
Hibernate: create table invoices (id uuid not null, amount_paid numeric(10,2) not null, balance_due numeric(10,2) not null, billing_address varchar(255), booking_id uuid not null, city varchar(255), company_name varchar(255), country varchar(255), created_at timestamp(6) not null, created_by varchar(255), customer_id uuid not null, customer_name varchar(255), discount numeric(10,2), due_date date not null, email varchar(255), fees numeric(10,2), invoice_number varchar(255) not null, issue_date date not null, notes varchar(2000), phone varchar(255), state varchar(255), status varchar(255) not null check (status in ('DRAFT','SENT','PARTIALLY_PAID','PAID','OVERDUE','VOID')), subtotal numeric(10,2) not null, tax numeric(10,2), tenant_id varchar(255) not null, total_amount numeric(10,2) not null, updated_at timestamp(6) not null, zip_code varchar(255), primary key (id))
Hibernate: create table leads (id uuid not null, assigned_to varchar(255), company_name varchar(255), created_at timestamp(6), email varchar(255) not null, event_date date, event_type varchar(255) check (event_type in ('WEDDING','BIRTHDAY','CORPORATE','CONFERENCE','FESTIVAL','GRADUATION','BABY_SHOWER','PRIVATE_PARTY','OTHER')), first_name varchar(255) not null, guest_count integer, last_name varchar(255), notes varchar(2000), phone varchar(255), source varchar(255) check (source in ('WEBSITE','PHONE','EMAIL','REFERRAL','SOCIAL_MEDIA','WALK_IN','PARTNER','OTHER')), status varchar(255) not null check (status in ('NEW','CONTACTED','QUALIFIED','QUOTE_REQUESTED','QUOTE_SENT','NEGOTIATION','CONVERTED','LOST')), tenant_id varchar(255) not null, updated_at timestamp(6), venue_name varchar(255), primary key (id))
Hibernate: create table notification_audit (id uuid not null, action varchar(255) not null, details varchar(2000), notification_id uuid, performed_by varchar(255), tenant_id varchar(255) not null, timestamp timestamp(6) not null, primary key (id))
Hibernate: create table notification_preferences (id uuid not null, created_at timestamp(6) not null, customer_id uuid, email_enabled boolean not null, in_app_enabled boolean not null, notification_type varchar(255) not null check (notification_type in ('QUOTE_SENT','QUOTE_ACCEPTED','QUOTE_CHANGE_REQUESTED','BOOKING_CONFIRMED','BOOKING_CANCELLED','PAYMENT_RECEIVED','PAYMENT_DUE','PAYMENT_FAILED','INVOICE_CREATED','INVOICE_SENT','INVOICE_OVERDUE','DELIVERY_SCHEDULED','DELIVERY_ASSIGNED','DELIVERY_COMPLETED','CUSTOMER_REQUEST_CREATED','CUSTOMER_REQUEST_UPDATED','SYSTEM')), sms_enabled boolean not null, tenant_id varchar(255) not null, updated_at timestamp(6) not null, user_id uuid, primary key (id))
Hibernate: create table notification_templates (id uuid not null, active boolean not null, body varchar(4000) not null, channel varchar(255) not null check (channel in ('IN_APP','EMAIL','SMS')), created_at timestamp(6) not null, name varchar(255) not null, notification_type varchar(255) not null check (notification_type in ('QUOTE_SENT','QUOTE_ACCEPTED','QUOTE_CHANGE_REQUESTED','BOOKING_CONFIRMED','BOOKING_CANCELLED','PAYMENT_RECEIVED','PAYMENT_DUE','PAYMENT_FAILED','INVOICE_CREATED','INVOICE_SENT','INVOICE_OVERDUE','DELIVERY_SCHEDULED','DELIVERY_ASSIGNED','DELIVERY_COMPLETED','CUSTOMER_REQUEST_CREATED','CUSTOMER_REQUEST_UPDATED','SYSTEM')), subject varchar(255) not null, tenant_id varchar(255) not null, updated_at timestamp(6) not null, primary key (id))
Hibernate: create table notifications (id uuid not null, channel varchar(255) not null check (channel in ('IN_APP','EMAIL','SMS')), created_at timestamp(6) not null, failed_at timestamp(6), failure_reason varchar(1000), message varchar(4000) not null, priority varchar(255) not null check (priority in ('LOW','NORMAL','HIGH','URGENT')), read_at timestamp(6), recipient_customer_id uuid, recipient_user_id uuid, reference_id varchar(255), reference_type varchar(255), retry_count integer not null, sent_at timestamp(6), status varchar(255) not null check (status in ('PENDING','PROCESSING','SENT','DELIVERED','FAILED','READ','CANCELLED')), tenant_id varchar(255) not null, title varchar(255) not null, type varchar(255) not null check (type in ('QUOTE_SENT','QUOTE_ACCEPTED','QUOTE_CHANGE_REQUESTED','BOOKING_CONFIRMED','BOOKING_CANCELLED','PAYMENT_RECEIVED','PAYMENT_DUE','PAYMENT_FAILED','INVOICE_CREATED','INVOICE_SENT','INVOICE_OVERDUE','DELIVERY_SCHEDULED','DELIVERY_ASSIGNED','DELIVERY_COMPLETED','CUSTOMER_REQUEST_CREATED','CUSTOMER_REQUEST_UPDATED','SYSTEM')), updated_at timestamp(6) not null, primary key (id))
Hibernate: create table payment (id uuid not null, amount numeric(10,2) not null, booking_id uuid not null, created_at timestamp(6) not null, created_by varchar(255), customer_id uuid not null, notes varchar(2000), payment_date date not null, payment_method varchar(255) not null check (payment_method in ('CASH','BANK_TRANSFER','CREDIT_CARD','DEBIT_CARD','CHECK','OTHER')), payment_status varchar(255) not null check (payment_status in ('PENDING','COMPLETED','FAILED','REFUNDED','VOID')), tenant_id varchar(255) not null, transaction_reference varchar(255), updated_at timestamp(6) not null, primary key (id))
Hibernate: create table payment_audit (id uuid not null, action varchar(255) not null, booking_id uuid not null, details varchar(2000), payment_id uuid, performed_by varchar(255), tenant_id varchar(255) not null, timestamp timestamp(6) not null, primary key (id))
Hibernate: create table permission (id uuid not null, code varchar(255) check (code in ('DASHBOARD_VIEW','AI_COPILOT_USE','CUSTOMER_VIEW','CUSTOMER_CREATE','CUSTOMER_UPDATE','LEAD_VIEW','LEAD_CREATE','LEAD_UPDATE','PRODUCT_VIEW','PRODUCT_CREATE','PRODUCT_UPDATE','PRODUCT_DELETE','INVENTORY_VIEW','INVENTORY_UPDATE','INVENTORY_RESERVE','QUOTE_VIEW','QUOTE_CREATE','QUOTE_UPDATE','QUOTE_SEND','BOOKING_VIEW','BOOKING_CREATE','BOOKING_UPDATE','BOOKING_CANCEL','PAYMENT_VIEW','PAYMENT_CREATE','PAYMENT_REFUND','WAREHOUSE_VIEW','WAREHOUSE_UPDATE','DELIVERY_VIEW','DELIVERY_UPDATE','ANALYTICS_VIEW','STOREFRONT_VIEW','STOREFRONT_UPDATE','USER_VIEW','USER_CREATE','USER_UPDATE','USER_DISABLE','COMPANY_SETTINGS_VIEW','COMPANY_SETTINGS_UPDATE')), description varchar(255), primary key (id))
Hibernate: create table product_categories (id uuid not null, active boolean not null, created_at timestamp(6), description varchar(255), name varchar(255) not null, parent_category_id uuid, tenant_id varchar(255) not null, updated_at timestamp(6), primary key (id))
Hibernate: create table products (id uuid not null, category_id uuid, created_at timestamp(6), description varchar(2000), image_url varchar(255), name varchar(255) not null, product_type varchar(255) not null check (product_type in ('RENTAL_ITEM','PACKAGE','SERVICE','CONSUMABLE')), quantity_damaged integer not null, quantity_in_maintenance integer not null, quantity_lost integer not null, quantity_owned integer not null, rental_price numeric(10,2), replacement_cost numeric(10,2), sku varchar(255) not null, status varchar(255) not null check (status in ('ACTIVE','INACTIVE','DRAFT','DISCONTINUED')), tenant_id varchar(255) not null, updated_at timestamp(6), primary key (id))
Hibernate: create table quote_discounts (id uuid not null, amount numeric(10,2) not null, approved_by varchar(255), created_at timestamp(6), quote_id uuid not null, reason varchar(255), type varchar(255) not null check (type in ('PERCENTAGE','FIXED')), discount_value numeric(10,2) not null, primary key (id))
Hibernate: create table quote_fees (id uuid not null, amount numeric(10,2) not null, created_at timestamp(6), description varchar(255), fee_type varchar(255) not null check (fee_type in ('DELIVERY','PICKUP','SETUP','BREAKDOWN','SERVICE','OTHER')), quote_id uuid not null, primary key (id))
Hibernate: create table quote_items (id uuid not null, created_at timestamp(6), description varchar(255) not null, discount_amount numeric(10,2), line_subtotal numeric(10,2), line_total numeric(10,2), notes varchar(255), pricing_strategy varchar(255) not null check (pricing_strategy in ('PER_EVENT','PER_DAY','PER_WEEK','FLAT_RATE')), product_id uuid not null, quantity integer not null, quote_id uuid not null, rental_days integer not null, standard_unit_price numeric(10,2), tax_amount numeric(10,2), unit_price numeric(10,2) not null, updated_at timestamp(6), primary key (id))
Hibernate: create table quotes (id uuid not null, breakdown_fee numeric(10,2), created_at timestamp(6), created_by varchar(255), customer_id uuid not null, delivery_fee numeric(10,2), deposit_amount numeric(10,2), deposit_percentage numeric(10,2), discount_amount numeric(10,2), event_id uuid not null, internal_notes varchar(2000), notes varchar(2000), pickup_fee numeric(10,2), quote_date date not null, quote_number varchar(255) not null, rental_end_date_time timestamp(6) not null, rental_start_date_time timestamp(6) not null, service_fee numeric(10,2), setup_fee numeric(10,2), status varchar(255) not null check (status in ('DRAFT','PENDING_REVIEW','SENT','VIEWED','ACCEPTED','CHANGE_REQUESTED','DECLINED','REJECTED','EXPIRED','CANCELLED')), subtotal numeric(10,2), tax_amount numeric(10,2), tax_rate numeric(10,2), tenant_id varchar(255) not null, total_amount numeric(10,2), updated_at timestamp(6), valid_until date not null, primary key (id))
Hibernate: create table rental_event (id uuid not null, created_at timestamp(6) not null, customer_id uuid, end_time time(6), event_date date, event_name varchar(255) not null, event_type varchar(255), guest_count integer, special_instructions varchar(2000), start_time time(6), status varchar(255) not null check (status in ('PLANNING','QUOTED','BOOKED','PREPARING','IN_PROGRESS','COMPLETED','CANCELLED')), tenant_id uuid not null, updated_at timestamp(6), venue_address varchar(255), venue_name varchar(255), primary key (id))
Hibernate: create table role (id uuid not null, role_type varchar(255) check (role_type in ('OWNER','ADMIN','SALES','WAREHOUSE','DRIVER','CUSTOMER')), primary key (id))
Hibernate: create table role_permission (role_id uuid not null, permission_id uuid not null, primary key (role_id, permission_id))
Hibernate: create table tenant (id uuid not null, name varchar(255), primary key (id))
Hibernate: create table user_role (user_id uuid not null, role_id uuid not null, primary key (user_id, role_id))
Hibernate: create index idx_booking_tenant on booking (tenant_id)
Hibernate: create index idx_booking_quote on booking (quote_id)
Hibernate: create index idx_booking_customer on booking (customer_id)
Hibernate: create index idx_booking_event on booking (event_id)
Hibernate: create index idx_booking_status on booking (status)
Hibernate: alter table if exists booking drop constraint if exists UK_6j74n7w8mp19sixr5272028mk
Hibernate: alter table if exists booking add constraint UK_6j74n7w8mp19sixr5272028mk unique (booking_number)
Hibernate: create index idx_booking_item_booking on booking_item (booking_id)
Hibernate: create index idx_booking_item_product on booking_item (product_id)
Hibernate: create index idx_customer_req_tenant on customer_requests (tenant_id)
Hibernate: create index idx_customer_req_customer on customer_requests (customer_id)
Hibernate: create index idx_customer_req_status on customer_requests (status)
Hibernate: create index idx_customer_user_tenant on customer_users (tenant_id)
Hibernate: create index idx_customer_user_customer on customer_users (customer_id)
Hibernate: create index idx_customer_user_email on customer_users (tenant_id, email)
Hibernate: create index idx_customer_tenant on customers (tenant_id)
Hibernate: create index idx_customer_email on customers (email)
Hibernate: create index idx_customer_phone on customers (phone)
Hibernate: create index idx_customer_number on customers (customer_number)
Hibernate: alter table if exists customers drop constraint if exists UK_t74y58jagthxqxysuw9l0jx6y
Hibernate: alter table if exists customers add constraint UK_t74y58jagthxqxysuw9l0jx6y unique (customer_number)
Hibernate: create index idx_event_req_tenant on event_requirements (tenant_id)
Hibernate: create index idx_event_req_event on event_requirements (event_id)
Hibernate: create index idx_event_tenant on events (tenant_id)
Hibernate: create index idx_event_customer on events (customer_id)
Hibernate: create index idx_event_date on events (event_date)
Hibernate: create index idx_inv_res_tenant on inventory_reservations (tenant_id)
Hibernate: create index idx_inv_res_product on inventory_reservations (product_id)
Hibernate: create index idx_inv_res_dates on inventory_reservations (start_date_time, end_date_time)
Hibernate: create index idx_inv_res_status on inventory_reservations (status)
Hibernate: create index idx_inv_tx_tenant on inventory_transactions (tenant_id)
Hibernate: create index idx_inv_tx_product on inventory_transactions (product_id)
Hibernate: create index idx_inv_tx_created on inventory_transactions (created_at)
Hibernate: create index idx_invoice_audit_tenant on invoice_audits (tenant_id)
Hibernate: create index idx_invoice_audit_invoice on invoice_audits (invoice_id)
Hibernate: create index idx_invoice_audit_booking on invoice_audits (booking_id)
Hibernate: create index idx_invoice_item_invoice on invoice_items (invoice_id)
Hibernate: create index idx_invoice_item_product on invoice_items (product_id)
Hibernate: create index idx_invoice_tenant on invoices (tenant_id)
Hibernate: create index idx_invoice_number on invoices (tenant_id, invoice_number)
Hibernate: create index idx_invoice_booking on invoices (booking_id)
Hibernate: create index idx_invoice_customer on invoices (customer_id)
Hibernate: create index idx_invoice_status on invoices (status)
Hibernate: create index idx_lead_tenant on leads (tenant_id)
Hibernate: create index idx_lead_status on leads (status)
Hibernate: create index idx_lead_event_date on leads (event_date)
Hibernate: create index idx_notifaudit_tenant on notification_audit (tenant_id)
Hibernate: create index idx_notifaudit_notif on notification_audit (notification_id)
Hibernate: create index idx_notifpref_tenant on notification_preferences (tenant_id)
Hibernate: create index idx_notifpref_cust on notification_preferences (tenant_id, customer_id)
Hibernate: create index idx_notifpref_user on notification_preferences (tenant_id, user_id)
Hibernate: create index idx_notiftpl_tenant on notification_templates (tenant_id)
Hibernate: create index idx_notiftpl_type_chan on notification_templates (tenant_id, notification_type, channel)
Hibernate: create index idx_notif_tenant on notifications (tenant_id)
Hibernate: create index idx_notif_user on notifications (recipient_user_id)
Hibernate: create index idx_notif_cust on notifications (recipient_customer_id)
Hibernate: create index idx_notif_status on notifications (status)
Hibernate: create index idx_notif_ref on notifications (reference_type, reference_id)
Hibernate: create index idx_payment_tenant on payment (tenant_id)
Hibernate: create index idx_payment_booking on payment (booking_id)
Hibernate: create index idx_payment_customer on payment (customer_id)
Hibernate: create index idx_payment_status on payment (payment_status)
Hibernate: create index idx_payaudit_tenant on payment_audit (tenant_id)
Hibernate: create index idx_payaudit_booking on payment_audit (booking_id)
Hibernate: create index idx_payaudit_payment on payment_audit (payment_id)
Hibernate: alter table if exists permission drop constraint if exists UK_a7ujv987la0i7a0o91ueevchc
Hibernate: alter table if exists permission add constraint UK_a7ujv987la0i7a0o91ueevchc unique (code)
Hibernate: create index idx_category_tenant on product_categories (tenant_id)
Hibernate: create index idx_category_parent on product_categories (parent_category_id)
Hibernate: create index idx_product_tenant on products (tenant_id)
Hibernate: create index idx_product_sku on products (sku)
Hibernate: create index idx_product_category on products (category_id)
Hibernate: create index idx_product_status on products (status)
Hibernate: alter table if exists quotes drop constraint if exists UK_bkbvhxprsi25u20qvjyt5aoay
Hibernate: alter table if exists quotes add constraint UK_bkbvhxprsi25u20qvjyt5aoay unique (quote_number)
Hibernate: alter table if exists role drop constraint if exists UK_8nhufvk7ufr23s4xoqglqtbdx
Hibernate: alter table if exists role add constraint UK_8nhufvk7ufr23s4xoqglqtbdx unique (role_type)
Hibernate: alter table if exists app_user add constraint FKsr53t6kfhi9d1k42hv4nlfkkd foreign key (tenant_id) references tenant
Hibernate: alter table if exists role_permission add constraint FKf8yllw1ecvwqy3ehyxawqa1qp foreign key (permission_id) references permission
Hibernate: alter table if exists role_permission add constraint FKa6jx8n8xkesmjmv6jqug6bg68 foreign key (role_id) references role
Hibernate: alter table if exists user_role add constraint FKa68196081fvovjhkek5m97n3y foreign key (role_id) references role
Hibernate: alter table if exists user_role add constraint FKg7fr1r7o0fkk41nfhnjdyqn7b foreign key (user_id) references app_user
2026-08-22T18:20:16.475+05:30  INFO 39044 --- [RentFlow AI Backend] [           main] j.LocalContainerEntityManagerFactoryBean : Initialized JPA EntityManagerFactory for persistence unit 'default'
2026-08-22T18:20:17.219+05:30  INFO 39044 --- [RentFlow AI Backend] [           main] o.s.d.j.r.query.QueryEnhancerFactory     : Hibernate is in classpath; If applicable, HQL parser will be used.
2026-08-22T18:20:18.769+05:30  WARN 39044 --- [RentFlow AI Backend] [           main] JpaBaseConfiguration$JpaWebConfiguration : spring.jpa.open-in-view is enabled by default. Therefore, database queries may be performed during view rendering. Explicitly configure spring.jpa.open-in-view to disable this warning
2026-08-22T18:20:19.354+05:30  INFO 39044 --- [RentFlow AI Backend] [           main] o.s.b.w.embedded.tomcat.TomcatWebServer  : Tomcat started on port 62591 (http) with context path ''
2026-08-22T18:20:19.365+05:30  INFO 39044 --- [RentFlow AI Backend] [           main] c.r.ai.BookingManagementFoundationTest   : Started BookingManagementFoundationTest in 9.22 seconds (process running for 10.983)
Hibernate: select count(*) from payment p1_0
Hibernate: select b1_0.id,b1_0.balance_due,b1_0.booking_date,b1_0.booking_number,b1_0.breakdown_fee,b1_0.created_at,b1_0.created_by,b1_0.customer_id,b1_0.delivery_fee,b1_0.deposit_paid,b1_0.deposit_required,b1_0.discount_amount,b1_0.event_id,b1_0.internal_notes,b1_0.notes,b1_0.pickup_fee,b1_0.quote_id,b1_0.rental_end_date_time,b1_0.rental_start_date_time,b1_0.service_fee,b1_0.setup_fee,b1_0.status,b1_0.subtotal,b1_0.tax_amount,b1_0.tenant_id,b1_0.total_amount,b1_0.updated_at from booking b1_0 where b1_0.tenant_id=?
Hibernate: insert into booking (balance_due,booking_date,booking_number,breakdown_fee,created_at,created_by,customer_id,delivery_fee,deposit_paid,deposit_required,discount_amount,event_id,internal_notes,notes,pickup_fee,quote_id,rental_end_date_time,rental_start_date_time,service_fee,setup_fee,status,subtotal,tax_amount,tenant_id,total_amount,updated_at,id) values (?,?,?,?,?,?,?,?,?,?,?,?,?,?,?,?,?,?,?,?,?,?,?,?,?,?,?)
Hibernate: select b1_0.id,b1_0.balance_due,b1_0.booking_date,b1_0.booking_number,b1_0.breakdown_fee,b1_0.created_at,b1_0.created_by,b1_0.customer_id,b1_0.delivery_fee,b1_0.deposit_paid,b1_0.deposit_required,b1_0.discount_amount,b1_0.event_id,b1_0.internal_notes,b1_0.notes,b1_0.pickup_fee,b1_0.quote_id,b1_0.rental_end_date_time,b1_0.rental_start_date_time,b1_0.service_fee,b1_0.setup_fee,b1_0.status,b1_0.subtotal,b1_0.tax_amount,b1_0.tenant_id,b1_0.total_amount,b1_0.updated_at from booking b1_0 where b1_0.tenant_id=? and b1_0.id=?
Hibernate: select p1_0.id,p1_0.amount,p1_0.booking_id,p1_0.created_at,p1_0.created_by,p1_0.customer_id,p1_0.notes,p1_0.payment_date,p1_0.payment_method,p1_0.payment_status,p1_0.tenant_id,p1_0.transaction_reference,p1_0.updated_at from payment p1_0 where p1_0.tenant_id=? and p1_0.booking_id=? and p1_0.payment_status=?
Hibernate: select i1_0.id,i1_0.amount_paid,i1_0.balance_due,i1_0.billing_address,i1_0.booking_id,i1_0.city,i1_0.company_name,i1_0.country,i1_0.created_at,i1_0.created_by,i1_0.customer_id,i1_0.customer_name,i1_0.discount,i1_0.due_date,i1_0.email,i1_0.fees,i1_0.invoice_number,i1_0.issue_date,i1_0.notes,i1_0.phone,i1_0.state,i1_0.status,i1_0.subtotal,i1_0.tax,i1_0.tenant_id,i1_0.total_amount,i1_0.updated_at,i1_0.zip_code from invoices i1_0 where i1_0.tenant_id=? and i1_0.booking_id=?
Hibernate: select c1_0.id,c1_0.alternate_phone,c1_0.billing_address,c1_0.city,c1_0.company_name,c1_0.country,c1_0.created_at,c1_0.customer_number,c1_0.customer_type,c1_0.email,c1_0.first_name,c1_0.last_name,c1_0.notes,c1_0.phone,c1_0.shipping_address,c1_0.state,c1_0.status,c1_0.tenant_id,c1_0.updated_at,c1_0.zip_code from customers c1_0 where c1_0.id=?
Hibernate: select np1_0.id,np1_0.created_at,np1_0.customer_id,np1_0.email_enabled,np1_0.in_app_enabled,np1_0.notification_type,np1_0.sms_enabled,np1_0.tenant_id,np1_0.updated_at,np1_0.user_id from notification_preferences np1_0 where np1_0.tenant_id=? and np1_0.customer_id=? and np1_0.notification_type=?
Hibernate: select n1_0.id,n1_0.channel,n1_0.created_at,n1_0.failed_at,n1_0.failure_reason,n1_0.message,n1_0.priority,n1_0.read_at,n1_0.recipient_customer_id,n1_0.recipient_user_id,n1_0.reference_id,n1_0.reference_type,n1_0.retry_count,n1_0.sent_at,n1_0.status,n1_0.tenant_id,n1_0.title,n1_0.type,n1_0.updated_at from notifications n1_0 where n1_0.tenant_id=? and n1_0.reference_type=? and n1_0.reference_id=? and n1_0.type=? and n1_0.channel=?
Hibernate: select c1_0.id,c1_0.alternate_phone,c1_0.billing_address,c1_0.city,c1_0.company_name,c1_0.country,c1_0.created_at,c1_0.customer_number,c1_0.customer_type,c1_0.email,c1_0.first_name,c1_0.last_name,c1_0.notes,c1_0.phone,c1_0.shipping_address,c1_0.state,c1_0.status,c1_0.tenant_id,c1_0.updated_at,c1_0.zip_code from customers c1_0 where c1_0.id=?
Hibernate: select u1_0.id,u1_0.name,u1_0.tenant_id from app_user u1_0 left join tenant t1_0 on t1_0.id=u1_0.tenant_id where t1_0.id=?
Hibernate: insert into payment (amount,booking_id,created_at,created_by,customer_id,notes,payment_date,payment_method,payment_status,tenant_id,transaction_reference,updated_at,id) values (?,?,?,?,?,?,?,?,?,?,?,?,?)
Hibernate: insert into payment_audit (action,booking_id,details,payment_id,performed_by,tenant_id,timestamp,id) values (?,?,?,?,?,?,?,?)
Hibernate: insert into notifications (channel,created_at,failed_at,failure_reason,message,priority,read_at,recipient_customer_id,recipient_user_id,reference_id,reference_type,retry_count,sent_at,status,tenant_id,title,type,updated_at,id) values (?,?,?,?,?,?,?,?,?,?,?,?,?,?,?,?,?,?,?)
Hibernate: insert into notification_audit (action,details,notification_id,performed_by,tenant_id,timestamp,id) values (?,?,?,?,?,?,?)
Hibernate: insert into notification_audit (action,details,notification_id,performed_by,tenant_id,timestamp,id) values (?,?,?,?,?,?,?)
Hibernate: update booking set balance_due=?,booking_date=?,booking_number=?,breakdown_fee=?,created_at=?,created_by=?,customer_id=?,delivery_fee=?,deposit_paid=?,deposit_required=?,discount_amount=?,event_id=?,internal_notes=?,notes=?,pickup_fee=?,quote_id=?,rental_end_date_time=?,rental_start_date_time=?,service_fee=?,setup_fee=?,status=?,subtotal=?,tax_amount=?,tenant_id=?,total_amount=?,updated_at=? where id=?
Hibernate: update notifications set channel=?,created_at=?,failed_at=?,failure_reason=?,message=?,priority=?,read_at=?,recipient_customer_id=?,recipient_user_id=?,reference_id=?,reference_type=?,retry_count=?,sent_at=?,status=?,tenant_id=?,title=?,type=?,updated_at=? where id=?
✅ Seeded Partial Payment of $500.00 for Booking BKG-000001 (Status: PARTIALLY_PAID)
Hibernate: insert into booking (balance_due,booking_date,booking_number,breakdown_fee,created_at,created_by,customer_id,delivery_fee,deposit_paid,deposit_required,discount_amount,event_id,internal_notes,notes,pickup_fee,quote_id,rental_end_date_time,rental_start_date_time,service_fee,setup_fee,status,subtotal,tax_amount,tenant_id,total_amount,updated_at,id) values (?,?,?,?,?,?,?,?,?,?,?,?,?,?,?,?,?,?,?,?,?,?,?,?,?,?,?)
Hibernate: select b1_0.id,b1_0.balance_due,b1_0.booking_date,b1_0.booking_number,b1_0.breakdown_fee,b1_0.created_at,b1_0.created_by,b1_0.customer_id,b1_0.delivery_fee,b1_0.deposit_paid,b1_0.deposit_required,b1_0.discount_amount,b1_0.event_id,b1_0.internal_notes,b1_0.notes,b1_0.pickup_fee,b1_0.quote_id,b1_0.rental_end_date_time,b1_0.rental_start_date_time,b1_0.service_fee,b1_0.setup_fee,b1_0.status,b1_0.subtotal,b1_0.tax_amount,b1_0.tenant_id,b1_0.total_amount,b1_0.updated_at from booking b1_0 where b1_0.tenant_id=? and b1_0.id=?
Hibernate: select p1_0.id,p1_0.amount,p1_0.booking_id,p1_0.created_at,p1_0.created_by,p1_0.customer_id,p1_0.notes,p1_0.payment_date,p1_0.payment_method,p1_0.payment_status,p1_0.tenant_id,p1_0.transaction_reference,p1_0.updated_at from payment p1_0 where p1_0.tenant_id=? and p1_0.booking_id=? and p1_0.payment_status=?
Hibernate: select i1_0.id,i1_0.amount_paid,i1_0.balance_due,i1_0.billing_address,i1_0.booking_id,i1_0.city,i1_0.company_name,i1_0.country,i1_0.created_at,i1_0.created_by,i1_0.customer_id,i1_0.customer_name,i1_0.discount,i1_0.due_date,i1_0.email,i1_0.fees,i1_0.invoice_number,i1_0.issue_date,i1_0.notes,i1_0.phone,i1_0.state,i1_0.status,i1_0.subtotal,i1_0.tax,i1_0.tenant_id,i1_0.total_amount,i1_0.updated_at,i1_0.zip_code from invoices i1_0 where i1_0.tenant_id=? and i1_0.booking_id=?
Hibernate: select c1_0.id,c1_0.alternate_phone,c1_0.billing_address,c1_0.city,c1_0.company_name,c1_0.country,c1_0.created_at,c1_0.customer_number,c1_0.customer_type,c1_0.email,c1_0.first_name,c1_0.last_name,c1_0.notes,c1_0.phone,c1_0.shipping_address,c1_0.state,c1_0.status,c1_0.tenant_id,c1_0.updated_at,c1_0.zip_code from customers c1_0 where c1_0.id=?
Hibernate: select np1_0.id,np1_0.created_at,np1_0.customer_id,np1_0.email_enabled,np1_0.in_app_enabled,np1_0.notification_type,np1_0.sms_enabled,np1_0.tenant_id,np1_0.updated_at,np1_0.user_id from notification_preferences np1_0 where np1_0.tenant_id=? and np1_0.customer_id=? and np1_0.notification_type=?
Hibernate: select n1_0.id,n1_0.channel,n1_0.created_at,n1_0.failed_at,n1_0.failure_reason,n1_0.message,n1_0.priority,n1_0.read_at,n1_0.recipient_customer_id,n1_0.recipient_user_id,n1_0.reference_id,n1_0.reference_type,n1_0.retry_count,n1_0.sent_at,n1_0.status,n1_0.tenant_id,n1_0.title,n1_0.type,n1_0.updated_at from notifications n1_0 where n1_0.tenant_id=? and n1_0.reference_type=? and n1_0.reference_id=? and n1_0.type=? and n1_0.channel=?
Hibernate: select c1_0.id,c1_0.alternate_phone,c1_0.billing_address,c1_0.city,c1_0.company_name,c1_0.country,c1_0.created_at,c1_0.customer_number,c1_0.customer_type,c1_0.email,c1_0.first_name,c1_0.last_name,c1_0.notes,c1_0.phone,c1_0.shipping_address,c1_0.state,c1_0.status,c1_0.tenant_id,c1_0.updated_at,c1_0.zip_code from customers c1_0 where c1_0.id=?
Hibernate: select u1_0.id,u1_0.name,u1_0.tenant_id from app_user u1_0 left join tenant t1_0 on t1_0.id=u1_0.tenant_id where t1_0.id=?
Hibernate: insert into payment (amount,booking_id,created_at,created_by,customer_id,notes,payment_date,payment_method,payment_status,tenant_id,transaction_reference,updated_at,id) values (?,?,?,?,?,?,?,?,?,?,?,?,?)
Hibernate: insert into payment_audit (action,booking_id,details,payment_id,performed_by,tenant_id,timestamp,id) values (?,?,?,?,?,?,?,?)
Hibernate: insert into notifications (channel,created_at,failed_at,failure_reason,message,priority,read_at,recipient_customer_id,recipient_user_id,reference_id,reference_type,retry_count,sent_at,status,tenant_id,title,type,updated_at,id) values (?,?,?,?,?,?,?,?,?,?,?,?,?,?,?,?,?,?,?)
Hibernate: insert into notification_audit (action,details,notification_id,performed_by,tenant_id,timestamp,id) values (?,?,?,?,?,?,?)
Hibernate: insert into notification_audit (action,details,notification_id,performed_by,tenant_id,timestamp,id) values (?,?,?,?,?,?,?)
Hibernate: update booking set balance_due=?,booking_date=?,booking_number=?,breakdown_fee=?,created_at=?,created_by=?,customer_id=?,delivery_fee=?,deposit_paid=?,deposit_required=?,discount_amount=?,event_id=?,internal_notes=?,notes=?,pickup_fee=?,quote_id=?,rental_end_date_time=?,rental_start_date_time=?,service_fee=?,setup_fee=?,status=?,subtotal=?,tax_amount=?,tenant_id=?,total_amount=?,updated_at=? where id=?
Hibernate: update notifications set channel=?,created_at=?,failed_at=?,failure_reason=?,message=?,priority=?,read_at=?,recipient_customer_id=?,recipient_user_id=?,reference_id=?,reference_type=?,retry_count=?,sent_at=?,status=?,tenant_id=?,title=?,type=?,updated_at=? where id=?
✅ Seeded Full Payment of $1,500.00 for Booking BKG-000002 (Status: PAID)
Hibernate: select count(*) from permission p1_0
Hibernate: select count(*) from tenant t1_0
Hibernate: select t1_0.id,t1_0.name from tenant t1_0 where t1_0.id=?
Hibernate: insert into tenant (name,id) values (?,?)
Hibernate: select p1_0.id,p1_0.code,p1_0.description from permission p1_0 where p1_0.id=?
Hibernate: insert into permission (code,description,id) values (?,?,?)
Hibernate: select p1_0.id,p1_0.code,p1_0.description from permission p1_0 where p1_0.id=?
Hibernate: insert into permission (code,description,id) values (?,?,?)
Hibernate: select p1_0.id,p1_0.code,p1_0.description from permission p1_0 where p1_0.id=?
Hibernate: insert into permission (code,description,id) values (?,?,?)
Hibernate: select p1_0.id,p1_0.code,p1_0.description from permission p1_0 where p1_0.id=?
Hibernate: insert into permission (code,description,id) values (?,?,?)
Hibernate: select p1_0.id,p1_0.code,p1_0.description from permission p1_0 where p1_0.id=?
Hibernate: insert into permission (code,description,id) values (?,?,?)
Hibernate: select p1_0.id,p1_0.code,p1_0.description from permission p1_0 where p1_0.id=?
Hibernate: insert into permission (code,description,id) values (?,?,?)
Hibernate: select p1_0.id,p1_0.code,p1_0.description from permission p1_0 where p1_0.id=?
Hibernate: insert into permission (code,description,id) values (?,?,?)
Hibernate: select p1_0.id,p1_0.code,p1_0.description from permission p1_0 where p1_0.id=?
Hibernate: insert into permission (code,description,id) values (?,?,?)
Hibernate: select p1_0.id,p1_0.code,p1_0.description from permission p1_0 where p1_0.id=?
Hibernate: insert into permission (code,description,id) values (?,?,?)
Hibernate: select p1_0.id,p1_0.code,p1_0.description from permission p1_0 where p1_0.id=?
Hibernate: insert into permission (code,description,id) values (?,?,?)
Hibernate: select p1_0.id,p1_0.code,p1_0.description from permission p1_0 where p1_0.id=?
Hibernate: insert into permission (code,description,id) values (?,?,?)
Hibernate: select p1_0.id,p1_0.code,p1_0.description from permission p1_0 where p1_0.id=?
Hibernate: insert into permission (code,description,id) values (?,?,?)
Hibernate: select p1_0.id,p1_0.code,p1_0.description from permission p1_0 where p1_0.id=?
Hibernate: insert into permission (code,description,id) values (?,?,?)
Hibernate: select p1_0.id,p1_0.code,p1_0.description from permission p1_0 where p1_0.id=?
Hibernate: insert into permission (code,description,id) values (?,?,?)
Hibernate: select p1_0.id,p1_0.code,p1_0.description from permission p1_0 where p1_0.id=?
Hibernate: insert into permission (code,description,id) values (?,?,?)
Hibernate: select p1_0.id,p1_0.code,p1_0.description from permission p1_0 where p1_0.id=?
Hibernate: insert into permission (code,description,id) values (?,?,?)
Hibernate: select p1_0.id,p1_0.code,p1_0.description from permission p1_0 where p1_0.id=?
Hibernate: insert into permission (code,description,id) values (?,?,?)
Hibernate: select p1_0.id,p1_0.code,p1_0.description from permission p1_0 where p1_0.id=?
Hibernate: insert into permission (code,description,id) values (?,?,?)
Hibernate: select p1_0.id,p1_0.code,p1_0.description from permission p1_0 where p1_0.id=?
Hibernate: insert into permission (code,description,id) values (?,?,?)
Hibernate: select p1_0.id,p1_0.code,p1_0.description from permission p1_0 where p1_0.id=?
Hibernate: insert into permission (code,description,id) values (?,?,?)
Hibernate: select p1_0.id,p1_0.code,p1_0.description from permission p1_0 where p1_0.id=?
Hibernate: insert into permission (code,description,id) values (?,?,?)
Hibernate: select p1_0.id,p1_0.code,p1_0.description from permission p1_0 where p1_0.id=?
Hibernate: insert into permission (code,description,id) values (?,?,?)
Hibernate: select p1_0.id,p1_0.code,p1_0.description from permission p1_0 where p1_0.id=?
Hibernate: insert into permission (code,description,id) values (?,?,?)
Hibernate: select p1_0.id,p1_0.code,p1_0.description from permission p1_0 where p1_0.id=?
Hibernate: insert into permission (code,description,id) values (?,?,?)
Hibernate: select p1_0.id,p1_0.code,p1_0.description from permission p1_0 where p1_0.id=?
Hibernate: insert into permission (code,description,id) values (?,?,?)
Hibernate: select p1_0.id,p1_0.code,p1_0.description from permission p1_0 where p1_0.id=?
Hibernate: insert into permission (code,description,id) values (?,?,?)
Hibernate: select p1_0.id,p1_0.code,p1_0.description from permission p1_0 where p1_0.id=?
Hibernate: insert into permission (code,description,id) values (?,?,?)
Hibernate: select p1_0.id,p1_0.code,p1_0.description from permission p1_0 where p1_0.id=?
Hibernate: insert into permission (code,description,id) values (?,?,?)
Hibernate: select p1_0.id,p1_0.code,p1_0.description from permission p1_0 where p1_0.id=?
Hibernate: insert into permission (code,description,id) values (?,?,?)
Hibernate: select p1_0.id,p1_0.code,p1_0.description from permission p1_0 where p1_0.id=?
Hibernate: insert into permission (code,description,id) values (?,?,?)
Hibernate: select p1_0.id,p1_0.code,p1_0.description from permission p1_0 where p1_0.id=?
Hibernate: insert into permission (code,description,id) values (?,?,?)
Hibernate: select p1_0.id,p1_0.code,p1_0.description from permission p1_0 where p1_0.id=?
Hibernate: insert into permission (code,description,id) values (?,?,?)
Hibernate: select p1_0.id,p1_0.code,p1_0.description from permission p1_0 where p1_0.id=?
Hibernate: insert into permission (code,description,id) values (?,?,?)
Hibernate: select p1_0.id,p1_0.code,p1_0.description from permission p1_0 where p1_0.id=?
Hibernate: insert into permission (code,description,id) values (?,?,?)
Hibernate: select p1_0.id,p1_0.code,p1_0.description from permission p1_0 where p1_0.id=?
Hibernate: insert into permission (code,description,id) values (?,?,?)
Hibernate: select p1_0.id,p1_0.code,p1_0.description from permission p1_0 where p1_0.id=?
Hibernate: insert into permission (code,description,id) values (?,?,?)
Hibernate: select p1_0.id,p1_0.code,p1_0.description from permission p1_0 where p1_0.id=?
Hibernate: insert into permission (code,description,id) values (?,?,?)
Hibernate: select p1_0.id,p1_0.code,p1_0.description from permission p1_0 where p1_0.id=?
Hibernate: insert into permission (code,description,id) values (?,?,?)
Hibernate: select p1_0.id,p1_0.code,p1_0.description from permission p1_0 where p1_0.id=?
Hibernate: insert into permission (code,description,id) values (?,?,?)
Hibernate: select r1_0.id,p1_0.role_id,p1_1.id,p1_1.code,p1_1.description,r1_0.role_type from role r1_0 left join role_permission p1_0 on r1_0.id=p1_0.role_id left join permission p1_1 on p1_1.id=p1_0.permission_id where r1_0.id=?
Hibernate: select p1_0.id,p1_0.code,p1_0.description from permission p1_0 where p1_0.id=?
Hibernate: select p1_0.id,p1_0.code,p1_0.description from permission p1_0 where p1_0.id=?
Hibernate: select p1_0.id,p1_0.code,p1_0.description from permission p1_0 where p1_0.id=?
Hibernate: select p1_0.id,p1_0.code,p1_0.description from permission p1_0 where p1_0.id=?
Hibernate: select p1_0.id,p1_0.code,p1_0.description from permission p1_0 where p1_0.id=?
Hibernate: select p1_0.id,p1_0.code,p1_0.description from permission p1_0 where p1_0.id=?
Hibernate: select p1_0.id,p1_0.code,p1_0.description from permission p1_0 where p1_0.id=?
Hibernate: select p1_0.id,p1_0.code,p1_0.description from permission p1_0 where p1_0.id=?
Hibernate: select p1_0.id,p1_0.code,p1_0.description from permission p1_0 where p1_0.id=?
Hibernate: select p1_0.id,p1_0.code,p1_0.description from permission p1_0 where p1_0.id=?
Hibernate: select p1_0.id,p1_0.code,p1_0.description from permission p1_0 where p1_0.id=?
Hibernate: select p1_0.id,p1_0.code,p1_0.description from permission p1_0 where p1_0.id=?
Hibernate: select p1_0.id,p1_0.code,p1_0.description from permission p1_0 where p1_0.id=?
Hibernate: select p1_0.id,p1_0.code,p1_0.description from permission p1_0 where p1_0.id=?
Hibernate: select p1_0.id,p1_0.code,p1_0.description from permission p1_0 where p1_0.id=?
Hibernate: select p1_0.id,p1_0.code,p1_0.description from permission p1_0 where p1_0.id=?
Hibernate: select p1_0.id,p1_0.code,p1_0.description from permission p1_0 where p1_0.id=?
Hibernate: select p1_0.id,p1_0.code,p1_0.description from permission p1_0 where p1_0.id=?
Hibernate: select p1_0.id,p1_0.code,p1_0.description from permission p1_0 where p1_0.id=?
Hibernate: select p1_0.id,p1_0.code,p1_0.description from permission p1_0 where p1_0.id=?
Hibernate: select p1_0.id,p1_0.code,p1_0.description from permission p1_0 where p1_0.id=?
Hibernate: select p1_0.id,p1_0.code,p1_0.description from permission p1_0 where p1_0.id=?
Hibernate: select p1_0.id,p1_0.code,p1_0.description from permission p1_0 where p1_0.id=?
Hibernate: select p1_0.id,p1_0.code,p1_0.description from permission p1_0 where p1_0.id=?
Hibernate: select p1_0.id,p1_0.code,p1_0.description from permission p1_0 where p1_0.id=?
Hibernate: select p1_0.id,p1_0.code,p1_0.description from permission p1_0 where p1_0.id=?
Hibernate: select p1_0.id,p1_0.code,p1_0.description from permission p1_0 where p1_0.id=?
Hibernate: select p1_0.id,p1_0.code,p1_0.description from permission p1_0 where p1_0.id=?
Hibernate: select p1_0.id,p1_0.code,p1_0.description from permission p1_0 where p1_0.id=?
Hibernate: select p1_0.id,p1_0.code,p1_0.description from permission p1_0 where p1_0.id=?
Hibernate: select p1_0.id,p1_0.code,p1_0.description from permission p1_0 where p1_0.id=?
Hibernate: select p1_0.id,p1_0.code,p1_0.description from permission p1_0 where p1_0.id=?
Hibernate: select p1_0.id,p1_0.code,p1_0.description from permission p1_0 where p1_0.id=?
Hibernate: select p1_0.id,p1_0.code,p1_0.description from permission p1_0 where p1_0.id=?
Hibernate: select p1_0.id,p1_0.code,p1_0.description from permission p1_0 where p1_0.id=?
Hibernate: select p1_0.id,p1_0.code,p1_0.description from permission p1_0 where p1_0.id=?
Hibernate: select p1_0.id,p1_0.code,p1_0.description from permission p1_0 where p1_0.id=?
Hibernate: select p1_0.id,p1_0.code,p1_0.description from permission p1_0 where p1_0.id=?
Hibernate: select p1_0.id,p1_0.code,p1_0.description from permission p1_0 where p1_0.id=?
Hibernate: insert into role (role_type,id) values (?,?)
Hibernate: insert into role_permission (role_id,permission_id) values (?,?)
Hibernate: insert into role_permission (role_id,permission_id) values (?,?)
Hibernate: insert into role_permission (role_id,permission_id) values (?,?)
Hibernate: insert into role_permission (role_id,permission_id) values (?,?)
Hibernate: insert into role_permission (role_id,permission_id) values (?,?)
Hibernate: insert into role_permission (role_id,permission_id) values (?,?)
Hibernate: insert into role_permission (role_id,permission_id) values (?,?)
Hibernate: insert into role_permission (role_id,permission_id) values (?,?)
Hibernate: insert into role_permission (role_id,permission_id) values (?,?)
Hibernate: insert into role_permission (role_id,permission_id) values (?,?)
Hibernate: insert into role_permission (role_id,permission_id) values (?,?)
Hibernate: insert into role_permission (role_id,permission_id) values (?,?)
Hibernate: insert into role_permission (role_id,permission_id) values (?,?)
Hibernate: insert into role_permission (role_id,permission_id) values (?,?)
Hibernate: insert into role_permission (role_id,permission_id) values (?,?)
Hibernate: insert into role_permission (role_id,permission_id) values (?,?)
Hibernate: insert into role_permission (role_id,permission_id) values (?,?)
Hibernate: insert into role_permission (role_id,permission_id) values (?,?)
Hibernate: insert into role_permission (role_id,permission_id) values (?,?)
Hibernate: insert into role_permission (role_id,permission_id) values (?,?)
Hibernate: insert into role_permission (role_id,permission_id) values (?,?)
Hibernate: insert into role_permission (role_id,permission_id) values (?,?)
Hibernate: insert into role_permission (role_id,permission_id) values (?,?)
Hibernate: insert into role_permission (role_id,permission_id) values (?,?)
Hibernate: insert into role_permission (role_id,permission_id) values (?,?)
Hibernate: insert into role_permission (role_id,permission_id) values (?,?)
Hibernate: insert into role_permission (role_id,permission_id) values (?,?)
Hibernate: insert into role_permission (role_id,permission_id) values (?,?)
Hibernate: insert into role_permission (role_id,permission_id) values (?,?)
Hibernate: insert into role_permission (role_id,permission_id) values (?,?)
Hibernate: insert into role_permission (role_id,permission_id) values (?,?)
Hibernate: insert into role_permission (role_id,permission_id) values (?,?)
Hibernate: insert into role_permission (role_id,permission_id) values (?,?)
Hibernate: insert into role_permission (role_id,permission_id) values (?,?)
Hibernate: insert into role_permission (role_id,permission_id) values (?,?)
Hibernate: insert into role_permission (role_id,permission_id) values (?,?)
Hibernate: insert into role_permission (role_id,permission_id) values (?,?)
Hibernate: insert into role_permission (role_id,permission_id) values (?,?)
Hibernate: insert into role_permission (role_id,permission_id) values (?,?)
Hibernate: select r1_0.id,p1_0.role_id,p1_1.id,p1_1.code,p1_1.description,r1_0.role_type from role r1_0 left join role_permission p1_0 on r1_0.id=p1_0.role_id left join permission p1_1 on p1_1.id=p1_0.permission_id where r1_0.id=?
Hibernate: select p1_0.id,p1_0.code,p1_0.description from permission p1_0 where p1_0.id=?
Hibernate: select p1_0.id,p1_0.code,p1_0.description from permission p1_0 where p1_0.id=?
Hibernate: select p1_0.id,p1_0.code,p1_0.description from permission p1_0 where p1_0.id=?
Hibernate: select p1_0.id,p1_0.code,p1_0.description from permission p1_0 where p1_0.id=?
Hibernate: select p1_0.id,p1_0.code,p1_0.description from permission p1_0 where p1_0.id=?
Hibernate: select p1_0.id,p1_0.code,p1_0.description from permission p1_0 where p1_0.id=?
Hibernate: select p1_0.id,p1_0.code,p1_0.description from permission p1_0 where p1_0.id=?
Hibernate: select p1_0.id,p1_0.code,p1_0.description from permission p1_0 where p1_0.id=?
Hibernate: select p1_0.id,p1_0.code,p1_0.description from permission p1_0 where p1_0.id=?
Hibernate: select p1_0.id,p1_0.code,p1_0.description from permission p1_0 where p1_0.id=?
Hibernate: select p1_0.id,p1_0.code,p1_0.description from permission p1_0 where p1_0.id=?
Hibernate: select p1_0.id,p1_0.code,p1_0.description from permission p1_0 where p1_0.id=?
Hibernate: select p1_0.id,p1_0.code,p1_0.description from permission p1_0 where p1_0.id=?
Hibernate: select p1_0.id,p1_0.code,p1_0.description from permission p1_0 where p1_0.id=?
Hibernate: select p1_0.id,p1_0.code,p1_0.description from permission p1_0 where p1_0.id=?
Hibernate: select p1_0.id,p1_0.code,p1_0.description from permission p1_0 where p1_0.id=?
Hibernate: select p1_0.id,p1_0.code,p1_0.description from permission p1_0 where p1_0.id=?
Hibernate: select p1_0.id,p1_0.code,p1_0.description from permission p1_0 where p1_0.id=?
Hibernate: select p1_0.id,p1_0.code,p1_0.description from permission p1_0 where p1_0.id=?
Hibernate: select p1_0.id,p1_0.code,p1_0.description from permission p1_0 where p1_0.id=?
Hibernate: select p1_0.id,p1_0.code,p1_0.description from permission p1_0 where p1_0.id=?
Hibernate: select p1_0.id,p1_0.code,p1_0.description from permission p1_0 where p1_0.id=?
Hibernate: select p1_0.id,p1_0.code,p1_0.description from permission p1_0 where p1_0.id=?
Hibernate: select p1_0.id,p1_0.code,p1_0.description from permission p1_0 where p1_0.id=?
Hibernate: select p1_0.id,p1_0.code,p1_0.description from permission p1_0 where p1_0.id=?
Hibernate: select p1_0.id,p1_0.code,p1_0.description from permission p1_0 where p1_0.id=?
Hibernate: select p1_0.id,p1_0.code,p1_0.description from permission p1_0 where p1_0.id=?
Hibernate: select p1_0.id,p1_0.code,p1_0.description from permission p1_0 where p1_0.id=?
Hibernate: select p1_0.id,p1_0.code,p1_0.description from permission p1_0 where p1_0.id=?
Hibernate: select p1_0.id,p1_0.code,p1_0.description from permission p1_0 where p1_0.id=?
Hibernate: select p1_0.id,p1_0.code,p1_0.description from permission p1_0 where p1_0.id=?
Hibernate: select p1_0.id,p1_0.code,p1_0.description from permission p1_0 where p1_0.id=?
Hibernate: select p1_0.id,p1_0.code,p1_0.description from permission p1_0 where p1_0.id=?
Hibernate: select p1_0.id,p1_0.code,p1_0.description from permission p1_0 where p1_0.id=?
Hibernate: select p1_0.id,p1_0.code,p1_0.description from permission p1_0 where p1_0.id=?
Hibernate: select p1_0.id,p1_0.code,p1_0.description from permission p1_0 where p1_0.id=?
Hibernate: insert into role (role_type,id) values (?,?)
Hibernate: insert into role_permission (role_id,permission_id) values (?,?)
Hibernate: insert into role_permission (role_id,permission_id) values (?,?)
Hibernate: insert into role_permission (role_id,permission_id) values (?,?)
Hibernate: insert into role_permission (role_id,permission_id) values (?,?)
Hibernate: insert into role_permission (role_id,permission_id) values (?,?)
Hibernate: insert into role_permission (role_id,permission_id) values (?,?)
Hibernate: insert into role_permission (role_id,permission_id) values (?,?)
Hibernate: insert into role_permission (role_id,permission_id) values (?,?)
Hibernate: insert into role_permission (role_id,permission_id) values (?,?)
Hibernate: insert into role_permission (role_id,permission_id) values (?,?)
Hibernate: insert into role_permission (role_id,permission_id) values (?,?)
Hibernate: insert into role_permission (role_id,permission_id) values (?,?)
Hibernate: insert into role_permission (role_id,permission_id) values (?,?)
Hibernate: insert into role_permission (role_id,permission_id) values (?,?)
Hibernate: insert into role_permission (role_id,permission_id) values (?,?)
Hibernate: insert into role_permission (role_id,permission_id) values (?,?)
Hibernate: insert into role_permission (role_id,permission_id) values (?,?)
Hibernate: insert into role_permission (role_id,permission_id) values (?,?)
Hibernate: insert into role_permission (role_id,permission_id) values (?,?)
Hibernate: insert into role_permission (role_id,permission_id) values (?,?)
Hibernate: insert into role_permission (role_id,permission_id) values (?,?)
Hibernate: insert into role_permission (role_id,permission_id) values (?,?)
Hibernate: insert into role_permission (role_id,permission_id) values (?,?)
Hibernate: insert into role_permission (role_id,permission_id) values (?,?)
Hibernate: insert into role_permission (role_id,permission_id) values (?,?)
Hibernate: insert into role_permission (role_id,permission_id) values (?,?)
Hibernate: insert into role_permission (role_id,permission_id) values (?,?)
Hibernate: insert into role_permission (role_id,permission_id) values (?,?)
Hibernate: insert into role_permission (role_id,permission_id) values (?,?)
Hibernate: insert into role_permission (role_id,permission_id) values (?,?)
Hibernate: insert into role_permission (role_id,permission_id) values (?,?)
Hibernate: insert into role_permission (role_id,permission_id) values (?,?)
Hibernate: insert into role_permission (role_id,permission_id) values (?,?)
Hibernate: insert into role_permission (role_id,permission_id) values (?,?)
Hibernate: insert into role_permission (role_id,permission_id) values (?,?)
Hibernate: insert into role_permission (role_id,permission_id) values (?,?)
Hibernate: select r1_0.id,p1_0.role_id,p1_1.id,p1_1.code,p1_1.description,r1_0.role_type from role r1_0 left join role_permission p1_0 on r1_0.id=p1_0.role_id left join permission p1_1 on p1_1.id=p1_0.permission_id where r1_0.id=?
Hibernate: select p1_0.id,p1_0.code,p1_0.description from permission p1_0 where p1_0.id=?
Hibernate: select p1_0.id,p1_0.code,p1_0.description from permission p1_0 where p1_0.id=?
Hibernate: select p1_0.id,p1_0.code,p1_0.description from permission p1_0 where p1_0.id=?
Hibernate: select p1_0.id,p1_0.code,p1_0.description from permission p1_0 where p1_0.id=?
Hibernate: select p1_0.id,p1_0.code,p1_0.description from permission p1_0 where p1_0.id=?
Hibernate: select p1_0.id,p1_0.code,p1_0.description from permission p1_0 where p1_0.id=?
Hibernate: select p1_0.id,p1_0.code,p1_0.description from permission p1_0 where p1_0.id=?
Hibernate: select p1_0.id,p1_0.code,p1_0.description from permission p1_0 where p1_0.id=?
Hibernate: select p1_0.id,p1_0.code,p1_0.description from permission p1_0 where p1_0.id=?
Hibernate: select p1_0.id,p1_0.code,p1_0.description from permission p1_0 where p1_0.id=?
Hibernate: select p1_0.id,p1_0.code,p1_0.description from permission p1_0 where p1_0.id=?
Hibernate: select p1_0.id,p1_0.code,p1_0.description from permission p1_0 where p1_0.id=?
Hibernate: select p1_0.id,p1_0.code,p1_0.description from permission p1_0 where p1_0.id=?
Hibernate: select p1_0.id,p1_0.code,p1_0.description from permission p1_0 where p1_0.id=?
Hibernate: select p1_0.id,p1_0.code,p1_0.description from permission p1_0 where p1_0.id=?
Hibernate: select p1_0.id,p1_0.code,p1_0.description from permission p1_0 where p1_0.id=?
Hibernate: select p1_0.id,p1_0.code,p1_0.description from permission p1_0 where p1_0.id=?
Hibernate: select p1_0.id,p1_0.code,p1_0.description from permission p1_0 where p1_0.id=?
Hibernate: insert into role (role_type,id) values (?,?)
Hibernate: insert into role_permission (role_id,permission_id) values (?,?)
Hibernate: insert into role_permission (role_id,permission_id) values (?,?)
Hibernate: insert into role_permission (role_id,permission_id) values (?,?)
Hibernate: insert into role_permission (role_id,permission_id) values (?,?)
Hibernate: insert into role_permission (role_id,permission_id) values (?,?)
Hibernate: insert into role_permission (role_id,permission_id) values (?,?)
Hibernate: insert into role_permission (role_id,permission_id) values (?,?)
Hibernate: insert into role_permission (role_id,permission_id) values (?,?)
Hibernate: insert into role_permission (role_id,permission_id) values (?,?)
Hibernate: insert into role_permission (role_id,permission_id) values (?,?)
Hibernate: insert into role_permission (role_id,permission_id) values (?,?)
Hibernate: insert into role_permission (role_id,permission_id) values (?,?)
Hibernate: insert into role_permission (role_id,permission_id) values (?,?)
Hibernate: insert into role_permission (role_id,permission_id) values (?,?)
Hibernate: insert into role_permission (role_id,permission_id) values (?,?)
Hibernate: insert into role_permission (role_id,permission_id) values (?,?)
Hibernate: insert into role_permission (role_id,permission_id) values (?,?)
Hibernate: insert into role_permission (role_id,permission_id) values (?,?)
Hibernate: select r1_0.id,p1_0.role_id,p1_1.id,p1_1.code,p1_1.description,r1_0.role_type from role r1_0 left join role_permission p1_0 on r1_0.id=p1_0.role_id left join permission p1_1 on p1_1.id=p1_0.permission_id where r1_0.id=?
Hibernate: select p1_0.id,p1_0.code,p1_0.description from permission p1_0 where p1_0.id=?
Hibernate: select p1_0.id,p1_0.code,p1_0.description from permission p1_0 where p1_0.id=?
Hibernate: select p1_0.id,p1_0.code,p1_0.description from permission p1_0 where p1_0.id=?
Hibernate: select p1_0.id,p1_0.code,p1_0.description from permission p1_0 where p1_0.id=?
Hibernate: select p1_0.id,p1_0.code,p1_0.description from permission p1_0 where p1_0.id=?
Hibernate: select p1_0.id,p1_0.code,p1_0.description from permission p1_0 where p1_0.id=?
Hibernate: select p1_0.id,p1_0.code,p1_0.description from permission p1_0 where p1_0.id=?
Hibernate: select p1_0.id,p1_0.code,p1_0.description from permission p1_0 where p1_0.id=?
Hibernate: insert into role (role_type,id) values (?,?)
Hibernate: insert into role_permission (role_id,permission_id) values (?,?)
Hibernate: insert into role_permission (role_id,permission_id) values (?,?)
Hibernate: insert into role_permission (role_id,permission_id) values (?,?)
Hibernate: insert into role_permission (role_id,permission_id) values (?,?)
Hibernate: insert into role_permission (role_id,permission_id) values (?,?)
Hibernate: insert into role_permission (role_id,permission_id) values (?,?)
Hibernate: insert into role_permission (role_id,permission_id) values (?,?)
Hibernate: insert into role_permission (role_id,permission_id) values (?,?)
Hibernate: select r1_0.id,p1_0.role_id,p1_1.id,p1_1.code,p1_1.description,r1_0.role_type from role r1_0 left join role_permission p1_0 on r1_0.id=p1_0.role_id left join permission p1_1 on p1_1.id=p1_0.permission_id where r1_0.id=?
Hibernate: select p1_0.id,p1_0.code,p1_0.description from permission p1_0 where p1_0.id=?
Hibernate: select p1_0.id,p1_0.code,p1_0.description from permission p1_0 where p1_0.id=?
Hibernate: select p1_0.id,p1_0.code,p1_0.description from permission p1_0 where p1_0.id=?
Hibernate: select p1_0.id,p1_0.code,p1_0.description from permission p1_0 where p1_0.id=?
Hibernate: insert into role (role_type,id) values (?,?)
Hibernate: insert into role_permission (role_id,permission_id) values (?,?)
Hibernate: insert into role_permission (role_id,permission_id) values (?,?)
Hibernate: insert into role_permission (role_id,permission_id) values (?,?)
Hibernate: insert into role_permission (role_id,permission_id) values (?,?)
Hibernate: select r1_0.id,p1_0.role_id,p1_1.id,p1_1.code,p1_1.description,r1_0.role_type from role r1_0 left join role_permission p1_0 on r1_0.id=p1_0.role_id left join permission p1_1 on p1_1.id=p1_0.permission_id where r1_0.id=?
Hibernate: select p1_0.id,p1_0.code,p1_0.description from permission p1_0 where p1_0.id=?
Hibernate: select p1_0.id,p1_0.code,p1_0.description from permission p1_0 where p1_0.id=?
Hibernate: select p1_0.id,p1_0.code,p1_0.description from permission p1_0 where p1_0.id=?
Hibernate: select p1_0.id,p1_0.code,p1_0.description from permission p1_0 where p1_0.id=?
Hibernate: select p1_0.id,p1_0.code,p1_0.description from permission p1_0 where p1_0.id=?
Hibernate: select p1_0.id,p1_0.code,p1_0.description from permission p1_0 where p1_0.id=?
Hibernate: select p1_0.id,p1_0.code,p1_0.description from permission p1_0 where p1_0.id=?
Hibernate: insert into role (role_type,id) values (?,?)
Hibernate: insert into role_permission (role_id,permission_id) values (?,?)
Hibernate: insert into role_permission (role_id,permission_id) values (?,?)
Hibernate: insert into role_permission (role_id,permission_id) values (?,?)
Hibernate: insert into role_permission (role_id,permission_id) values (?,?)
Hibernate: insert into role_permission (role_id,permission_id) values (?,?)
Hibernate: insert into role_permission (role_id,permission_id) values (?,?)
Hibernate: insert into role_permission (role_id,permission_id) values (?,?)
Hibernate: select u1_0.id,u1_0.name,r1_0.user_id,r1_1.id,p1_0.role_id,p1_1.id,p1_1.code,p1_1.description,r1_1.role_type,t1_0.id,t1_0.name from app_user u1_0 left join user_role r1_0 on u1_0.id=r1_0.user_id left join role r1_1 on r1_1.id=r1_0.role_id left join role_permission p1_0 on r1_1.id=p1_0.role_id left join permission p1_1 on p1_1.id=p1_0.permission_id left join tenant t1_0 on t1_0.id=u1_0.tenant_id where u1_0.id=?
Hibernate: select t1_0.id,t1_0.name from tenant t1_0 where t1_0.id=?
Hibernate: select r1_0.id,p1_0.role_id,p1_1.id,p1_1.code,p1_1.description,r1_0.role_type from role r1_0 left join role_permission p1_0 on r1_0.id=p1_0.role_id left join permission p1_1 on p1_1.id=p1_0.permission_id where r1_0.id=?
Hibernate: insert into app_user (name,tenant_id,id) values (?,?,?)
Hibernate: insert into user_role (user_id,role_id) values (?,?)
Hibernate: select u1_0.id,u1_0.name,r1_0.user_id,r1_1.id,p1_0.role_id,p1_1.id,p1_1.code,p1_1.description,r1_1.role_type,t1_0.id,t1_0.name from app_user u1_0 left join user_role r1_0 on u1_0.id=r1_0.user_id left join role r1_1 on r1_1.id=r1_0.role_id left join role_permission p1_0 on r1_1.id=p1_0.role_id left join permission p1_1 on p1_1.id=p1_0.permission_id left join tenant t1_0 on t1_0.id=u1_0.tenant_id where u1_0.id=?
Hibernate: select t1_0.id,t1_0.name from tenant t1_0 where t1_0.id=?
Hibernate: select r1_0.id,p1_0.role_id,p1_1.id,p1_1.code,p1_1.description,r1_0.role_type from role r1_0 left join role_permission p1_0 on r1_0.id=p1_0.role_id left join permission p1_1 on p1_1.id=p1_0.permission_id where r1_0.id=?
Hibernate: insert into app_user (name,tenant_id,id) values (?,?,?)
Hibernate: insert into user_role (user_id,role_id) values (?,?)
Hibernate: select u1_0.id,u1_0.name,r1_0.user_id,r1_1.id,p1_0.role_id,p1_1.id,p1_1.code,p1_1.description,r1_1.role_type,t1_0.id,t1_0.name from app_user u1_0 left join user_role r1_0 on u1_0.id=r1_0.user_id left join role r1_1 on r1_1.id=r1_0.role_id left join role_permission p1_0 on r1_1.id=p1_0.role_id left join permission p1_1 on p1_1.id=p1_0.permission_id left join tenant t1_0 on t1_0.id=u1_0.tenant_id where u1_0.id=?
Hibernate: select t1_0.id,t1_0.name from tenant t1_0 where t1_0.id=?
Hibernate: select r1_0.id,p1_0.role_id,p1_1.id,p1_1.code,p1_1.description,r1_0.role_type from role r1_0 left join role_permission p1_0 on r1_0.id=p1_0.role_id left join permission p1_1 on p1_1.id=p1_0.permission_id where r1_0.id=?
Hibernate: insert into app_user (name,tenant_id,id) values (?,?,?)
Hibernate: insert into user_role (user_id,role_id) values (?,?)
Hibernate: select u1_0.id,u1_0.name,r1_0.user_id,r1_1.id,p1_0.role_id,p1_1.id,p1_1.code,p1_1.description,r1_1.role_type,t1_0.id,t1_0.name from app_user u1_0 left join user_role r1_0 on u1_0.id=r1_0.user_id left join role r1_1 on r1_1.id=r1_0.role_id left join role_permission p1_0 on r1_1.id=p1_0.role_id left join permission p1_1 on p1_1.id=p1_0.permission_id left join tenant t1_0 on t1_0.id=u1_0.tenant_id where u1_0.id=?
Hibernate: select t1_0.id,t1_0.name from tenant t1_0 where t1_0.id=?
Hibernate: select r1_0.id,p1_0.role_id,p1_1.id,p1_1.code,p1_1.description,r1_0.role_type from role r1_0 left join role_permission p1_0 on r1_0.id=p1_0.role_id left join permission p1_1 on p1_1.id=p1_0.permission_id where r1_0.id=?
Hibernate: insert into app_user (name,tenant_id,id) values (?,?,?)
Hibernate: insert into user_role (user_id,role_id) values (?,?)
Hibernate: select u1_0.id,u1_0.name,r1_0.user_id,r1_1.id,p1_0.role_id,p1_1.id,p1_1.code,p1_1.description,r1_1.role_type,t1_0.id,t1_0.name from app_user u1_0 left join user_role r1_0 on u1_0.id=r1_0.user_id left join role r1_1 on r1_1.id=r1_0.role_id left join role_permission p1_0 on r1_1.id=p1_0.role_id left join permission p1_1 on p1_1.id=p1_0.permission_id left join tenant t1_0 on t1_0.id=u1_0.tenant_id where u1_0.id=?
Hibernate: select t1_0.id,t1_0.name from tenant t1_0 where t1_0.id=?
Hibernate: select r1_0.id,p1_0.role_id,p1_1.id,p1_1.code,p1_1.description,r1_0.role_type from role r1_0 left join role_permission p1_0 on r1_0.id=p1_0.role_id left join permission p1_1 on p1_1.id=p1_0.permission_id where r1_0.id=?
Hibernate: insert into app_user (name,tenant_id,id) values (?,?,?)
Hibernate: insert into user_role (user_id,role_id) values (?,?)
Hibernate: select u1_0.id,u1_0.name,r1_0.user_id,r1_1.id,p1_0.role_id,p1_1.id,p1_1.code,p1_1.description,r1_1.role_type,t1_0.id,t1_0.name from app_user u1_0 left join user_role r1_0 on u1_0.id=r1_0.user_id left join role r1_1 on r1_1.id=r1_0.role_id left join role_permission p1_0 on r1_1.id=p1_0.role_id left join permission p1_1 on p1_1.id=p1_0.permission_id left join tenant t1_0 on t1_0.id=u1_0.tenant_id where u1_0.id=?
Hibernate: select r1_0.id,p1_0.role_id,p1_1.id,p1_1.code,p1_1.description,r1_0.role_type from role r1_0 left join role_permission p1_0 on r1_0.id=p1_0.role_id left join permission p1_1 on p1_1.id=p1_0.permission_id where r1_0.id=?
Hibernate: insert into app_user (name,tenant_id,id) values (?,?,?)
Hibernate: insert into user_role (user_id,role_id) values (?,?)
Hibernate: select count(*) from quotes q1_0
Hibernate: select p1_0.id,p1_0.category_id,p1_0.created_at,p1_0.description,p1_0.image_url,p1_0.name,p1_0.product_type,p1_0.quantity_damaged,p1_0.quantity_in_maintenance,p1_0.quantity_lost,p1_0.quantity_owned,p1_0.rental_price,p1_0.replacement_cost,p1_0.sku,p1_0.status,p1_0.tenant_id,p1_0.updated_at from products p1_0 where p1_0.tenant_id=?
Hibernate: select count(q1_0.id) from quotes q1_0 where q1_0.tenant_id=?
Hibernate: select count(*) from invoices i1_0
Hibernate: select b1_0.id,b1_0.balance_due,b1_0.booking_date,b1_0.booking_number,b1_0.breakdown_fee,b1_0.created_at,b1_0.created_by,b1_0.customer_id,b1_0.delivery_fee,b1_0.deposit_paid,b1_0.deposit_required,b1_0.discount_amount,b1_0.event_id,b1_0.internal_notes,b1_0.notes,b1_0.pickup_fee,b1_0.quote_id,b1_0.rental_end_date_time,b1_0.rental_start_date_time,b1_0.service_fee,b1_0.setup_fee,b1_0.status,b1_0.subtotal,b1_0.tax_amount,b1_0.tenant_id,b1_0.total_amount,b1_0.updated_at from booking b1_0 where b1_0.tenant_id=?
Hibernate: select i1_0.id from invoices i1_0 where i1_0.tenant_id=? and i1_0.booking_id=? and i1_0.status<>? fetch first ? rows only
Hibernate: select b1_0.id,b1_0.balance_due,b1_0.booking_date,b1_0.booking_number,b1_0.breakdown_fee,b1_0.created_at,b1_0.created_by,b1_0.customer_id,b1_0.delivery_fee,b1_0.deposit_paid,b1_0.deposit_required,b1_0.discount_amount,b1_0.event_id,b1_0.internal_notes,b1_0.notes,b1_0.pickup_fee,b1_0.quote_id,b1_0.rental_end_date_time,b1_0.rental_start_date_time,b1_0.service_fee,b1_0.setup_fee,b1_0.status,b1_0.subtotal,b1_0.tax_amount,b1_0.tenant_id,b1_0.total_amount,b1_0.updated_at from booking b1_0 where b1_0.tenant_id=? and b1_0.id=?
Hibernate: select c1_0.id,c1_0.alternate_phone,c1_0.billing_address,c1_0.city,c1_0.company_name,c1_0.country,c1_0.created_at,c1_0.customer_number,c1_0.customer_type,c1_0.email,c1_0.first_name,c1_0.last_name,c1_0.notes,c1_0.phone,c1_0.shipping_address,c1_0.state,c1_0.status,c1_0.tenant_id,c1_0.updated_at,c1_0.zip_code from customers c1_0 where c1_0.id=?
Hibernate: select i1_0.id from invoices i1_0 where i1_0.tenant_id=? and i1_0.booking_id=? and i1_0.status<>? fetch first ? rows only
Hibernate: select b1_0.id,b1_0.balance_due,b1_0.booking_date,b1_0.booking_number,b1_0.breakdown_fee,b1_0.created_at,b1_0.created_by,b1_0.customer_id,b1_0.delivery_fee,b1_0.deposit_paid,b1_0.deposit_required,b1_0.discount_amount,b1_0.event_id,b1_0.internal_notes,b1_0.notes,b1_0.pickup_fee,b1_0.quote_id,b1_0.rental_end_date_time,b1_0.rental_start_date_time,b1_0.service_fee,b1_0.setup_fee,b1_0.status,b1_0.subtotal,b1_0.tax_amount,b1_0.tenant_id,b1_0.total_amount,b1_0.updated_at from booking b1_0 where b1_0.tenant_id=? and b1_0.id=?
Hibernate: select c1_0.id,c1_0.alternate_phone,c1_0.billing_address,c1_0.city,c1_0.company_name,c1_0.country,c1_0.created_at,c1_0.customer_number,c1_0.customer_type,c1_0.email,c1_0.first_name,c1_0.last_name,c1_0.notes,c1_0.phone,c1_0.shipping_address,c1_0.state,c1_0.status,c1_0.tenant_id,c1_0.updated_at,c1_0.zip_code from customers c1_0 where c1_0.id=?
Hibernate: insert into invoices (amount_paid,balance_due,billing_address,booking_id,city,company_name,country,created_at,created_by,customer_id,customer_name,discount,due_date,email,fees,invoice_number,issue_date,notes,phone,state,status,subtotal,tax,tenant_id,total_amount,updated_at,zip_code,id) values (?,?,?,?,?,?,?,?,?,?,?,?,?,?,?,?,?,?,?,?,?,?,?,?,?,?,?,?)
Hibernate: insert into invoice_items (created_at,description,discount,invoice_id,line_total,product_id,quantity,tax,unit_price,id) values (?,?,?,?,?,?,?,?,?,?)
✅ Seeded Demo Invoice 3: INV-000003 (Status: OVERDUE)
Hibernate: select count(*) from product_categories pc1_0
Hibernate: select count(*) from products p1_0
Hibernate: select pc1_0.id,pc1_0.active,pc1_0.created_at,pc1_0.description,pc1_0.name,pc1_0.parent_category_id,pc1_0.tenant_id,pc1_0.updated_at from product_categories pc1_0 where pc1_0.id=?
Hibernate: select pc1_0.id,pc1_0.active,pc1_0.created_at,pc1_0.description,pc1_0.name,pc1_0.parent_category_id,pc1_0.tenant_id,pc1_0.updated_at from product_categories pc1_0 where pc1_0.id=?
Hibernate: select pc1_0.id,pc1_0.active,pc1_0.created_at,pc1_0.description,pc1_0.name,pc1_0.parent_category_id,pc1_0.tenant_id,pc1_0.updated_at from product_categories pc1_0 where pc1_0.id=?
Hibernate: select pc1_0.id,pc1_0.active,pc1_0.created_at,pc1_0.description,pc1_0.name,pc1_0.parent_category_id,pc1_0.tenant_id,pc1_0.updated_at from product_categories pc1_0 where pc1_0.id=?
Hibernate: select pc1_0.id,pc1_0.active,pc1_0.created_at,pc1_0.description,pc1_0.name,pc1_0.parent_category_id,pc1_0.tenant_id,pc1_0.updated_at from product_categories pc1_0 where pc1_0.id=?
Hibernate: select pc1_0.id,pc1_0.active,pc1_0.created_at,pc1_0.description,pc1_0.name,pc1_0.parent_category_id,pc1_0.tenant_id,pc1_0.updated_at from product_categories pc1_0 where pc1_0.id=?
Hibernate: select pc1_0.id,pc1_0.active,pc1_0.created_at,pc1_0.description,pc1_0.name,pc1_0.parent_category_id,pc1_0.tenant_id,pc1_0.updated_at from product_categories pc1_0 where pc1_0.id=?
Hibernate: select pc1_0.id,pc1_0.active,pc1_0.created_at,pc1_0.description,pc1_0.name,pc1_0.parent_category_id,pc1_0.tenant_id,pc1_0.updated_at from product_categories pc1_0 where pc1_0.id=?
Hibernate: select pc1_0.id,pc1_0.active,pc1_0.created_at,pc1_0.description,pc1_0.name,pc1_0.parent_category_id,pc1_0.tenant_id,pc1_0.updated_at from product_categories pc1_0 where pc1_0.id=?
Hibernate: select p1_0.id,p1_0.category_id,p1_0.created_at,p1_0.description,p1_0.image_url,p1_0.name,p1_0.product_type,p1_0.quantity_damaged,p1_0.quantity_in_maintenance,p1_0.quantity_lost,p1_0.quantity_owned,p1_0.rental_price,p1_0.replacement_cost,p1_0.sku,p1_0.status,p1_0.tenant_id,p1_0.updated_at from products p1_0 where p1_0.id=?
Hibernate: select p1_0.id,p1_0.category_id,p1_0.created_at,p1_0.description,p1_0.image_url,p1_0.name,p1_0.product_type,p1_0.quantity_damaged,p1_0.quantity_in_maintenance,p1_0.quantity_lost,p1_0.quantity_owned,p1_0.rental_price,p1_0.replacement_cost,p1_0.sku,p1_0.status,p1_0.tenant_id,p1_0.updated_at from products p1_0 where p1_0.id=?
Hibernate: select p1_0.id,p1_0.category_id,p1_0.created_at,p1_0.description,p1_0.image_url,p1_0.name,p1_0.product_type,p1_0.quantity_damaged,p1_0.quantity_in_maintenance,p1_0.quantity_lost,p1_0.quantity_owned,p1_0.rental_price,p1_0.replacement_cost,p1_0.sku,p1_0.status,p1_0.tenant_id,p1_0.updated_at from products p1_0 where p1_0.id=?
Hibernate: select p1_0.id,p1_0.category_id,p1_0.created_at,p1_0.description,p1_0.image_url,p1_0.name,p1_0.product_type,p1_0.quantity_damaged,p1_0.quantity_in_maintenance,p1_0.quantity_lost,p1_0.quantity_owned,p1_0.rental_price,p1_0.replacement_cost,p1_0.sku,p1_0.status,p1_0.tenant_id,p1_0.updated_at from products p1_0 where p1_0.id=?
Hibernate: select p1_0.id,p1_0.category_id,p1_0.created_at,p1_0.description,p1_0.image_url,p1_0.name,p1_0.product_type,p1_0.quantity_damaged,p1_0.quantity_in_maintenance,p1_0.quantity_lost,p1_0.quantity_owned,p1_0.rental_price,p1_0.replacement_cost,p1_0.sku,p1_0.status,p1_0.tenant_id,p1_0.updated_at from products p1_0 where p1_0.id=?
Hibernate: select p1_0.id,p1_0.category_id,p1_0.created_at,p1_0.description,p1_0.image_url,p1_0.name,p1_0.product_type,p1_0.quantity_damaged,p1_0.quantity_in_maintenance,p1_0.quantity_lost,p1_0.quantity_owned,p1_0.rental_price,p1_0.replacement_cost,p1_0.sku,p1_0.status,p1_0.tenant_id,p1_0.updated_at from products p1_0 where p1_0.id=?
Hibernate: select p1_0.id,p1_0.category_id,p1_0.created_at,p1_0.description,p1_0.image_url,p1_0.name,p1_0.product_type,p1_0.quantity_damaged,p1_0.quantity_in_maintenance,p1_0.quantity_lost,p1_0.quantity_owned,p1_0.rental_price,p1_0.replacement_cost,p1_0.sku,p1_0.status,p1_0.tenant_id,p1_0.updated_at from products p1_0 where p1_0.id=?
Hibernate: select p1_0.id,p1_0.category_id,p1_0.created_at,p1_0.description,p1_0.image_url,p1_0.name,p1_0.product_type,p1_0.quantity_damaged,p1_0.quantity_in_maintenance,p1_0.quantity_lost,p1_0.quantity_owned,p1_0.rental_price,p1_0.replacement_cost,p1_0.sku,p1_0.status,p1_0.tenant_id,p1_0.updated_at from products p1_0 where p1_0.id=?
Hibernate: select p1_0.id,p1_0.category_id,p1_0.created_at,p1_0.description,p1_0.image_url,p1_0.name,p1_0.product_type,p1_0.quantity_damaged,p1_0.quantity_in_maintenance,p1_0.quantity_lost,p1_0.quantity_owned,p1_0.rental_price,p1_0.replacement_cost,p1_0.sku,p1_0.status,p1_0.tenant_id,p1_0.updated_at from products p1_0 where p1_0.id=?
[...]
Hibernate: select ir1_0.id,ir1_0.booking_id,ir1_0.created_at,ir1_0.end_date_time,ir1_0.event_id,ir1_0.product_id,ir1_0.quantity,ir1_0.start_date_time,ir1_0.status,ir1_0.tenant_id,ir1_0.updated_at from inventory_reservations ir1_0 where ir1_0.tenant_id=? and ir1_0.product_id=? and (ir1_0.status='RESERVED' or ir1_0.status='PENDING') and ir1_0.start_date_time<? and ir1_0.end_date_time>?
Hibernate: select q1_0.id,q1_0.breakdown_fee,q1_0.created_at,q1_0.created_by,q1_0.customer_id,q1_0.delivery_fee,q1_0.deposit_amount,q1_0.deposit_percentage,q1_0.discount_amount,q1_0.event_id,q1_0.internal_notes,q1_0.notes,q1_0.pickup_fee,q1_0.quote_date,q1_0.quote_number,q1_0.rental_end_date_time,q1_0.rental_start_date_time,q1_0.service_fee,q1_0.setup_fee,q1_0.status,q1_0.subtotal,q1_0.tax_amount,q1_0.tax_rate,q1_0.tenant_id,q1_0.total_amount,q1_0.updated_at,q1_0.valid_until from quotes q1_0 where q1_0.tenant_id=? and q1_0.id=?
Hibernate: select qi1_0.id,qi1_0.created_at,qi1_0.description,qi1_0.discount_amount,qi1_0.line_subtotal,qi1_0.line_total,qi1_0.notes,qi1_0.pricing_strategy,qi1_0.product_id,qi1_0.quantity,qi1_0.quote_id,qi1_0.rental_days,qi1_0.standard_unit_price,qi1_0.tax_amount,qi1_0.unit_price,qi1_0.updated_at from quote_items qi1_0 where qi1_0.quote_id=?
Hibernate: select p1_0.id,p1_0.category_id,p1_0.created_at,p1_0.description,p1_0.image_url,p1_0.name,p1_0.product_type,p1_0.quantity_damaged,p1_0.quantity_in_maintenance,p1_0.quantity_lost,p1_0.quantity_owned,p1_0.rental_price,p1_0.replacement_cost,p1_0.sku,p1_0.status,p1_0.tenant_id,p1_0.updated_at from products p1_0 where p1_0.tenant_id=? and p1_0.id=?
Hibernate: select ir1_0.id,ir1_0.booking_id,ir1_0.created_at,ir1_0.end_date_time,ir1_0.event_id,ir1_0.product_id,ir1_0.quantity,ir1_0.start_date_time,ir1_0.status,ir1_0.tenant_id,ir1_0.updated_at from inventory_reservations ir1_0 where ir1_0.tenant_id=? and ir1_0.product_id=? and (ir1_0.status='RESERVED' or ir1_0.status='PENDING') and ir1_0.start_date_time<? and ir1_0.end_date_time>?
Hibernate: select b1_0.id,b1_0.balance_due,b1_0.booking_date,b1_0.booking_number,b1_0.breakdown_fee,b1_0.created_at,b1_0.created_by,b1_0.customer_id,b1_0.delivery_fee,b1_0.deposit_paid,b1_0.deposit_required,b1_0.discount_amount,b1_0.event_id,b1_0.internal_notes,b1_0.notes,b1_0.pickup_fee,b1_0.quote_id,b1_0.rental_end_date_time,b1_0.rental_start_date_time,b1_0.service_fee,b1_0.setup_fee,b1_0.status,b1_0.subtotal,b1_0.tax_amount,b1_0.tenant_id,b1_0.total_amount,b1_0.updated_at from booking b1_0 where b1_0.tenant_id=? and b1_0.quote_id=?
Hibernate: select q1_0.id,q1_0.breakdown_fee,q1_0.created_at,q1_0.created_by,q1_0.customer_id,q1_0.delivery_fee,q1_0.deposit_amount,q1_0.deposit_percentage,q1_0.discount_amount,q1_0.event_id,q1_0.internal_notes,q1_0.notes,q1_0.pickup_fee,q1_0.quote_date,q1_0.quote_number,q1_0.rental_end_date_time,q1_0.rental_start_date_time,q1_0.service_fee,q1_0.setup_fee,q1_0.status,q1_0.subtotal,q1_0.tax_amount,q1_0.tax_rate,q1_0.tenant_id,q1_0.total_amount,q1_0.updated_at,q1_0.valid_until from quotes q1_0 where q1_0.tenant_id=? and q1_0.id=?
Hibernate: select qi1_0.id,qi1_0.created_at,qi1_0.description,qi1_0.discount_amount,qi1_0.line_subtotal,qi1_0.line_total,qi1_0.notes,qi1_0.pricing_strategy,qi1_0.product_id,qi1_0.quantity,qi1_0.quote_id,qi1_0.rental_days,qi1_0.standard_unit_price,qi1_0.tax_amount,qi1_0.unit_price,qi1_0.updated_at from quote_items qi1_0 where qi1_0.quote_id=?
Hibernate: select p1_0.id,p1_0.category_id,p1_0.created_at,p1_0.description,p1_0.image_url,p1_0.name,p1_0.product_type,p1_0.quantity_damaged,p1_0.quantity_in_maintenance,p1_0.quantity_lost,p1_0.quantity_owned,p1_0.rental_price,p1_0.replacement_cost,p1_0.sku,p1_0.status,p1_0.tenant_id,p1_0.updated_at from products p1_0 where p1_0.tenant_id=? and p1_0.id=?
Hibernate: select ir1_0.id,ir1_0.booking_id,ir1_0.created_at,ir1_0.end_date_time,ir1_0.event_id,ir1_0.product_id,ir1_0.quantity,ir1_0.start_date_time,ir1_0.status,ir1_0.tenant_id,ir1_0.updated_at from inventory_reservations ir1_0 where ir1_0.tenant_id=? and ir1_0.product_id=? and (ir1_0.status='RESERVED' or ir1_0.status='PENDING') and ir1_0.start_date_time<? and ir1_0.end_date_time>?
Hibernate: select count(b1_0.id) from booking b1_0 where b1_0.tenant_id=?
Hibernate: select ir1_0.id,ir1_0.booking_id,ir1_0.created_at,ir1_0.end_date_time,ir1_0.event_id,ir1_0.product_id,ir1_0.quantity,ir1_0.start_date_time,ir1_0.status,ir1_0.tenant_id,ir1_0.updated_at from inventory_reservations ir1_0 where ir1_0.id=?
Hibernate: select it1_0.id,it1_0.created_at,it1_0.created_by,it1_0.notes,it1_0.product_id,it1_0.quantity,it1_0.reference_id,it1_0.reference_type,it1_0.tenant_id,it1_0.transaction_type from inventory_transactions it1_0 where it1_0.id=?
Hibernate: select c1_0.id,c1_0.alternate_phone,c1_0.billing_address,c1_0.city,c1_0.company_name,c1_0.country,c1_0.created_at,c1_0.customer_number,c1_0.customer_type,c1_0.email,c1_0.first_name,c1_0.last_name,c1_0.notes,c1_0.phone,c1_0.shipping_address,c1_0.state,c1_0.status,c1_0.tenant_id,c1_0.updated_at,c1_0.zip_code from customers c1_0 where c1_0.id=?
Hibernate: select e1_0.id,e1_0.city,e1_0.created_at,e1_0.customer_id,e1_0.end_time,e1_0.event_date,e1_0.event_name,e1_0.event_type,e1_0.guest_count,e1_0.special_instructions,e1_0.start_time,e1_0.state,e1_0.status,e1_0.tenant_id,e1_0.updated_at,e1_0.venue_address,e1_0.venue_name,e1_0.zip_code from events e1_0 where e1_0.id=?
Hibernate: insert into booking (balance_due,booking_date,booking_number,breakdown_fee,created_at,created_by,customer_id,delivery_fee,deposit_paid,deposit_required,discount_amount,event_id,internal_notes,notes,pickup_fee,quote_id,rental_end_date_time,rental_start_date_time,service_fee,setup_fee,status,subtotal,tax_amount,tenant_id,total_amount,updated_at,id) values (?,?,?,?,?,?,?,?,?,?,?,?,?,?,?,?,?,?,?,?,?,?,?,?,?,?,?)
Hibernate: insert into booking_item (booking_id,created_at,description,line_subtotal,product_id,quantity,rental_end_date_time,rental_start_date_time,unit_price,updated_at,id) values (?,?,?,?,?,?,?,?,?,?,?)
Hibernate: insert into inventory_reservations (booking_id,created_at,end_date_time,event_id,product_id,quantity,start_date_time,status,tenant_id,updated_at,id) values (?,?,?,?,?,?,?,?,?,?,?)
Hibernate: insert into inventory_transactions (created_at,created_by,notes,product_id,quantity,reference_id,reference_type,tenant_id,transaction_type,id) values (?,?,?,?,?,?,?,?,?,?)
Hibernate: select bi1_0.id,bi1_0.booking_id,bi1_0.created_at,bi1_0.description,bi1_0.line_subtotal,bi1_0.product_id,bi1_0.quantity,bi1_0.rental_end_date_time,bi1_0.rental_start_date_time,bi1_0.unit_price,bi1_0.updated_at from booking_item bi1_0 where bi1_0.booking_id=?
Hibernate: select ir1_0.id,ir1_0.booking_id,ir1_0.created_at,ir1_0.end_date_time,ir1_0.event_id,ir1_0.product_id,ir1_0.quantity,ir1_0.start_date_time,ir1_0.status,ir1_0.tenant_id,ir1_0.updated_at from inventory_reservations ir1_0 where ir1_0.tenant_id=?
2026-08-22T18:20:22.080+05:30  INFO 39044 --- [RentFlow AI Backend] [o-auto-1-exec-1] o.a.c.c.C.[Tomcat].[localhost].[/]       : Initializing Spring DispatcherServlet 'dispatcherServlet'
2026-08-22T18:20:22.081+05:30  INFO 39044 --- [RentFlow AI Backend] [o-auto-1-exec-1] o.s.web.servlet.DispatcherServlet        : Initializing Servlet 'dispatcherServlet'
2026-08-22T18:20:22.083+05:30  INFO 39044 --- [RentFlow AI Backend] [o-auto-1-exec-1] o.s.web.servlet.DispatcherServlet        : Completed initialization in 2 ms
]]></system-out>
  </testcase>
  <testcase name="test11_tenantIsolation" classname="com.rentflow.ai.BookingManagementFoundationTest" time="0.06">
    <system-out><![CDATA[Hibernate: select ir1_0.id,ir1_0.booking_id,ir1_0.created_at,ir1_0.end_date_time,ir1_0.event_id,ir1_0.product_id,ir1_0.quantity,ir1_0.start_date_time,ir1_0.status,ir1_0.tenant_id,ir1_0.updated_at from inventory_reservations ir1_0
Hibernate: delete from inventory_reservations where id=?
Hibernate: select c1_0.id,c1_0.alternate_phone,c1_0.billing_address,c1_0.city,c1_0.company_name,c1_0.country,c1_0.created_at,c1_0.customer_number,c1_0.customer_type,c1_0.email,c1_0.first_name,c1_0.last_name,c1_0.notes,c1_0.phone,c1_0.shipping_address,c1_0.state,c1_0.status,c1_0.tenant_id,c1_0.updated_at,c1_0.zip_code from customers c1_0 where c1_0.tenant_id=?
Hibernate: select e1_0.id,e1_0.city,e1_0.created_at,e1_0.customer_id,e1_0.end_time,e1_0.event_date,e1_0.event_name,e1_0.event_type,e1_0.guest_count,e1_0.special_instructions,e1_0.start_time,e1_0.state,e1_0.status,e1_0.tenant_id,e1_0.updated_at,e1_0.venue_address,e1_0.venue_name,e1_0.zip_code from events e1_0 where e1_0.tenant_id=?
Hibernate: select p1_0.id,p1_0.category_id,p1_0.created_at,p1_0.description,p1_0.image_url,p1_0.name,p1_0.product_type,p1_0.quantity_damaged,p1_0.quantity_in_maintenance,p1_0.quantity_lost,p1_0.quantity_owned,p1_0.rental_price,p1_0.replacement_cost,p1_0.sku,p1_0.status,p1_0.tenant_id,p1_0.updated_at from products p1_0 where p1_0.tenant_id=?
Hibernate: select p1_0.id,p1_0.category_id,p1_0.created_at,p1_0.description,p1_0.image_url,p1_0.name,p1_0.product_type,p1_0.quantity_damaged,p1_0.quantity_in_maintenance,p1_0.quantity_lost,p1_0.quantity_owned,p1_0.rental_price,p1_0.replacement_cost,p1_0.sku,p1_0.status,p1_0.tenant_id,p1_0.updated_at from products p1_0 where p1_0.id=?
Hibernate: select count(q1_0.id) from quotes q1_0 where q1_0.tenant_id=?
Hibernate: insert into quotes (breakdown_fee,created_at,created_by,customer_id,delivery_fee,deposit_amount,deposit_percentage,discount_amount,event_id,internal_notes,notes,pickup_fee,quote_date,quote_number,rental_end_date_time,rental_start_date_time,service_fee,setup_fee,status,subtotal,tax_amount,tax_rate,tenant_id,total_amount,updated_at,valid_until,id) values (?,?,?,?,?,?,?,?,?,?,?,?,?,?,?,?,?,?,?,?,?,?,?,?,?,?,?)
Hibernate: insert into quote_items (created_at,description,discount_amount,line_subtotal,line_total,notes,pricing_strategy,product_id,quantity,quote_id,rental_days,standard_unit_price,tax_amount,unit_price,updated_at,id) values (?,?,?,?,?,?,?,?,?,?,?,?,?,?,?,?)
Hibernate: select qi1_0.id,qi1_0.created_at,qi1_0.description,qi1_0.discount_amount,qi1_0.line_subtotal,qi1_0.line_total,qi1_0.notes,qi1_0.pricing_strategy,qi1_0.product_id,qi1_0.quantity,qi1_0.quote_id,qi1_0.rental_days,qi1_0.standard_unit_price,qi1_0.tax_amount,qi1_0.unit_price,qi1_0.updated_at from quote_items qi1_0 where qi1_0.quote_id=?
Hibernate: update quotes set breakdown_fee=?,created_at=?,created_by=?,customer_id=?,delivery_fee=?,deposit_amount=?,deposit_percentage=?,discount_amount=?,event_id=?,internal_notes=?,notes=?,pickup_fee=?,quote_date=?,quote_number=?,rental_end_date_time=?,rental_start_date_time=?,service_fee=?,setup_fee=?,status=?,subtotal=?,tax_amount=?,tax_rate=?,tenant_id=?,total_amount=?,updated_at=?,valid_until=? where id=?
Hibernate: update quote_items set created_at=?,description=?,discount_amount=?,line_subtotal=?,line_total=?,notes=?,pricing_strategy=?,product_id=?,quantity=?,quote_id=?,rental_days=?,standard_unit_price=?,tax_amount=?,unit_price=?,updated_at=? where id=?
Hibernate: select q1_0.id,q1_0.breakdown_fee,q1_0.created_at,q1_0.created_by,q1_0.customer_id,q1_0.delivery_fee,q1_0.deposit_amount,q1_0.deposit_percentage,q1_0.discount_amount,q1_0.event_id,q1_0.internal_notes,q1_0.notes,q1_0.pickup_fee,q1_0.quote_date,q1_0.quote_number,q1_0.rental_end_date_time,q1_0.rental_start_date_time,q1_0.service_fee,q1_0.setup_fee,q1_0.status,q1_0.subtotal,q1_0.tax_amount,q1_0.tax_rate,q1_0.tenant_id,q1_0.total_amount,q1_0.updated_at,q1_0.valid_until from quotes q1_0 where q1_0.tenant_id=? and q1_0.id=?
Hibernate: select qi1_0.id,qi1_0.created_at,qi1_0.description,qi1_0.discount_amount,qi1_0.line_subtotal,qi1_0.line_total,qi1_0.notes,qi1_0.pricing_strategy,qi1_0.product_id,qi1_0.quantity,qi1_0.quote_id,qi1_0.rental_days,qi1_0.standard_unit_price,qi1_0.tax_amount,qi1_0.unit_price,qi1_0.updated_at from quote_items qi1_0 where qi1_0.quote_id=?
Hibernate: select p1_0.id,p1_0.category_id,p1_0.created_at,p1_0.description,p1_0.image_url,p1_0.name,p1_0.product_type,p1_0.quantity_damaged,p1_0.quantity_in_maintenance,p1_0.quantity_lost,p1_0.quantity_owned,p1_0.rental_price,p1_0.replacement_cost,p1_0.sku,p1_0.status,p1_0.tenant_id,p1_0.updated_at from products p1_0 where p1_0.tenant_id=? and p1_0.id=?
Hibernate: select ir1_0.id,ir1_0.booking_id,ir1_0.created_at,ir1_0.end_date_time,ir1_0.event_id,ir1_0.product_id,ir1_0.quantity,ir1_0.start_date_time,ir1_0.status,ir1_0.tenant_id,ir1_0.updated_at from inventory_reservations ir1_0 where ir1_0.tenant_id=? and ir1_0.product_id=? and (ir1_0.status='RESERVED' or ir1_0.status='PENDING') and ir1_0.start_date_time<? and ir1_0.end_date_time>?
Hibernate: select q1_0.id,q1_0.breakdown_fee,q1_0.created_at,q1_0.created_by,q1_0.customer_id,q1_0.delivery_fee,q1_0.deposit_amount,q1_0.deposit_percentage,q1_0.discount_amount,q1_0.event_id,q1_0.internal_notes,q1_0.notes,q1_0.pickup_fee,q1_0.quote_date,q1_0.quote_number,q1_0.rental_end_date_time,q1_0.rental_start_date_time,q1_0.service_fee,q1_0.setup_fee,q1_0.status,q1_0.subtotal,q1_0.tax_amount,q1_0.tax_rate,q1_0.tenant_id,q1_0.total_amount,q1_0.updated_at,q1_0.valid_until from quotes q1_0 where q1_0.tenant_id=? and q1_0.id=?
Hibernate: select qi1_0.id,qi1_0.created_at,qi1_0.description,qi1_0.discount_amount,qi1_0.line_subtotal,qi1_0.line_total,qi1_0.notes,qi1_0.pricing_strategy,qi1_0.product_id,qi1_0.quantity,qi1_0.quote_id,qi1_0.rental_days,qi1_0.standard_unit_price,qi1_0.tax_amount,qi1_0.unit_price,qi1_0.updated_at from quote_items qi1_0 where qi1_0.quote_id=?
Hibernate: select p1_0.id,p1_0.category_id,p1_0.created_at,p1_0.description,p1_0.image_url,p1_0.name,p1_0.product_type,p1_0.quantity_damaged,p1_0.quantity_in_maintenance,p1_0.quantity_lost,p1_0.quantity_owned,p1_0.rental_price,p1_0.replacement_cost,p1_0.sku,p1_0.status,p1_0.tenant_id,p1_0.updated_at from products p1_0 where p1_0.tenant_id=? and p1_0.id=?
Hibernate: select ir1_0.id,ir1_0.booking_id,ir1_0.created_at,ir1_0.end_date_time,ir1_0.event_id,ir1_0.product_id,ir1_0.quantity,ir1_0.start_date_time,ir1_0.status,ir1_0.tenant_id,ir1_0.updated_at from inventory_reservations ir1_0 where ir1_0.tenant_id=? and ir1_0.product_id=? and (ir1_0.status='RESERVED' or ir1_0.status='PENDING') and ir1_0.start_date_time<? and ir1_0.end_date_time>?
Hibernate: select b1_0.id,b1_0.balance_due,b1_0.booking_date,b1_0.booking_number,b1_0.breakdown_fee,b1_0.created_at,b1_0.created_by,b1_0.customer_id,b1_0.delivery_fee,b1_0.deposit_paid,b1_0.deposit_required,b1_0.discount_amount,b1_0.event_id,b1_0.internal_notes,b1_0.notes,b1_0.pickup_fee,b1_0.quote_id,b1_0.rental_end_date_time,b1_0.rental_start_date_time,b1_0.service_fee,b1_0.setup_fee,b1_0.status,b1_0.subtotal,b1_0.tax_amount,b1_0.tenant_id,b1_0.total_amount,b1_0.updated_at from booking b1_0 where b1_0.tenant_id=? and b1_0.quote_id=?
Hibernate: select q1_0.id,q1_0.breakdown_fee,q1_0.created_at,q1_0.created_by,q1_0.customer_id,q1_0.delivery_fee,q1_0.deposit_amount,q1_0.deposit_percentage,q1_0.discount_amount,q1_0.event_id,q1_0.internal_notes,q1_0.notes,q1_0.pickup_fee,q1_0.quote_date,q1_0.quote_number,q1_0.rental_end_date_time,q1_0.rental_start_date_time,q1_0.service_fee,q1_0.setup_fee,q1_0.status,q1_0.subtotal,q1_0.tax_amount,q1_0.tax_rate,q1_0.tenant_id,q1_0.total_amount,q1_0.updated_at,q1_0.valid_until from quotes q1_0 where q1_0.tenant_id=? and q1_0.id=?
Hibernate: select qi1_0.id,qi1_0.created_at,qi1_0.description,qi1_0.discount_amount,qi1_0.line_subtotal,qi1_0.line_total,qi1_0.notes,qi1_0.pricing_strategy,qi1_0.product_id,qi1_0.quantity,qi1_0.quote_id,qi1_0.rental_days,qi1_0.standard_unit_price,qi1_0.tax_amount,qi1_0.unit_price,qi1_0.updated_at from quote_items qi1_0 where qi1_0.quote_id=?
Hibernate: select p1_0.id,p1_0.category_id,p1_0.created_at,p1_0.description,p1_0.image_url,p1_0.name,p1_0.product_type,p1_0.quantity_damaged,p1_0.quantity_in_maintenance,p1_0.quantity_lost,p1_0.quantity_owned,p1_0.rental_price,p1_0.replacement_cost,p1_0.sku,p1_0.status,p1_0.tenant_id,p1_0.updated_at from products p1_0 where p1_0.tenant_id=? and p1_0.id=?
Hibernate: select ir1_0.id,ir1_0.booking_id,ir1_0.created_at,ir1_0.end_date_time,ir1_0.event_id,ir1_0.product_id,ir1_0.quantity,ir1_0.start_date_time,ir1_0.status,ir1_0.tenant_id,ir1_0.updated_at from inventory_reservations ir1_0 where ir1_0.tenant_id=? and ir1_0.product_id=? and (ir1_0.status='RESERVED' or ir1_0.status='PENDING') and ir1_0.start_date_time<? and ir1_0.end_date_time>?
Hibernate: select count(b1_0.id) from booking b1_0 where b1_0.tenant_id=?
Hibernate: select ir1_0.id,ir1_0.booking_id,ir1_0.created_at,ir1_0.end_date_time,ir1_0.event_id,ir1_0.product_id,ir1_0.quantity,ir1_0.start_date_time,ir1_0.status,ir1_0.tenant_id,ir1_0.updated_at from inventory_reservations ir1_0 where ir1_0.id=?
Hibernate: select it1_0.id,it1_0.created_at,it1_0.created_by,it1_0.notes,it1_0.product_id,it1_0.quantity,it1_0.reference_id,it1_0.reference_type,it1_0.tenant_id,it1_0.transaction_type from inventory_transactions it1_0 where it1_0.id=?
Hibernate: select c1_0.id,c1_0.alternate_phone,c1_0.billing_address,c1_0.city,c1_0.company_name,c1_0.country,c1_0.created_at,c1_0.customer_number,c1_0.customer_type,c1_0.email,c1_0.first_name,c1_0.last_name,c1_0.notes,c1_0.phone,c1_0.shipping_address,c1_0.state,c1_0.status,c1_0.tenant_id,c1_0.updated_at,c1_0.zip_code from customers c1_0 where c1_0.id=?
Hibernate: select e1_0.id,e1_0.city,e1_0.created_at,e1_0.customer_id,e1_0.end_time,e1_0.event_date,e1_0.event_name,e1_0.event_type,e1_0.guest_count,e1_0.special_instructions,e1_0.start_time,e1_0.state,e1_0.status,e1_0.tenant_id,e1_0.updated_at,e1_0.venue_address,e1_0.venue_name,e1_0.zip_code from events e1_0 where e1_0.id=?
Hibernate: insert into booking (balance_due,booking_date,booking_number,breakdown_fee,created_at,created_by,customer_id,delivery_fee,deposit_paid,deposit_required,discount_amount,event_id,internal_notes,notes,pickup_fee,quote_id,rental_end_date_time,rental_start_date_time,service_fee,setup_fee,status,subtotal,tax_amount,tenant_id,total_amount,updated_at,id) values (?,?,?,?,?,?,?,?,?,?,?,?,?,?,?,?,?,?,?,?,?,?,?,?,?,?,?)
Hibernate: insert into booking_item (booking_id,created_at,description,line_subtotal,product_id,quantity,rental_end_date_time,rental_start_date_time,unit_price,updated_at,id) values (?,?,?,?,?,?,?,?,?,?,?)
Hibernate: insert into inventory_reservations (booking_id,created_at,end_date_time,event_id,product_id,quantity,start_date_time,status,tenant_id,updated_at,id) values (?,?,?,?,?,?,?,?,?,?,?)
Hibernate: insert into inventory_transactions (created_at,created_by,notes,product_id,quantity,reference_id,reference_type,tenant_id,transaction_type,id) values (?,?,?,?,?,?,?,?,?,?)
Hibernate: select bi1_0.id,bi1_0.booking_id,bi1_0.created_at,bi1_0.description,bi1_0.line_subtotal,bi1_0.product_id,bi1_0.quantity,bi1_0.rental_end_date_time,bi1_0.rental_start_date_time,bi1_0.unit_price,bi1_0.updated_at from booking_item bi1_0 where bi1_0.booking_id=?
Hibernate: select ir1_0.id,ir1_0.booking_id,ir1_0.created_at,ir1_0.end_date_time,ir1_0.event_id,ir1_0.product_id,ir1_0.quantity,ir1_0.start_date_time,ir1_0.status,ir1_0.tenant_id,ir1_0.updated_at from inventory_reservations ir1_0 where ir1_0.tenant_id=?
Hibernate: select b1_0.id,b1_0.balance_due,b1_0.booking_date,b1_0.booking_number,b1_0.breakdown_fee,b1_0.created_at,b1_0.created_by,b1_0.customer_id,b1_0.delivery_fee,b1_0.deposit_paid,b1_0.deposit_required,b1_0.discount_amount,b1_0.event_id,b1_0.internal_notes,b1_0.notes,b1_0.pickup_fee,b1_0.quote_id,b1_0.rental_end_date_time,b1_0.rental_start_date_time,b1_0.service_fee,b1_0.setup_fee,b1_0.status,b1_0.subtotal,b1_0.tax_amount,b1_0.tenant_id,b1_0.total_amount,b1_0.updated_at from booking b1_0 where b1_0.tenant_id=? and b1_0.id=?
]]></system-out>
  </testcase>
</testsuite>